2020-02-03 12:11:47,423 - [basepage.py-->line:50] - INFO:等待登录页面_手机号输入框可见
2020-02-03 12:11:47,506 - [basepage.py-->line:60] - INFO:等待登录页面_手机号输入框可见成功，共等待0:00:00.082005
2020-02-03 12:11:47,507 - [basepage.py-->line:69] - INFO:查找登录页面_手机号输入框可见
2020-02-03 12:11:47,890 - [basepage.py-->line:117] - INFO:登录页面_手机号输入框输入内容成功
2020-02-03 12:11:47,891 - [basepage.py-->line:50] - INFO:等待登录页面_密码输入框可见
2020-02-03 12:11:47,977 - [basepage.py-->line:60] - INFO:等待登录页面_密码输入框可见成功，共等待0:00:00.085005
2020-02-03 12:11:47,979 - [basepage.py-->line:69] - INFO:查找登录页面_密码输入框可见
2020-02-03 12:11:48,845 - [basepage.py-->line:117] - INFO:登录页面_密码输入框输入内容成功
2020-02-03 12:11:48,846 - [basepage.py-->line:50] - INFO:等待登录页面_登录按钮可见
2020-02-03 12:11:48,927 - [basepage.py-->line:60] - INFO:等待登录页面_登录按钮可见成功，共等待0:00:00.081005
2020-02-03 12:11:48,928 - [basepage.py-->line:69] - INFO:查找登录页面_登录按钮可见
2020-02-03 12:11:48,952 - [basepage.py-->line:90] - INFO:点击登录页面_登录按钮元素
2020-02-03 12:11:53,642 - [test_01_login.py-->line:20] - INFO:正常登陆案例通过
2020-02-03 12:12:11,505 - [basepage.py-->line:50] - INFO:等待登录页面_手机号输入框可见
2020-02-03 12:12:11,573 - [basepage.py-->line:60] - INFO:等待登录页面_手机号输入框可见成功，共等待0:00:00.068004
2020-02-03 12:12:11,573 - [basepage.py-->line:69] - INFO:查找登录页面_手机号输入框可见
2020-02-03 12:12:11,783 - [basepage.py-->line:117] - INFO:登录页面_手机号输入框输入内容成功
2020-02-03 12:12:11,784 - [basepage.py-->line:50] - INFO:等待登录页面_密码输入框可见
2020-02-03 12:12:11,849 - [basepage.py-->line:60] - INFO:等待登录页面_密码输入框可见成功，共等待0:00:00.065004
2020-02-03 12:12:11,849 - [basepage.py-->line:69] - INFO:查找登录页面_密码输入框可见
2020-02-03 12:12:12,094 - [basepage.py-->line:117] - INFO:登录页面_密码输入框输入内容成功
2020-02-03 12:12:12,095 - [basepage.py-->line:50] - INFO:等待登录页面_登录按钮可见
2020-02-03 12:12:12,158 - [basepage.py-->line:60] - INFO:等待登录页面_登录按钮可见成功，共等待0:00:00.063004
2020-02-03 12:12:12,159 - [basepage.py-->line:69] - INFO:查找登录页面_登录按钮可见
2020-02-03 12:12:12,182 - [basepage.py-->line:90] - INFO:点击登录页面_登录按钮元素
2020-02-03 12:12:12,500 - [basepage.py-->line:50] - INFO:等待登录页面_账号错误提示语可见
2020-02-03 12:12:12,558 - [basepage.py-->line:60] - INFO:等待登录页面_账号错误提示语可见成功，共等待0:00:00.057004
2020-02-03 12:12:12,559 - [basepage.py-->line:69] - INFO:查找登录页面_账号错误提示语可见
2020-02-03 12:12:12,577 - [basepage.py-->line:130] - INFO:获取登录页面_账号错误提示语文本内容
2020-02-03 12:12:12,634 - [basepage.py-->line:138] - INFO:登录页面_账号错误提示语获取文本成功
2020-02-03 12:12:12,635 - [test_01_login.py-->line:25] - INFO:手机号不正确，密码正确案例通过
2020-02-03 12:12:27,742 - [basepage.py-->line:50] - INFO:等待登录页面_手机号输入框可见
2020-02-03 12:12:27,822 - [basepage.py-->line:60] - INFO:等待登录页面_手机号输入框可见成功，共等待0:00:00.079005
2020-02-03 12:12:27,823 - [basepage.py-->line:69] - INFO:查找登录页面_手机号输入框可见
2020-02-03 12:12:28,159 - [basepage.py-->line:117] - INFO:登录页面_手机号输入框输入内容成功
2020-02-03 12:12:28,159 - [basepage.py-->line:50] - INFO:等待登录页面_密码输入框可见
2020-02-03 12:12:28,247 - [basepage.py-->line:60] - INFO:等待登录页面_密码输入框可见成功，共等待0:00:00.087005
2020-02-03 12:12:28,247 - [basepage.py-->line:69] - INFO:查找登录页面_密码输入框可见
2020-02-03 12:12:28,620 - [basepage.py-->line:117] - INFO:登录页面_密码输入框输入内容成功
2020-02-03 12:12:28,621 - [basepage.py-->line:50] - INFO:等待登录页面_登录按钮可见
2020-02-03 12:12:28,696 - [basepage.py-->line:60] - INFO:等待登录页面_登录按钮可见成功，共等待0:00:00.075005
2020-02-03 12:12:28,697 - [basepage.py-->line:69] - INFO:查找登录页面_登录按钮可见
2020-02-03 12:12:28,716 - [basepage.py-->line:90] - INFO:点击登录页面_登录按钮元素
2020-02-03 12:12:28,936 - [basepage.py-->line:69] - INFO:查找清空手机号可见
2020-02-03 12:12:29,055 - [basepage.py-->line:69] - INFO:查找清空密码可见
2020-02-03 12:12:29,149 - [basepage.py-->line:50] - INFO:等待登录页面_手机号输入框可见
2020-02-03 12:12:29,192 - [basepage.py-->line:60] - INFO:等待登录页面_手机号输入框可见成功，共等待0:00:00.042002
2020-02-03 12:12:29,192 - [basepage.py-->line:69] - INFO:查找登录页面_手机号输入框可见
2020-02-03 12:12:29,256 - [basepage.py-->line:117] - INFO:登录页面_手机号输入框输入内容成功
2020-02-03 12:12:29,256 - [basepage.py-->line:50] - INFO:等待登录页面_密码输入框可见
2020-02-03 12:12:29,295 - [basepage.py-->line:60] - INFO:等待登录页面_密码输入框可见成功，共等待0:00:00.039002
2020-02-03 12:12:29,295 - [basepage.py-->line:69] - INFO:查找登录页面_密码输入框可见
2020-02-03 12:12:29,503 - [basepage.py-->line:117] - INFO:登录页面_密码输入框输入内容成功
2020-02-03 12:12:29,503 - [basepage.py-->line:50] - INFO:等待登录页面_登录按钮可见
2020-02-03 12:12:29,546 - [basepage.py-->line:60] - INFO:等待登录页面_登录按钮可见成功，共等待0:00:00.043002
2020-02-03 12:12:29,546 - [basepage.py-->line:69] - INFO:查找登录页面_登录按钮可见
2020-02-03 12:12:29,566 - [basepage.py-->line:90] - INFO:点击登录页面_登录按钮元素
2020-02-03 12:12:29,703 - [basepage.py-->line:50] - INFO:等待登录页面_账号错误提示语可见
2020-02-03 12:12:29,753 - [basepage.py-->line:60] - INFO:等待登录页面_账号错误提示语可见成功，共等待0:00:00.050003
2020-02-03 12:12:29,753 - [basepage.py-->line:69] - INFO:查找登录页面_账号错误提示语可见
2020-02-03 12:12:29,772 - [basepage.py-->line:130] - INFO:获取登录页面_账号错误提示语文本内容
2020-02-03 12:12:29,802 - [basepage.py-->line:138] - INFO:登录页面_账号错误提示语获取文本成功
2020-02-03 12:12:29,803 - [test_01_login.py-->line:33] - INFO:手机号为空，密码正确案例通过
2020-02-03 12:12:48,080 - [basepage.py-->line:50] - INFO:等待登录页面_手机号输入框可见
2020-02-03 12:12:48,153 - [basepage.py-->line:60] - INFO:等待登录页面_手机号输入框可见成功，共等待0:00:00.072004
2020-02-03 12:12:48,153 - [basepage.py-->line:69] - INFO:查找登录页面_手机号输入框可见
2020-02-03 12:12:48,405 - [basepage.py-->line:117] - INFO:登录页面_手机号输入框输入内容成功
2020-02-03 12:12:48,405 - [basepage.py-->line:50] - INFO:等待登录页面_密码输入框可见
2020-02-03 12:12:48,483 - [basepage.py-->line:60] - INFO:等待登录页面_密码输入框可见成功，共等待0:00:00.078004
2020-02-03 12:12:48,483 - [basepage.py-->line:69] - INFO:查找登录页面_密码输入框可见
2020-02-03 12:12:48,940 - [basepage.py-->line:117] - INFO:登录页面_密码输入框输入内容成功
2020-02-03 12:12:48,940 - [basepage.py-->line:50] - INFO:等待登录页面_登录按钮可见
2020-02-03 12:12:49,022 - [basepage.py-->line:60] - INFO:等待登录页面_登录按钮可见成功，共等待0:00:00.081004
2020-02-03 12:12:49,022 - [basepage.py-->line:69] - INFO:查找登录页面_登录按钮可见
2020-02-03 12:12:49,044 - [basepage.py-->line:90] - INFO:点击登录页面_登录按钮元素
2020-02-03 12:12:49,273 - [basepage.py-->line:69] - INFO:查找清空手机号可见
2020-02-03 12:12:49,403 - [basepage.py-->line:69] - INFO:查找清空密码可见
2020-02-03 12:12:49,508 - [basepage.py-->line:50] - INFO:等待登录页面_手机号输入框可见
2020-02-03 12:12:49,547 - [basepage.py-->line:60] - INFO:等待登录页面_手机号输入框可见成功，共等待0:00:00.038002
2020-02-03 12:12:49,547 - [basepage.py-->line:69] - INFO:查找登录页面_手机号输入框可见
2020-02-03 12:12:49,702 - [basepage.py-->line:117] - INFO:登录页面_手机号输入框输入内容成功
2020-02-03 12:12:49,702 - [basepage.py-->line:50] - INFO:等待登录页面_密码输入框可见
2020-02-03 12:12:49,745 - [basepage.py-->line:60] - INFO:等待登录页面_密码输入框可见成功，共等待0:00:00.043002
2020-02-03 12:12:49,745 - [basepage.py-->line:69] - INFO:查找登录页面_密码输入框可见
2020-02-03 12:12:49,830 - [basepage.py-->line:117] - INFO:登录页面_密码输入框输入内容成功
2020-02-03 12:12:49,830 - [basepage.py-->line:50] - INFO:等待登录页面_登录按钮可见
2020-02-03 12:12:49,882 - [basepage.py-->line:60] - INFO:等待登录页面_登录按钮可见成功，共等待0:00:00.052003
2020-02-03 12:12:49,882 - [basepage.py-->line:69] - INFO:查找登录页面_登录按钮可见
2020-02-03 12:12:49,900 - [basepage.py-->line:90] - INFO:点击登录页面_登录按钮元素
2020-02-03 12:12:50,117 - [basepage.py-->line:50] - INFO:等待登录页面_账号错误提示语可见
2020-02-03 12:12:50,172 - [basepage.py-->line:60] - INFO:等待登录页面_账号错误提示语可见成功，共等待0:00:00.055003
2020-02-03 12:12:50,172 - [basepage.py-->line:69] - INFO:查找登录页面_账号错误提示语可见
2020-02-03 12:12:50,191 - [basepage.py-->line:130] - INFO:获取登录页面_账号错误提示语文本内容
2020-02-03 12:12:50,224 - [basepage.py-->line:138] - INFO:登录页面_账号错误提示语获取文本成功
2020-02-03 12:12:50,225 - [test_01_login.py-->line:41] - INFO:手机号正确，密码为空案例通过
2020-02-03 12:13:05,346 - [basepage.py-->line:50] - INFO:等待登录页面_手机号输入框可见
2020-02-03 12:13:05,449 - [basepage.py-->line:60] - INFO:等待登录页面_手机号输入框可见成功，共等待0:00:00.102006
2020-02-03 12:13:05,450 - [basepage.py-->line:69] - INFO:查找登录页面_手机号输入框可见
2020-02-03 12:13:05,690 - [basepage.py-->line:117] - INFO:登录页面_手机号输入框输入内容成功
2020-02-03 12:13:05,690 - [basepage.py-->line:50] - INFO:等待登录页面_密码输入框可见
2020-02-03 12:13:05,760 - [basepage.py-->line:60] - INFO:等待登录页面_密码输入框可见成功，共等待0:00:00.070004
2020-02-03 12:13:05,761 - [basepage.py-->line:69] - INFO:查找登录页面_密码输入框可见
2020-02-03 12:13:06,055 - [basepage.py-->line:117] - INFO:登录页面_密码输入框输入内容成功
2020-02-03 12:13:06,056 - [basepage.py-->line:50] - INFO:等待登录页面_登录按钮可见
2020-02-03 12:13:06,139 - [basepage.py-->line:60] - INFO:等待登录页面_登录按钮可见成功，共等待0:00:00.083005
2020-02-03 12:13:06,139 - [basepage.py-->line:69] - INFO:查找登录页面_登录按钮可见
2020-02-03 12:13:06,162 - [basepage.py-->line:90] - INFO:点击登录页面_登录按钮元素
2020-02-03 12:13:07,989 - [basepage.py-->line:50] - INFO:等待登录成功后_弹窗关闭按钮可见
2020-02-03 12:13:08,049 - [basepage.py-->line:60] - INFO:等待登录成功后_弹窗关闭按钮可见成功，共等待0:00:00.060003
2020-02-03 12:13:08,050 - [basepage.py-->line:69] - INFO:查找登录成功后_弹窗关闭按钮可见
2020-02-03 12:13:08,066 - [basepage.py-->line:90] - INFO:点击登录成功后_弹窗关闭按钮元素
2020-02-03 12:13:08,286 - [basepage.py-->line:50] - INFO:等待加课页_加课按钮可见
2020-02-03 12:13:08,366 - [basepage.py-->line:60] - INFO:等待加课页_加课按钮可见成功，共等待0:00:00.080005
2020-02-03 12:13:08,367 - [basepage.py-->line:69] - INFO:查找加课页_加课按钮可见
2020-02-03 12:13:08,386 - [basepage.py-->line:90] - INFO:点击加课页_加课按钮元素
2020-02-03 12:13:09,172 - [basepage.py-->line:50] - INFO:等待加课弹窗_输入加课码可见
2020-02-03 12:13:09,242 - [basepage.py-->line:60] - INFO:等待加课弹窗_输入加课码可见成功，共等待0:00:00.069004
2020-02-03 12:13:09,242 - [basepage.py-->line:69] - INFO:查找加课弹窗_输入加课码可见
2020-02-03 12:13:09,450 - [basepage.py-->line:117] - INFO:加课弹窗_输入加课码输入内容成功
2020-02-03 12:13:09,451 - [basepage.py-->line:50] - INFO:等待加课弹窗_确定按钮可见
2020-02-03 12:13:09,546 - [basepage.py-->line:60] - INFO:等待加课弹窗_确定按钮可见成功，共等待0:00:00.094005
2020-02-03 12:13:09,546 - [basepage.py-->line:69] - INFO:查找加课弹窗_确定按钮可见
2020-02-03 12:13:09,579 - [basepage.py-->line:90] - INFO:点击加课弹窗_确定按钮元素
2020-02-03 12:13:09,915 - [basepage.py-->line:50] - INFO:等待加课成功/失败_提示语可见
2020-02-03 12:13:10,538 - [basepage.py-->line:60] - INFO:等待加课成功/失败_提示语可见成功，共等待0:00:00.623036
2020-02-03 12:13:10,539 - [basepage.py-->line:69] - INFO:查找加课成功/失败_提示语可见
2020-02-03 12:13:10,570 - [basepage.py-->line:130] - INFO:获取加课成功/失败_提示语文本内容
2020-02-03 12:13:10,623 - [basepage.py-->line:138] - INFO:加课成功/失败_提示语获取文本成功
2020-02-03 12:13:25,198 - [basepage.py-->line:50] - INFO:等待登录页面_手机号输入框可见
2020-02-03 12:13:25,265 - [basepage.py-->line:60] - INFO:等待登录页面_手机号输入框可见成功，共等待0:00:00.066004
2020-02-03 12:13:25,266 - [basepage.py-->line:69] - INFO:查找登录页面_手机号输入框可见
2020-02-03 12:13:25,500 - [basepage.py-->line:117] - INFO:登录页面_手机号输入框输入内容成功
2020-02-03 12:13:25,500 - [basepage.py-->line:50] - INFO:等待登录页面_密码输入框可见
2020-02-03 12:13:25,569 - [basepage.py-->line:60] - INFO:等待登录页面_密码输入框可见成功，共等待0:00:00.069004
2020-02-03 12:13:25,570 - [basepage.py-->line:69] - INFO:查找登录页面_密码输入框可见
2020-02-03 12:13:25,882 - [basepage.py-->line:117] - INFO:登录页面_密码输入框输入内容成功
2020-02-03 12:13:25,883 - [basepage.py-->line:50] - INFO:等待登录页面_登录按钮可见
2020-02-03 12:13:25,950 - [basepage.py-->line:60] - INFO:等待登录页面_登录按钮可见成功，共等待0:00:00.067004
2020-02-03 12:13:25,951 - [basepage.py-->line:69] - INFO:查找登录页面_登录按钮可见
2020-02-03 12:13:25,973 - [basepage.py-->line:90] - INFO:点击登录页面_登录按钮元素
2020-02-03 12:13:28,297 - [basepage.py-->line:50] - INFO:等待登录成功后_弹窗关闭按钮可见
2020-02-03 12:13:28,368 - [basepage.py-->line:60] - INFO:等待登录成功后_弹窗关闭按钮可见成功，共等待0:00:00.071004
2020-02-03 12:13:28,369 - [basepage.py-->line:69] - INFO:查找登录成功后_弹窗关闭按钮可见
2020-02-03 12:13:28,390 - [basepage.py-->line:90] - INFO:点击登录成功后_弹窗关闭按钮元素
2020-02-03 12:13:28,649 - [basepage.py-->line:50] - INFO:等待加课页_加课按钮可见
2020-02-03 12:13:28,734 - [basepage.py-->line:60] - INFO:等待加课页_加课按钮可见成功，共等待0:00:00.085005
2020-02-03 12:13:28,735 - [basepage.py-->line:69] - INFO:查找加课页_加课按钮可见
2020-02-03 12:13:28,757 - [basepage.py-->line:90] - INFO:点击加课页_加课按钮元素
2020-02-03 12:13:29,138 - [basepage.py-->line:50] - INFO:等待加课弹窗_输入加课码可见
2020-02-03 12:13:29,230 - [basepage.py-->line:60] - INFO:等待加课弹窗_输入加课码可见成功，共等待0:00:00.091005
2020-02-03 12:13:29,230 - [basepage.py-->line:69] - INFO:查找加课弹窗_输入加课码可见
2020-02-03 12:13:29,463 - [basepage.py-->line:117] - INFO:加课弹窗_输入加课码输入内容成功
2020-02-03 12:13:29,464 - [basepage.py-->line:50] - INFO:等待加课弹窗_确定按钮可见
2020-02-03 12:13:29,536 - [basepage.py-->line:60] - INFO:等待加课弹窗_确定按钮可见成功，共等待0:00:00.072004
2020-02-03 12:13:29,536 - [basepage.py-->line:69] - INFO:查找加课弹窗_确定按钮可见
2020-02-03 12:13:29,555 - [basepage.py-->line:90] - INFO:点击加课弹窗_确定按钮元素
2020-02-03 12:13:29,799 - [basepage.py-->line:50] - INFO:等待加课成功/失败_提示语可见
2020-02-03 12:13:29,898 - [basepage.py-->line:60] - INFO:等待加课成功/失败_提示语可见成功，共等待0:00:00.099006
2020-02-03 12:13:29,899 - [basepage.py-->line:69] - INFO:查找加课成功/失败_提示语可见
2020-02-03 12:13:29,919 - [basepage.py-->line:130] - INFO:获取加课成功/失败_提示语文本内容
2020-02-03 12:13:29,965 - [basepage.py-->line:138] - INFO:加课成功/失败_提示语获取文本成功
2020-02-03 12:13:43,290 - [basepage.py-->line:50] - INFO:等待登录页面_手机号输入框可见
2020-02-03 12:13:43,365 - [basepage.py-->line:60] - INFO:等待登录页面_手机号输入框可见成功，共等待0:00:00.074004
2020-02-03 12:13:43,365 - [basepage.py-->line:69] - INFO:查找登录页面_手机号输入框可见
2020-02-03 12:13:43,572 - [basepage.py-->line:117] - INFO:登录页面_手机号输入框输入内容成功
2020-02-03 12:13:43,572 - [basepage.py-->line:50] - INFO:等待登录页面_密码输入框可见
2020-02-03 12:13:43,639 - [basepage.py-->line:60] - INFO:等待登录页面_密码输入框可见成功，共等待0:00:00.067004
2020-02-03 12:13:43,640 - [basepage.py-->line:69] - INFO:查找登录页面_密码输入框可见
2020-02-03 12:13:43,861 - [basepage.py-->line:117] - INFO:登录页面_密码输入框输入内容成功
2020-02-03 12:13:43,861 - [basepage.py-->line:50] - INFO:等待登录页面_登录按钮可见
2020-02-03 12:13:43,954 - [basepage.py-->line:60] - INFO:等待登录页面_登录按钮可见成功，共等待0:00:00.093005
2020-02-03 12:13:43,954 - [basepage.py-->line:69] - INFO:查找登录页面_登录按钮可见
2020-02-03 12:13:43,972 - [basepage.py-->line:90] - INFO:点击登录页面_登录按钮元素
2020-02-03 12:13:44,175 - [basepage.py-->line:50] - INFO:等待登录成功后_弹窗关闭按钮可见
2020-02-03 12:13:45,833 - [basepage.py-->line:60] - INFO:等待登录成功后_弹窗关闭按钮可见成功，共等待0:00:01.658095
2020-02-03 12:13:45,833 - [basepage.py-->line:69] - INFO:查找登录成功后_弹窗关闭按钮可见
2020-02-03 12:13:45,850 - [basepage.py-->line:90] - INFO:点击登录成功后_弹窗关闭按钮元素
2020-02-03 12:13:46,039 - [basepage.py-->line:50] - INFO:等待加课页_加课按钮可见
2020-02-03 12:13:46,137 - [basepage.py-->line:60] - INFO:等待加课页_加课按钮可见成功，共等待0:00:00.098006
2020-02-03 12:13:46,137 - [basepage.py-->line:69] - INFO:查找加课页_加课按钮可见
2020-02-03 12:13:46,175 - [basepage.py-->line:90] - INFO:点击加课页_加课按钮元素
2020-02-03 12:13:46,614 - [basepage.py-->line:50] - INFO:等待加课弹窗_输入加课码可见
2020-02-03 12:13:46,712 - [basepage.py-->line:60] - INFO:等待加课弹窗_输入加课码可见成功，共等待0:00:00.097006
2020-02-03 12:13:46,712 - [basepage.py-->line:69] - INFO:查找加课弹窗_输入加课码可见
2020-02-03 12:13:46,949 - [basepage.py-->line:117] - INFO:加课弹窗_输入加课码输入内容成功
2020-02-03 12:13:46,950 - [basepage.py-->line:50] - INFO:等待加课弹窗_确定按钮可见
2020-02-03 12:13:47,036 - [basepage.py-->line:60] - INFO:等待加课弹窗_确定按钮可见成功，共等待0:00:00.086005
2020-02-03 12:13:47,036 - [basepage.py-->line:69] - INFO:查找加课弹窗_确定按钮可见
2020-02-03 12:13:47,066 - [basepage.py-->line:90] - INFO:点击加课弹窗_确定按钮元素
2020-02-03 12:13:47,411 - [basepage.py-->line:50] - INFO:等待加课成功/失败_提示语可见
2020-02-03 12:13:47,540 - [basepage.py-->line:60] - INFO:等待加课成功/失败_提示语可见成功，共等待0:00:00.129007
2020-02-03 12:13:47,541 - [basepage.py-->line:69] - INFO:查找加课成功/失败_提示语可见
2020-02-03 12:13:47,568 - [basepage.py-->line:130] - INFO:获取加课成功/失败_提示语文本内容
2020-02-03 12:13:47,696 - [basepage.py-->line:138] - INFO:加课成功/失败_提示语获取文本成功
2020-02-03 12:14:07,068 - [basepage.py-->line:50] - INFO:等待登录页面_手机号输入框可见
2020-02-03 12:14:07,152 - [basepage.py-->line:60] - INFO:等待登录页面_手机号输入框可见成功，共等待0:00:00.082005
2020-02-03 12:14:07,152 - [basepage.py-->line:69] - INFO:查找登录页面_手机号输入框可见
2020-02-03 12:14:07,514 - [basepage.py-->line:117] - INFO:登录页面_手机号输入框输入内容成功
2020-02-03 12:14:07,515 - [basepage.py-->line:50] - INFO:等待登录页面_密码输入框可见
2020-02-03 12:14:07,604 - [basepage.py-->line:60] - INFO:等待登录页面_密码输入框可见成功，共等待0:00:00.089005
2020-02-03 12:14:07,605 - [basepage.py-->line:69] - INFO:查找登录页面_密码输入框可见
2020-02-03 12:14:07,851 - [basepage.py-->line:117] - INFO:登录页面_密码输入框输入内容成功
2020-02-03 12:14:07,851 - [basepage.py-->line:50] - INFO:等待登录页面_登录按钮可见
2020-02-03 12:14:07,910 - [basepage.py-->line:60] - INFO:等待登录页面_登录按钮可见成功，共等待0:00:00.058003
2020-02-03 12:14:07,911 - [basepage.py-->line:69] - INFO:查找登录页面_登录按钮可见
2020-02-03 12:14:07,934 - [basepage.py-->line:90] - INFO:点击登录页面_登录按钮元素
2020-02-03 12:14:08,179 - [basepage.py-->line:50] - INFO:等待登录成功后_弹窗关闭按钮可见
2020-02-03 12:14:10,981 - [basepage.py-->line:60] - INFO:等待登录成功后_弹窗关闭按钮可见成功，共等待0:00:02.801160
2020-02-03 12:14:10,982 - [basepage.py-->line:69] - INFO:查找登录成功后_弹窗关闭按钮可见
2020-02-03 12:14:11,017 - [basepage.py-->line:90] - INFO:点击登录成功后_弹窗关闭按钮元素
2020-02-03 12:14:11,290 - [basepage.py-->line:50] - INFO:等待加课页_加课按钮可见
2020-02-03 12:14:11,383 - [basepage.py-->line:60] - INFO:等待加课页_加课按钮可见成功，共等待0:00:00.092005
2020-02-03 12:14:11,383 - [basepage.py-->line:69] - INFO:查找加课页_加课按钮可见
2020-02-03 12:14:11,405 - [basepage.py-->line:90] - INFO:点击加课页_加课按钮元素
2020-02-03 12:14:11,702 - [basepage.py-->line:50] - INFO:等待加课弹窗_输入加课码可见
2020-02-03 12:14:11,768 - [basepage.py-->line:60] - INFO:等待加课弹窗_输入加课码可见成功，共等待0:00:00.066004
2020-02-03 12:14:11,769 - [basepage.py-->line:69] - INFO:查找加课弹窗_输入加课码可见
2020-02-03 12:14:12,054 - [basepage.py-->line:117] - INFO:加课弹窗_输入加课码输入内容成功
2020-02-03 12:14:12,055 - [basepage.py-->line:50] - INFO:等待加课弹窗_确定按钮可见
2020-02-03 12:14:12,118 - [basepage.py-->line:60] - INFO:等待加课弹窗_确定按钮可见成功，共等待0:00:00.063004
2020-02-03 12:14:12,118 - [basepage.py-->line:69] - INFO:查找加课弹窗_确定按钮可见
2020-02-03 12:14:12,137 - [basepage.py-->line:90] - INFO:点击加课弹窗_确定按钮元素
2020-02-03 12:14:12,297 - [basepage.py-->line:50] - INFO:等待加课成功/失败_提示语可见
2020-02-03 12:14:12,872 - [basepage.py-->line:60] - INFO:等待加课成功/失败_提示语可见成功，共等待0:00:00.575033
2020-02-03 12:14:12,873 - [basepage.py-->line:69] - INFO:查找加课成功/失败_提示语可见
2020-02-03 12:14:12,894 - [basepage.py-->line:130] - INFO:获取加课成功/失败_提示语文本内容
2020-02-03 12:14:12,932 - [basepage.py-->line:138] - INFO:加课成功/失败_提示语获取文本成功
2020-02-03 12:14:25,993 - [basepage.py-->line:50] - INFO:等待登录页面_手机号输入框可见
2020-02-03 12:14:26,066 - [basepage.py-->line:60] - INFO:等待登录页面_手机号输入框可见成功，共等待0:00:00.073004
2020-02-03 12:14:26,067 - [basepage.py-->line:69] - INFO:查找登录页面_手机号输入框可见
2020-02-03 12:14:26,291 - [basepage.py-->line:117] - INFO:登录页面_手机号输入框输入内容成功
2020-02-03 12:14:26,291 - [basepage.py-->line:50] - INFO:等待登录页面_密码输入框可见
2020-02-03 12:14:26,355 - [basepage.py-->line:60] - INFO:等待登录页面_密码输入框可见成功，共等待0:00:00.063003
2020-02-03 12:14:26,356 - [basepage.py-->line:69] - INFO:查找登录页面_密码输入框可见
2020-02-03 12:14:26,630 - [basepage.py-->line:117] - INFO:登录页面_密码输入框输入内容成功
2020-02-03 12:14:26,631 - [basepage.py-->line:50] - INFO:等待登录页面_登录按钮可见
2020-02-03 12:14:26,692 - [basepage.py-->line:60] - INFO:等待登录页面_登录按钮可见成功，共等待0:00:00.061004
2020-02-03 12:14:26,693 - [basepage.py-->line:69] - INFO:查找登录页面_登录按钮可见
2020-02-03 12:14:26,711 - [basepage.py-->line:90] - INFO:点击登录页面_登录按钮元素
2020-02-03 12:14:26,936 - [basepage.py-->line:50] - INFO:等待登录成功后_弹窗关闭按钮可见
2020-02-03 12:14:28,546 - [basepage.py-->line:60] - INFO:等待登录成功后_弹窗关闭按钮可见成功，共等待0:00:01.610093
2020-02-03 12:14:28,546 - [basepage.py-->line:69] - INFO:查找登录成功后_弹窗关闭按钮可见
2020-02-03 12:14:28,563 - [basepage.py-->line:90] - INFO:点击登录成功后_弹窗关闭按钮元素
2020-02-03 12:14:28,768 - [basepage.py-->line:50] - INFO:等待加课页面_更多按钮可见
2020-02-03 12:14:28,838 - [basepage.py-->line:60] - INFO:等待加课页面_更多按钮可见成功，共等待0:00:00.069004
2020-02-03 12:14:28,839 - [basepage.py-->line:69] - INFO:查找加课页面_更多按钮可见
2020-02-03 12:14:28,856 - [basepage.py-->line:90] - INFO:点击加课页面_更多按钮元素
2020-02-03 12:14:29,489 - [basepage.py-->line:50] - INFO:等待加课页面_退课按钮可见
2020-02-03 12:14:29,566 - [basepage.py-->line:60] - INFO:等待加课页面_退课按钮可见成功，共等待0:00:00.076004
2020-02-03 12:14:29,566 - [basepage.py-->line:69] - INFO:查找加课页面_退课按钮可见
2020-02-03 12:14:29,591 - [basepage.py-->line:90] - INFO:点击加课页面_退课按钮元素
2020-02-03 12:14:29,968 - [basepage.py-->line:50] - INFO:等待退课弹窗_密码输入框可见
2020-02-03 12:14:30,041 - [basepage.py-->line:60] - INFO:等待退课弹窗_密码输入框可见成功，共等待0:00:00.072004
2020-02-03 12:14:30,042 - [basepage.py-->line:69] - INFO:查找退课弹窗_密码输入框可见
2020-02-03 12:14:30,128 - [basepage.py-->line:117] - INFO:退课弹窗_密码输入框输入内容成功
2020-02-03 12:14:30,128 - [basepage.py-->line:50] - INFO:等待退课弹窗_确定按钮可见
2020-02-03 12:14:30,211 - [basepage.py-->line:60] - INFO:等待退课弹窗_确定按钮可见成功，共等待0:00:00.082005
2020-02-03 12:14:30,212 - [basepage.py-->line:69] - INFO:查找退课弹窗_确定按钮可见
2020-02-03 12:14:30,244 - [basepage.py-->line:90] - INFO:点击退课弹窗_确定按钮元素
2020-02-03 12:14:30,697 - [basepage.py-->line:50] - INFO:等待加课成功/失败_提示语可见
2020-02-03 12:14:30,785 - [basepage.py-->line:60] - INFO:等待加课成功/失败_提示语可见成功，共等待0:00:00.086005
2020-02-03 12:14:30,785 - [basepage.py-->line:69] - INFO:查找加课成功/失败_提示语可见
2020-02-03 12:14:30,808 - [basepage.py-->line:130] - INFO:获取加课成功/失败_提示语文本内容
2020-02-03 12:14:30,871 - [basepage.py-->line:138] - INFO:加课成功/失败_提示语获取文本成功
2020-02-03 12:14:43,638 - [basepage.py-->line:50] - INFO:等待登录页面_手机号输入框可见
2020-02-03 12:14:43,703 - [basepage.py-->line:60] - INFO:等待登录页面_手机号输入框可见成功，共等待0:00:00.065003
2020-02-03 12:14:43,703 - [basepage.py-->line:69] - INFO:查找登录页面_手机号输入框可见
2020-02-03 12:14:43,944 - [basepage.py-->line:117] - INFO:登录页面_手机号输入框输入内容成功
2020-02-03 12:14:43,945 - [basepage.py-->line:50] - INFO:等待登录页面_密码输入框可见
2020-02-03 12:14:44,013 - [basepage.py-->line:60] - INFO:等待登录页面_密码输入框可见成功，共等待0:00:00.068004
2020-02-03 12:14:44,014 - [basepage.py-->line:69] - INFO:查找登录页面_密码输入框可见
2020-02-03 12:14:44,342 - [basepage.py-->line:117] - INFO:登录页面_密码输入框输入内容成功
2020-02-03 12:14:44,343 - [basepage.py-->line:50] - INFO:等待登录页面_登录按钮可见
2020-02-03 12:14:44,411 - [basepage.py-->line:60] - INFO:等待登录页面_登录按钮可见成功，共等待0:00:00.067004
2020-02-03 12:14:44,411 - [basepage.py-->line:69] - INFO:查找登录页面_登录按钮可见
2020-02-03 12:14:44,431 - [basepage.py-->line:90] - INFO:点击登录页面_登录按钮元素
2020-02-03 12:14:47,271 - [basepage.py-->line:50] - INFO:等待登录成功后_弹窗关闭按钮可见
2020-02-03 12:14:47,363 - [basepage.py-->line:60] - INFO:等待登录成功后_弹窗关闭按钮可见成功，共等待0:00:00.091005
2020-02-03 12:14:47,363 - [basepage.py-->line:69] - INFO:查找登录成功后_弹窗关闭按钮可见
2020-02-03 12:14:47,383 - [basepage.py-->line:90] - INFO:点击登录成功后_弹窗关闭按钮元素
2020-02-03 12:14:47,640 - [basepage.py-->line:50] - INFO:等待加课页面_更多按钮可见
2020-02-03 12:14:47,715 - [basepage.py-->line:60] - INFO:等待加课页面_更多按钮可见成功，共等待0:00:00.074004
2020-02-03 12:14:47,716 - [basepage.py-->line:69] - INFO:查找加课页面_更多按钮可见
2020-02-03 12:14:47,741 - [basepage.py-->line:90] - INFO:点击加课页面_更多按钮元素
2020-02-03 12:14:48,379 - [basepage.py-->line:50] - INFO:等待加课页面_退课按钮可见
2020-02-03 12:14:48,445 - [basepage.py-->line:60] - INFO:等待加课页面_退课按钮可见成功，共等待0:00:00.065004
2020-02-03 12:14:48,445 - [basepage.py-->line:69] - INFO:查找加课页面_退课按钮可见
2020-02-03 12:14:48,466 - [basepage.py-->line:90] - INFO:点击加课页面_退课按钮元素
2020-02-03 12:14:48,784 - [basepage.py-->line:50] - INFO:等待退课弹窗_密码输入框可见
2020-02-03 12:14:48,848 - [basepage.py-->line:60] - INFO:等待退课弹窗_密码输入框可见成功，共等待0:00:00.063004
2020-02-03 12:14:48,848 - [basepage.py-->line:69] - INFO:查找退课弹窗_密码输入框可见
2020-02-03 12:14:49,020 - [basepage.py-->line:117] - INFO:退课弹窗_密码输入框输入内容成功
2020-02-03 12:14:49,021 - [basepage.py-->line:50] - INFO:等待退课弹窗_确定按钮可见
2020-02-03 12:14:49,079 - [basepage.py-->line:60] - INFO:等待退课弹窗_确定按钮可见成功，共等待0:00:00.058003
2020-02-03 12:14:49,079 - [basepage.py-->line:69] - INFO:查找退课弹窗_确定按钮可见
2020-02-03 12:14:49,097 - [basepage.py-->line:90] - INFO:点击退课弹窗_确定按钮元素
2020-02-03 12:14:49,469 - [basepage.py-->line:50] - INFO:等待加课成功/失败_提示语可见
2020-02-03 12:14:49,550 - [basepage.py-->line:60] - INFO:等待加课成功/失败_提示语可见成功，共等待0:00:00.081005
2020-02-03 12:14:49,551 - [basepage.py-->line:69] - INFO:查找加课成功/失败_提示语可见
2020-02-03 12:14:49,569 - [basepage.py-->line:130] - INFO:获取加课成功/失败_提示语文本内容
2020-02-03 12:14:49,607 - [basepage.py-->line:138] - INFO:加课成功/失败_提示语获取文本成功
2020-02-03 12:15:04,266 - [basepage.py-->line:50] - INFO:等待登录页面_手机号输入框可见
2020-02-03 12:15:04,392 - [basepage.py-->line:60] - INFO:等待登录页面_手机号输入框可见成功，共等待0:00:00.125007
2020-02-03 12:15:04,392 - [basepage.py-->line:69] - INFO:查找登录页面_手机号输入框可见
2020-02-03 12:15:04,623 - [basepage.py-->line:117] - INFO:登录页面_手机号输入框输入内容成功
2020-02-03 12:15:04,623 - [basepage.py-->line:50] - INFO:等待登录页面_密码输入框可见
2020-02-03 12:15:04,695 - [basepage.py-->line:60] - INFO:等待登录页面_密码输入框可见成功，共等待0:00:00.071004
2020-02-03 12:15:04,695 - [basepage.py-->line:69] - INFO:查找登录页面_密码输入框可见
2020-02-03 12:15:05,004 - [basepage.py-->line:117] - INFO:登录页面_密码输入框输入内容成功
2020-02-03 12:15:05,005 - [basepage.py-->line:50] - INFO:等待登录页面_登录按钮可见
2020-02-03 12:15:05,082 - [basepage.py-->line:60] - INFO:等待登录页面_登录按钮可见成功，共等待0:00:00.077004
2020-02-03 12:15:05,082 - [basepage.py-->line:69] - INFO:查找登录页面_登录按钮可见
2020-02-03 12:15:05,103 - [basepage.py-->line:90] - INFO:点击登录页面_登录按钮元素
2020-02-03 12:15:05,316 - [basepage.py-->line:50] - INFO:等待登录成功后_弹窗关闭按钮可见
2020-02-03 12:15:07,655 - [basepage.py-->line:60] - INFO:等待登录成功后_弹窗关闭按钮可见成功，共等待0:00:02.339133
2020-02-03 12:15:07,656 - [basepage.py-->line:69] - INFO:查找登录成功后_弹窗关闭按钮可见
2020-02-03 12:15:07,675 - [basepage.py-->line:90] - INFO:点击登录成功后_弹窗关闭按钮元素
2020-02-03 12:15:07,942 - [basepage.py-->line:50] - INFO:等待加课页_加课按钮可见
2020-02-03 12:15:08,043 - [basepage.py-->line:60] - INFO:等待加课页_加课按钮可见成功，共等待0:00:00.100006
2020-02-03 12:15:08,043 - [basepage.py-->line:69] - INFO:查找加课页_加课按钮可见
2020-02-03 12:15:08,062 - [basepage.py-->line:90] - INFO:点击加课页_加课按钮元素
2020-02-03 12:15:08,696 - [basepage.py-->line:50] - INFO:等待加课弹窗_输入加课码可见
2020-02-03 12:15:08,759 - [basepage.py-->line:60] - INFO:等待加课弹窗_输入加课码可见成功，共等待0:00:00.063004
2020-02-03 12:15:08,759 - [basepage.py-->line:69] - INFO:查找加课弹窗_输入加课码可见
2020-02-03 12:15:08,898 - [basepage.py-->line:117] - INFO:加课弹窗_输入加课码输入内容成功
2020-02-03 12:15:08,899 - [basepage.py-->line:50] - INFO:等待加课弹窗_确定按钮可见
2020-02-03 12:15:08,977 - [basepage.py-->line:60] - INFO:等待加课弹窗_确定按钮可见成功，共等待0:00:00.078004
2020-02-03 12:15:08,977 - [basepage.py-->line:69] - INFO:查找加课弹窗_确定按钮可见
2020-02-03 12:15:09,006 - [basepage.py-->line:90] - INFO:点击加课弹窗_确定按钮元素
2020-02-03 12:15:09,283 - [basepage.py-->line:50] - INFO:等待加课页面_课程标题可见
2020-02-03 12:15:09,889 - [basepage.py-->line:60] - INFO:等待加课页面_课程标题可见成功，共等待0:00:00.605034
2020-02-03 12:15:09,890 - [basepage.py-->line:69] - INFO:查找加课页面_课程标题可见
2020-02-03 12:15:09,916 - [basepage.py-->line:90] - INFO:点击加课页面_课程标题元素
2020-02-03 12:15:10,429 - [basepage.py-->line:50] - INFO:等待课程页面_作业按钮可见
2020-02-03 12:15:15,337 - [basepage.py-->line:60] - INFO:等待课程页面_作业按钮可见成功，共等待0:00:04.907281
2020-02-03 12:15:15,338 - [basepage.py-->line:69] - INFO:查找课程页面_作业按钮可见
2020-02-03 12:15:15,442 - [basepage.py-->line:90] - INFO:点击课程页面_作业按钮元素
2020-02-03 12:15:18,769 - [basepage.py-->line:50] - INFO:等待课程作业页面_已提交按钮可见
2020-02-03 12:15:18,846 - [basepage.py-->line:60] - INFO:等待课程作业页面_已提交按钮可见成功，共等待0:00:00.076005
2020-02-03 12:15:18,846 - [basepage.py-->line:69] - INFO:查找课程作业页面_已提交按钮可见
2020-02-03 12:15:18,869 - [basepage.py-->line:90] - INFO:点击课程作业页面_已提交按钮元素
2020-02-03 12:15:20,085 - [basepage.py-->line:50] - INFO:等待上传作业前_更新提交按钮可见
2020-02-03 12:15:20,695 - [basepage.py-->line:60] - INFO:等待上传作业前_更新提交按钮可见成功，共等待0:00:00.609035
2020-02-03 12:15:20,696 - [basepage.py-->line:69] - INFO:查找上传作业前_更新提交按钮可见
2020-02-03 12:15:20,719 - [basepage.py-->line:90] - INFO:点击上传作业前_更新提交按钮元素
2020-02-03 12:15:21,094 - [basepage.py-->line:50] - INFO:等待更新提交确定弹窗_确定按钮可见
2020-02-03 12:15:21,174 - [basepage.py-->line:60] - INFO:等待更新提交确定弹窗_确定按钮可见成功，共等待0:00:00.080005
2020-02-03 12:15:21,175 - [basepage.py-->line:69] - INFO:查找更新提交确定弹窗_确定按钮可见
2020-02-03 12:15:21,198 - [basepage.py-->line:90] - INFO:点击更新提交确定弹窗_确定按钮元素
2020-02-03 12:15:23,563 - [basepage.py-->line:50] - INFO:等待上传页面_点击添加文件按钮可见
2020-02-03 12:15:23,642 - [basepage.py-->line:60] - INFO:等待上传页面_点击添加文件按钮可见成功，共等待0:00:00.079005
2020-02-03 12:15:23,643 - [basepage.py-->line:69] - INFO:查找上传页面_点击添加文件按钮可见
2020-02-03 12:15:23,666 - [basepage.py-->line:90] - INFO:点击上传页面_点击添加文件按钮元素
2020-02-03 12:15:26,217 - [basepage.py-->line:218] - INFO:开始上传文件
2020-02-03 12:15:26,596 - [basepage.py-->line:225] - INFO:上传文件成功
2020-02-03 12:15:29,596 - [basepage.py-->line:50] - INFO:等待上传作业后_更新提交按钮可见
2020-02-03 12:15:29,667 - [basepage.py-->line:60] - INFO:等待上传作业后_更新提交按钮可见成功，共等待0:00:00.071005
2020-02-03 12:15:29,668 - [basepage.py-->line:69] - INFO:查找上传作业后_更新提交按钮可见
2020-02-03 12:15:29,691 - [basepage.py-->line:90] - INFO:点击上传作业后_更新提交按钮元素
2020-02-03 12:15:30,010 - [basepage.py-->line:50] - INFO:等待更新成功_知道了按钮可见
2020-02-03 12:15:30,638 - [basepage.py-->line:60] - INFO:等待更新成功_知道了按钮可见成功，共等待0:00:00.627036
2020-02-03 12:15:30,639 - [basepage.py-->line:69] - INFO:查找更新成功_知道了按钮可见
2020-02-03 12:15:30,669 - [basepage.py-->line:90] - INFO:点击更新成功_知道了按钮元素
2020-02-03 12:15:32,849 - [basepage.py-->line:50] - INFO:等待上传文件名称可见
2020-02-03 12:15:32,918 - [basepage.py-->line:60] - INFO:等待上传文件名称可见成功，共等待0:00:00.069003
2020-02-03 12:15:32,919 - [basepage.py-->line:69] - INFO:查找上传文件名称可见
2020-02-03 12:15:32,944 - [basepage.py-->line:130] - INFO:获取上传文件名称文本内容
2020-02-03 12:15:32,989 - [basepage.py-->line:138] - INFO:上传文件名称获取文本成功
2020-02-03 12:15:32,991 - [basepage.py-->line:50] - INFO:等待上传页面_返回按钮可见
2020-02-03 12:15:33,058 - [basepage.py-->line:60] - INFO:等待上传页面_返回按钮可见成功，共等待0:00:00.066003
2020-02-03 12:15:33,059 - [basepage.py-->line:69] - INFO:查找上传页面_返回按钮可见
2020-02-03 12:15:33,083 - [basepage.py-->line:90] - INFO:点击上传页面_返回按钮元素
2020-02-03 12:15:36,390 - [basepage.py-->line:50] - INFO:等待课程页面_课程按钮可见
2020-02-03 12:15:36,568 - [basepage.py-->line:60] - INFO:等待课程页面_课程按钮可见成功，共等待0:00:00.176010
2020-02-03 12:15:36,569 - [basepage.py-->line:69] - INFO:查找课程页面_课程按钮可见
2020-02-03 12:15:36,593 - [basepage.py-->line:90] - INFO:点击课程页面_课程按钮元素
2020-02-03 12:15:40,680 - [basepage.py-->line:50] - INFO:等待加课页面_更多按钮可见
2020-02-03 12:15:40,837 - [basepage.py-->line:60] - INFO:等待加课页面_更多按钮可见成功，共等待0:00:00.157009
2020-02-03 12:15:40,838 - [basepage.py-->line:69] - INFO:查找加课页面_更多按钮可见
2020-02-03 12:15:40,892 - [basepage.py-->line:90] - INFO:点击加课页面_更多按钮元素
2020-02-03 12:15:41,264 - [basepage.py-->line:50] - INFO:等待加课页面_退课按钮可见
2020-02-03 12:15:41,354 - [basepage.py-->line:60] - INFO:等待加课页面_退课按钮可见成功，共等待0:00:00.089005
2020-02-03 12:15:41,355 - [basepage.py-->line:69] - INFO:查找加课页面_退课按钮可见
2020-02-03 12:15:41,380 - [basepage.py-->line:90] - INFO:点击加课页面_退课按钮元素
2020-02-03 12:15:41,796 - [basepage.py-->line:50] - INFO:等待退课弹窗_密码输入框可见
2020-02-03 12:15:41,904 - [basepage.py-->line:60] - INFO:等待退课弹窗_密码输入框可见成功，共等待0:00:00.107006
2020-02-03 12:15:41,904 - [basepage.py-->line:69] - INFO:查找退课弹窗_密码输入框可见
2020-02-03 12:15:42,250 - [basepage.py-->line:117] - INFO:退课弹窗_密码输入框输入内容成功
2020-02-03 12:15:42,251 - [basepage.py-->line:50] - INFO:等待退课弹窗_确定按钮可见
2020-02-03 12:15:42,316 - [basepage.py-->line:60] - INFO:等待退课弹窗_确定按钮可见成功，共等待0:00:00.065004
2020-02-03 12:15:42,316 - [basepage.py-->line:69] - INFO:查找退课弹窗_确定按钮可见
2020-02-03 12:15:42,335 - [basepage.py-->line:90] - INFO:点击退课弹窗_确定按钮元素
2020-02-03 12:15:56,350 - [basepage.py-->line:50] - INFO:等待登录页面_手机号输入框可见
2020-02-03 12:15:56,453 - [basepage.py-->line:60] - INFO:等待登录页面_手机号输入框可见成功，共等待0:00:00.102006
2020-02-03 12:15:56,454 - [basepage.py-->line:69] - INFO:查找登录页面_手机号输入框可见
2020-02-03 12:15:56,761 - [basepage.py-->line:117] - INFO:登录页面_手机号输入框输入内容成功
2020-02-03 12:15:56,762 - [basepage.py-->line:50] - INFO:等待登录页面_密码输入框可见
2020-02-03 12:15:56,860 - [basepage.py-->line:60] - INFO:等待登录页面_密码输入框可见成功，共等待0:00:00.098006
2020-02-03 12:15:56,861 - [basepage.py-->line:69] - INFO:查找登录页面_密码输入框可见
2020-02-03 12:15:57,221 - [basepage.py-->line:117] - INFO:登录页面_密码输入框输入内容成功
2020-02-03 12:15:57,222 - [basepage.py-->line:50] - INFO:等待登录页面_登录按钮可见
2020-02-03 12:15:57,300 - [basepage.py-->line:60] - INFO:等待登录页面_登录按钮可见成功，共等待0:00:00.077004
2020-02-03 12:15:57,301 - [basepage.py-->line:69] - INFO:查找登录页面_登录按钮可见
2020-02-03 12:15:57,330 - [basepage.py-->line:90] - INFO:点击登录页面_登录按钮元素
2020-02-03 12:15:57,623 - [basepage.py-->line:50] - INFO:等待登录成功后_弹窗关闭按钮可见
2020-02-03 12:15:59,952 - [basepage.py-->line:60] - INFO:等待登录成功后_弹窗关闭按钮可见成功，共等待0:00:02.328133
2020-02-03 12:15:59,953 - [basepage.py-->line:69] - INFO:查找登录成功后_弹窗关闭按钮可见
2020-02-03 12:15:59,973 - [basepage.py-->line:90] - INFO:点击登录成功后_弹窗关闭按钮元素
2020-02-03 12:16:00,269 - [basepage.py-->line:50] - INFO:等待加课页_加课按钮可见
2020-02-03 12:16:00,364 - [basepage.py-->line:60] - INFO:等待加课页_加课按钮可见成功，共等待0:00:00.094005
2020-02-03 12:16:00,365 - [basepage.py-->line:69] - INFO:查找加课页_加课按钮可见
2020-02-03 12:16:00,385 - [basepage.py-->line:90] - INFO:点击加课页_加课按钮元素
2020-02-03 12:16:01,042 - [basepage.py-->line:50] - INFO:等待加课弹窗_输入加课码可见
2020-02-03 12:16:01,118 - [basepage.py-->line:60] - INFO:等待加课弹窗_输入加课码可见成功，共等待0:00:00.076004
2020-02-03 12:16:01,119 - [basepage.py-->line:69] - INFO:查找加课弹窗_输入加课码可见
2020-02-03 12:16:01,302 - [basepage.py-->line:117] - INFO:加课弹窗_输入加课码输入内容成功
2020-02-03 12:16:01,303 - [basepage.py-->line:50] - INFO:等待加课弹窗_确定按钮可见
2020-02-03 12:16:01,376 - [basepage.py-->line:60] - INFO:等待加课弹窗_确定按钮可见成功，共等待0:00:00.073004
2020-02-03 12:16:01,377 - [basepage.py-->line:69] - INFO:查找加课弹窗_确定按钮可见
2020-02-03 12:16:01,398 - [basepage.py-->line:90] - INFO:点击加课弹窗_确定按钮元素
2020-02-03 12:16:01,717 - [basepage.py-->line:50] - INFO:等待加课页面_课程标题可见
2020-02-03 12:16:02,409 - [basepage.py-->line:60] - INFO:等待加课页面_课程标题可见成功，共等待0:00:00.690039
2020-02-03 12:16:02,409 - [basepage.py-->line:69] - INFO:查找加课页面_课程标题可见
2020-02-03 12:16:02,438 - [basepage.py-->line:90] - INFO:点击加课页面_课程标题元素
2020-02-03 12:16:02,855 - [basepage.py-->line:50] - INFO:等待课程页面_作业按钮可见
2020-02-03 12:16:05,409 - [basepage.py-->line:60] - INFO:等待课程页面_作业按钮可见成功，共等待0:00:02.553146
2020-02-03 12:16:05,409 - [basepage.py-->line:69] - INFO:查找课程页面_作业按钮可见
2020-02-03 12:16:05,436 - [basepage.py-->line:90] - INFO:点击课程页面_作业按钮元素
2020-02-03 12:16:08,866 - [basepage.py-->line:50] - INFO:等待课程作业页面_已提交按钮可见
2020-02-03 12:16:08,942 - [basepage.py-->line:60] - INFO:等待课程作业页面_已提交按钮可见成功，共等待0:00:00.075004
2020-02-03 12:16:08,943 - [basepage.py-->line:69] - INFO:查找课程作业页面_已提交按钮可见
2020-02-03 12:16:08,965 - [basepage.py-->line:90] - INFO:点击课程作业页面_已提交按钮元素
2020-02-03 12:16:10,012 - [basepage.py-->line:50] - INFO:等待上传作业前_更新提交按钮可见
2020-02-03 12:16:10,620 - [basepage.py-->line:60] - INFO:等待上传作业前_更新提交按钮可见成功，共等待0:00:00.606035
2020-02-03 12:16:10,621 - [basepage.py-->line:69] - INFO:查找上传作业前_更新提交按钮可见
2020-02-03 12:16:10,650 - [basepage.py-->line:90] - INFO:点击上传作业前_更新提交按钮元素
2020-02-03 12:16:11,073 - [basepage.py-->line:50] - INFO:等待更新提交确定弹窗_确定按钮可见
2020-02-03 12:16:11,165 - [basepage.py-->line:60] - INFO:等待更新提交确定弹窗_确定按钮可见成功，共等待0:00:00.091005
2020-02-03 12:16:11,166 - [basepage.py-->line:69] - INFO:查找更新提交确定弹窗_确定按钮可见
2020-02-03 12:16:11,191 - [basepage.py-->line:90] - INFO:点击更新提交确定弹窗_确定按钮元素
2020-02-03 12:16:11,520 - [basepage.py-->line:50] - INFO:等待上传作业页面_点击留言输入框可见
2020-02-03 12:16:11,603 - [basepage.py-->line:60] - INFO:等待上传作业页面_点击留言输入框可见成功，共等待0:00:00.082005
2020-02-03 12:16:11,604 - [basepage.py-->line:69] - INFO:查找上传作业页面_点击留言输入框可见
2020-02-03 12:16:11,627 - [basepage.py-->line:90] - INFO:点击上传作业页面_点击留言输入框元素
2020-02-03 12:16:12,011 - [basepage.py-->line:69] - INFO:查找留言页面_清空输入框可见
2020-02-03 12:16:12,143 - [basepage.py-->line:236] - INFO:清空成功
2020-02-03 12:16:12,144 - [basepage.py-->line:50] - INFO:等待留言_输入框可见
2020-02-03 12:16:12,192 - [basepage.py-->line:60] - INFO:等待留言_输入框可见成功，共等待0:00:00.048003
2020-02-03 12:16:12,192 - [basepage.py-->line:69] - INFO:查找留言_输入框可见
2020-02-03 12:16:12,350 - [basepage.py-->line:117] - INFO:留言_输入框输入内容成功
2020-02-03 12:16:12,350 - [basepage.py-->line:50] - INFO:等待留言_保存按钮可见
2020-02-03 12:16:12,414 - [basepage.py-->line:60] - INFO:等待留言_保存按钮可见成功，共等待0:00:00.064003
2020-02-03 12:16:12,415 - [basepage.py-->line:69] - INFO:查找留言_保存按钮可见
2020-02-03 12:16:12,439 - [basepage.py-->line:90] - INFO:点击留言_保存按钮元素
2020-02-03 12:16:12,733 - [basepage.py-->line:50] - INFO:等待上传作业后_更新提交按钮可见
2020-02-03 12:16:12,849 - [basepage.py-->line:60] - INFO:等待上传作业后_更新提交按钮可见成功，共等待0:00:00.115006
2020-02-03 12:16:12,850 - [basepage.py-->line:69] - INFO:查找上传作业后_更新提交按钮可见
2020-02-03 12:16:12,869 - [basepage.py-->line:90] - INFO:点击上传作业后_更新提交按钮元素
2020-02-03 12:16:13,259 - [basepage.py-->line:50] - INFO:等待更新成功_知道了按钮可见
2020-02-03 12:16:13,888 - [basepage.py-->line:60] - INFO:等待更新成功_知道了按钮可见成功，共等待0:00:00.628036
2020-02-03 12:16:13,888 - [basepage.py-->line:69] - INFO:查找更新成功_知道了按钮可见
2020-02-03 12:16:13,913 - [basepage.py-->line:90] - INFO:点击更新成功_知道了按钮元素
2020-02-03 12:16:16,233 - [basepage.py-->line:50] - INFO:等待上传作业留言页面_留言输入框可见
2020-02-03 12:16:16,289 - [basepage.py-->line:60] - INFO:等待上传作业留言页面_留言输入框可见成功，共等待0:00:00.056003
2020-02-03 12:16:16,290 - [basepage.py-->line:69] - INFO:查找上传作业留言页面_留言输入框可见
2020-02-03 12:16:16,311 - [basepage.py-->line:130] - INFO:获取上传作业留言页面_留言输入框文本内容
2020-02-03 12:16:16,357 - [basepage.py-->line:138] - INFO:上传作业留言页面_留言输入框获取文本成功
2020-02-03 12:16:16,359 - [basepage.py-->line:50] - INFO:等待上传页面_返回按钮可见
2020-02-03 12:16:16,422 - [basepage.py-->line:60] - INFO:等待上传页面_返回按钮可见成功，共等待0:00:00.063004
2020-02-03 12:16:16,423 - [basepage.py-->line:69] - INFO:查找上传页面_返回按钮可见
2020-02-03 12:16:16,444 - [basepage.py-->line:90] - INFO:点击上传页面_返回按钮元素
2020-02-03 12:16:19,613 - [basepage.py-->line:50] - INFO:等待课程页面_课程按钮可见
2020-02-03 12:16:19,689 - [basepage.py-->line:60] - INFO:等待课程页面_课程按钮可见成功，共等待0:00:00.075005
2020-02-03 12:16:19,689 - [basepage.py-->line:69] - INFO:查找课程页面_课程按钮可见
2020-02-03 12:16:19,711 - [basepage.py-->line:90] - INFO:点击课程页面_课程按钮元素
2020-02-03 12:16:24,116 - [basepage.py-->line:50] - INFO:等待加课页面_更多按钮可见
2020-02-03 12:16:24,189 - [basepage.py-->line:60] - INFO:等待加课页面_更多按钮可见成功，共等待0:00:00.073004
2020-02-03 12:16:24,190 - [basepage.py-->line:69] - INFO:查找加课页面_更多按钮可见
2020-02-03 12:16:24,215 - [basepage.py-->line:90] - INFO:点击加课页面_更多按钮元素
2020-02-03 12:16:24,553 - [basepage.py-->line:50] - INFO:等待加课页面_退课按钮可见
2020-02-03 12:16:24,632 - [basepage.py-->line:60] - INFO:等待加课页面_退课按钮可见成功，共等待0:00:00.078004
2020-02-03 12:16:24,632 - [basepage.py-->line:69] - INFO:查找加课页面_退课按钮可见
2020-02-03 12:16:24,655 - [basepage.py-->line:90] - INFO:点击加课页面_退课按钮元素
2020-02-03 12:16:25,035 - [basepage.py-->line:50] - INFO:等待退课弹窗_密码输入框可见
2020-02-03 12:16:25,111 - [basepage.py-->line:60] - INFO:等待退课弹窗_密码输入框可见成功，共等待0:00:00.076005
2020-02-03 12:16:25,112 - [basepage.py-->line:69] - INFO:查找退课弹窗_密码输入框可见
2020-02-03 12:16:25,349 - [basepage.py-->line:117] - INFO:退课弹窗_密码输入框输入内容成功
2020-02-03 12:16:25,349 - [basepage.py-->line:50] - INFO:等待退课弹窗_确定按钮可见
2020-02-03 12:16:25,435 - [basepage.py-->line:60] - INFO:等待退课弹窗_确定按钮可见成功，共等待0:00:00.085005
2020-02-03 12:16:25,436 - [basepage.py-->line:69] - INFO:查找退课弹窗_确定按钮可见
2020-02-03 12:16:25,460 - [basepage.py-->line:90] - INFO:点击退课弹窗_确定按钮元素
2020-02-03 12:16:38,731 - [basepage.py-->line:50] - INFO:等待登录页面_手机号输入框可见
2020-02-03 12:16:38,833 - [basepage.py-->line:60] - INFO:等待登录页面_手机号输入框可见成功，共等待0:00:00.102006
2020-02-03 12:16:38,834 - [basepage.py-->line:69] - INFO:查找登录页面_手机号输入框可见
2020-02-03 12:16:39,125 - [basepage.py-->line:117] - INFO:登录页面_手机号输入框输入内容成功
2020-02-03 12:16:39,125 - [basepage.py-->line:50] - INFO:等待登录页面_密码输入框可见
2020-02-03 12:16:39,197 - [basepage.py-->line:60] - INFO:等待登录页面_密码输入框可见成功，共等待0:00:00.071004
2020-02-03 12:16:39,197 - [basepage.py-->line:69] - INFO:查找登录页面_密码输入框可见
2020-02-03 12:16:39,498 - [basepage.py-->line:117] - INFO:登录页面_密码输入框输入内容成功
2020-02-03 12:16:39,499 - [basepage.py-->line:50] - INFO:等待登录页面_登录按钮可见
2020-02-03 12:16:39,561 - [basepage.py-->line:60] - INFO:等待登录页面_登录按钮可见成功，共等待0:00:00.062003
2020-02-03 12:16:39,562 - [basepage.py-->line:69] - INFO:查找登录页面_登录按钮可见
2020-02-03 12:16:39,584 - [basepage.py-->line:90] - INFO:点击登录页面_登录按钮元素
2020-02-03 12:16:44,766 - [basepage.py-->line:50] - INFO:等待登录成功后_弹窗关闭按钮可见
2020-02-03 12:16:44,833 - [basepage.py-->line:60] - INFO:等待登录成功后_弹窗关闭按钮可见成功，共等待0:00:00.066004
2020-02-03 12:16:44,834 - [basepage.py-->line:69] - INFO:查找登录成功后_弹窗关闭按钮可见
2020-02-03 12:16:44,851 - [basepage.py-->line:90] - INFO:点击登录成功后_弹窗关闭按钮元素
2020-02-03 12:16:45,201 - [basepage.py-->line:50] - INFO:等待课程页面_私信按钮可见
2020-02-03 12:16:45,294 - [basepage.py-->line:60] - INFO:等待课程页面_私信按钮可见成功，共等待0:00:00.092005
2020-02-03 12:16:45,295 - [basepage.py-->line:69] - INFO:查找课程页面_私信按钮可见
2020-02-03 12:16:45,312 - [basepage.py-->line:90] - INFO:点击课程页面_私信按钮元素
2020-02-03 12:16:45,776 - [basepage.py-->line:196] - INFO:切换课程页面_切换私信窗口窗口成功
2020-02-03 12:16:45,779 - [basepage.py-->line:50] - INFO:等待私信页面_输入信息可见
2020-02-03 12:16:46,930 - [basepage.py-->line:60] - INFO:等待私信页面_输入信息可见成功，共等待0:00:01.151066
2020-02-03 12:16:46,930 - [basepage.py-->line:69] - INFO:查找私信页面_输入信息可见
2020-02-03 12:16:47,333 - [basepage.py-->line:117] - INFO:私信页面_输入信息输入内容成功
2020-02-03 12:16:47,333 - [basepage.py-->line:50] - INFO:等待私信页面_发送按钮可见
2020-02-03 12:16:47,376 - [basepage.py-->line:60] - INFO:等待私信页面_发送按钮可见成功，共等待0:00:00.042002
2020-02-03 12:16:47,376 - [basepage.py-->line:69] - INFO:查找私信页面_发送按钮可见
2020-02-03 12:16:47,389 - [basepage.py-->line:90] - INFO:点击私信页面_发送按钮元素
2020-02-03 12:16:47,552 - [basepage.py-->line:50] - INFO:等待文本元素可见
2020-02-03 12:16:47,601 - [basepage.py-->line:60] - INFO:等待文本元素可见成功，共等待0:00:00.049003
2020-02-03 12:16:47,601 - [basepage.py-->line:50] - INFO:等待私信页面_第一条私信可见
2020-02-03 12:16:47,636 - [basepage.py-->line:60] - INFO:等待私信页面_第一条私信可见成功，共等待0:00:00.035002
2020-02-03 12:16:47,637 - [basepage.py-->line:69] - INFO:查找私信页面_第一条私信可见
2020-02-03 12:16:47,668 - [basepage.py-->line:130] - INFO:获取私信页面_第一条私信文本内容
2020-02-03 12:16:47,695 - [basepage.py-->line:138] - INFO:私信页面_第一条私信获取文本成功
2020-02-03 12:17:01,343 - [basepage.py-->line:50] - INFO:等待登录页面_手机号输入框可见
2020-02-03 12:17:01,462 - [basepage.py-->line:60] - INFO:等待登录页面_手机号输入框可见成功，共等待0:00:00.118007
2020-02-03 12:17:01,462 - [basepage.py-->line:69] - INFO:查找登录页面_手机号输入框可见
2020-02-03 12:17:01,759 - [basepage.py-->line:117] - INFO:登录页面_手机号输入框输入内容成功
2020-02-03 12:17:01,760 - [basepage.py-->line:50] - INFO:等待登录页面_密码输入框可见
2020-02-03 12:17:01,848 - [basepage.py-->line:60] - INFO:等待登录页面_密码输入框可见成功，共等待0:00:00.088005
2020-02-03 12:17:01,849 - [basepage.py-->line:69] - INFO:查找登录页面_密码输入框可见
2020-02-03 12:17:02,188 - [basepage.py-->line:117] - INFO:登录页面_密码输入框输入内容成功
2020-02-03 12:17:02,189 - [basepage.py-->line:50] - INFO:等待登录页面_登录按钮可见
2020-02-03 12:17:02,247 - [basepage.py-->line:60] - INFO:等待登录页面_登录按钮可见成功，共等待0:00:00.058004
2020-02-03 12:17:02,247 - [basepage.py-->line:69] - INFO:查找登录页面_登录按钮可见
2020-02-03 12:17:02,268 - [basepage.py-->line:90] - INFO:点击登录页面_登录按钮元素
2020-02-03 12:17:06,598 - [basepage.py-->line:50] - INFO:等待登录成功后_弹窗关闭按钮可见
2020-02-03 12:17:06,701 - [basepage.py-->line:60] - INFO:等待登录成功后_弹窗关闭按钮可见成功，共等待0:00:00.102006
2020-02-03 12:17:06,701 - [basepage.py-->line:69] - INFO:查找登录成功后_弹窗关闭按钮可见
2020-02-03 12:17:06,726 - [basepage.py-->line:90] - INFO:点击登录成功后_弹窗关闭按钮元素
2020-02-03 12:17:07,095 - [basepage.py-->line:50] - INFO:等待课程页面_私信按钮可见
2020-02-03 12:17:07,240 - [basepage.py-->line:60] - INFO:等待课程页面_私信按钮可见成功，共等待0:00:00.144008
2020-02-03 12:17:07,241 - [basepage.py-->line:69] - INFO:查找课程页面_私信按钮可见
2020-02-03 12:17:07,298 - [basepage.py-->line:90] - INFO:点击课程页面_私信按钮元素
2020-02-03 12:17:07,772 - [basepage.py-->line:196] - INFO:切换课程页面_切换私信窗口窗口成功
2020-02-03 12:17:07,777 - [basepage.py-->line:50] - INFO:等待私信页面_输入信息可见
2020-02-03 12:17:08,931 - [basepage.py-->line:60] - INFO:等待私信页面_输入信息可见成功，共等待0:00:01.153066
2020-02-03 12:17:08,931 - [basepage.py-->line:69] - INFO:查找私信页面_输入信息可见
2020-02-03 12:17:09,219 - [basepage.py-->line:117] - INFO:私信页面_输入信息输入内容成功
2020-02-03 12:17:09,220 - [basepage.py-->line:50] - INFO:等待私信页面_发送按钮可见
2020-02-03 12:17:09,454 - [basepage.py-->line:60] - INFO:等待私信页面_发送按钮可见成功，共等待0:00:00.234013
2020-02-03 12:17:09,455 - [basepage.py-->line:69] - INFO:查找私信页面_发送按钮可见
2020-02-03 12:17:09,479 - [basepage.py-->line:90] - INFO:点击私信页面_发送按钮元素
2020-02-03 12:17:09,685 - [basepage.py-->line:50] - INFO:等待私信页面_发空消息可见
2020-02-03 12:17:09,753 - [basepage.py-->line:60] - INFO:等待私信页面_发空消息可见成功，共等待0:00:00.068004
2020-02-03 12:17:09,754 - [basepage.py-->line:69] - INFO:查找私信页面_发空消息可见
2020-02-03 12:17:09,775 - [basepage.py-->line:130] - INFO:获取私信页面_发空消息文本内容
2020-02-03 12:17:09,812 - [basepage.py-->line:138] - INFO:私信页面_发空消息获取文本成功
2020-02-03 12:17:20,910 - [basepage.py-->line:50] - INFO:等待登录页面_手机号输入框可见
2020-02-03 12:17:21,007 - [basepage.py-->line:60] - INFO:等待登录页面_手机号输入框可见成功，共等待0:00:00.097006
2020-02-03 12:17:21,008 - [basepage.py-->line:69] - INFO:查找登录页面_手机号输入框可见
2020-02-03 12:17:21,305 - [basepage.py-->line:117] - INFO:登录页面_手机号输入框输入内容成功
2020-02-03 12:17:21,305 - [basepage.py-->line:50] - INFO:等待登录页面_密码输入框可见
2020-02-03 12:17:21,382 - [basepage.py-->line:60] - INFO:等待登录页面_密码输入框可见成功，共等待0:00:00.076004
2020-02-03 12:17:21,383 - [basepage.py-->line:69] - INFO:查找登录页面_密码输入框可见
2020-02-03 12:17:21,702 - [basepage.py-->line:117] - INFO:登录页面_密码输入框输入内容成功
2020-02-03 12:17:21,702 - [basepage.py-->line:50] - INFO:等待登录页面_登录按钮可见
2020-02-03 12:17:21,768 - [basepage.py-->line:60] - INFO:等待登录页面_登录按钮可见成功，共等待0:00:00.065003
2020-02-03 12:17:21,768 - [basepage.py-->line:69] - INFO:查找登录页面_登录按钮可见
2020-02-03 12:17:21,790 - [basepage.py-->line:90] - INFO:点击登录页面_登录按钮元素
2020-02-03 12:17:24,158 - [basepage.py-->line:50] - INFO:等待登录成功后_弹窗关闭按钮可见
2020-02-03 12:17:24,298 - [basepage.py-->line:60] - INFO:等待登录成功后_弹窗关闭按钮可见成功，共等待0:00:00.139008
2020-02-03 12:17:24,299 - [basepage.py-->line:69] - INFO:查找登录成功后_弹窗关闭按钮可见
2020-02-03 12:17:24,327 - [basepage.py-->line:90] - INFO:点击登录成功后_弹窗关闭按钮元素
2020-02-03 12:17:24,783 - [basepage.py-->line:50] - INFO:等待课程页面_私信按钮可见
2020-02-03 12:17:24,952 - [basepage.py-->line:60] - INFO:等待课程页面_私信按钮可见成功，共等待0:00:00.167009
2020-02-03 12:17:24,952 - [basepage.py-->line:69] - INFO:查找课程页面_私信按钮可见
2020-02-03 12:17:25,012 - [basepage.py-->line:90] - INFO:点击课程页面_私信按钮元素
2020-02-03 12:17:25,695 - [basepage.py-->line:196] - INFO:切换课程页面_切换私信窗口窗口成功
2020-02-03 12:17:25,700 - [basepage.py-->line:50] - INFO:等待私信页面_附件按钮可见
2020-02-03 12:17:27,089 - [basepage.py-->line:60] - INFO:等待私信页面_附件按钮可见成功，共等待0:00:01.388080
2020-02-03 12:17:27,090 - [basepage.py-->line:69] - INFO:查找私信页面_附件按钮可见
2020-02-03 12:17:27,166 - [basepage.py-->line:90] - INFO:点击私信页面_附件按钮元素
2020-02-03 12:17:29,665 - [basepage.py-->line:218] - INFO:开始上传文件
2020-02-03 12:17:29,774 - [basepage.py-->line:225] - INFO:上传文件成功
2020-02-03 12:17:32,775 - [basepage.py-->line:50] - INFO:等待文本元素可见
2020-02-03 12:17:32,848 - [basepage.py-->line:60] - INFO:等待文本元素可见成功，共等待0:00:00.073004
2020-02-03 12:17:32,849 - [basepage.py-->line:50] - INFO:等待私信页面_第一条私信可见
2020-02-03 12:17:32,904 - [basepage.py-->line:60] - INFO:等待私信页面_第一条私信可见成功，共等待0:00:00.055003
2020-02-03 12:17:32,905 - [basepage.py-->line:69] - INFO:查找私信页面_第一条私信可见
2020-02-03 12:17:32,931 - [basepage.py-->line:130] - INFO:获取私信页面_第一条私信文本内容
2020-02-03 12:17:33,000 - [basepage.py-->line:138] - INFO:私信页面_第一条私信获取文本成功
