2020-02-03 12:48:13,127 - [basepage.py-->line:50] - INFO:等待登录页面_手机号输入框可见
2020-02-03 12:48:13,200 - [basepage.py-->line:60] - INFO:等待登录页面_手机号输入框可见成功，共等待0:00:00.073004
2020-02-03 12:48:13,201 - [basepage.py-->line:69] - INFO:查找登录页面_手机号输入框可见
2020-02-03 12:48:13,571 - [basepage.py-->line:117] - INFO:登录页面_手机号输入框输入内容成功
2020-02-03 12:48:13,572 - [basepage.py-->line:50] - INFO:等待登录页面_密码输入框可见
2020-02-03 12:48:13,639 - [basepage.py-->line:60] - INFO:等待登录页面_密码输入框可见成功，共等待0:00:00.067004
2020-02-03 12:48:13,640 - [basepage.py-->line:69] - INFO:查找登录页面_密码输入框可见
2020-02-03 12:48:14,717 - [basepage.py-->line:117] - INFO:登录页面_密码输入框输入内容成功
2020-02-03 12:48:14,718 - [basepage.py-->line:50] - INFO:等待登录页面_登录按钮可见
2020-02-03 12:48:14,817 - [basepage.py-->line:60] - INFO:等待登录页面_登录按钮可见成功，共等待0:00:00.099006
2020-02-03 12:48:14,817 - [basepage.py-->line:69] - INFO:查找登录页面_登录按钮可见
2020-02-03 12:48:14,846 - [basepage.py-->line:90] - INFO:点击登录页面_登录按钮元素
2020-02-03 12:48:19,081 - [test_01_login.py-->line:20] - INFO:正常登陆案例通过
2020-02-03 12:48:35,980 - [basepage.py-->line:50] - INFO:等待登录页面_手机号输入框可见
2020-02-03 12:48:36,059 - [basepage.py-->line:60] - INFO:等待登录页面_手机号输入框可见成功，共等待0:00:00.078005
2020-02-03 12:48:36,059 - [basepage.py-->line:69] - INFO:查找登录页面_手机号输入框可见
2020-02-03 12:48:36,286 - [basepage.py-->line:117] - INFO:登录页面_手机号输入框输入内容成功
2020-02-03 12:48:36,286 - [basepage.py-->line:50] - INFO:等待登录页面_密码输入框可见
2020-02-03 12:48:36,356 - [basepage.py-->line:60] - INFO:等待登录页面_密码输入框可见成功，共等待0:00:00.070004
2020-02-03 12:48:36,357 - [basepage.py-->line:69] - INFO:查找登录页面_密码输入框可见
2020-02-03 12:48:36,673 - [basepage.py-->line:117] - INFO:登录页面_密码输入框输入内容成功
2020-02-03 12:48:36,674 - [basepage.py-->line:50] - INFO:等待登录页面_登录按钮可见
2020-02-03 12:48:36,739 - [basepage.py-->line:60] - INFO:等待登录页面_登录按钮可见成功，共等待0:00:00.065004
2020-02-03 12:48:36,739 - [basepage.py-->line:69] - INFO:查找登录页面_登录按钮可见
2020-02-03 12:48:36,758 - [basepage.py-->line:90] - INFO:点击登录页面_登录按钮元素
2020-02-03 12:48:36,976 - [basepage.py-->line:50] - INFO:等待登录页面_账号错误提示语可见
2020-02-03 12:48:37,042 - [basepage.py-->line:60] - INFO:等待登录页面_账号错误提示语可见成功，共等待0:00:00.066004
2020-02-03 12:48:37,042 - [basepage.py-->line:69] - INFO:查找登录页面_账号错误提示语可见
2020-02-03 12:48:37,060 - [basepage.py-->line:130] - INFO:获取登录页面_账号错误提示语文本内容
2020-02-03 12:48:37,095 - [basepage.py-->line:138] - INFO:登录页面_账号错误提示语获取文本成功
2020-02-03 12:48:37,096 - [test_01_login.py-->line:25] - INFO:手机号不正确，密码正确案例通过
2020-02-03 12:48:54,959 - [basepage.py-->line:50] - INFO:等待登录页面_手机号输入框可见
2020-02-03 12:48:55,082 - [basepage.py-->line:60] - INFO:等待登录页面_手机号输入框可见成功，共等待0:00:00.122007
2020-02-03 12:48:55,082 - [basepage.py-->line:69] - INFO:查找登录页面_手机号输入框可见
2020-02-03 12:48:55,372 - [basepage.py-->line:117] - INFO:登录页面_手机号输入框输入内容成功
2020-02-03 12:48:55,372 - [basepage.py-->line:50] - INFO:等待登录页面_密码输入框可见
2020-02-03 12:48:55,475 - [basepage.py-->line:60] - INFO:等待登录页面_密码输入框可见成功，共等待0:00:00.103006
2020-02-03 12:48:55,476 - [basepage.py-->line:69] - INFO:查找登录页面_密码输入框可见
2020-02-03 12:48:55,749 - [basepage.py-->line:117] - INFO:登录页面_密码输入框输入内容成功
2020-02-03 12:48:55,750 - [basepage.py-->line:50] - INFO:等待登录页面_登录按钮可见
2020-02-03 12:48:55,819 - [basepage.py-->line:60] - INFO:等待登录页面_登录按钮可见成功，共等待0:00:00.069004
2020-02-03 12:48:55,820 - [basepage.py-->line:69] - INFO:查找登录页面_登录按钮可见
2020-02-03 12:48:55,845 - [basepage.py-->line:90] - INFO:点击登录页面_登录按钮元素
2020-02-03 12:48:56,066 - [basepage.py-->line:69] - INFO:查找清空手机号可见
2020-02-03 12:48:56,196 - [basepage.py-->line:69] - INFO:查找清空密码可见
2020-02-03 12:48:56,326 - [basepage.py-->line:50] - INFO:等待登录页面_手机号输入框可见
2020-02-03 12:48:56,371 - [basepage.py-->line:60] - INFO:等待登录页面_手机号输入框可见成功，共等待0:00:00.045002
2020-02-03 12:48:56,371 - [basepage.py-->line:69] - INFO:查找登录页面_手机号输入框可见
2020-02-03 12:48:56,454 - [basepage.py-->line:117] - INFO:登录页面_手机号输入框输入内容成功
2020-02-03 12:48:56,454 - [basepage.py-->line:50] - INFO:等待登录页面_密码输入框可见
2020-02-03 12:48:56,500 - [basepage.py-->line:60] - INFO:等待登录页面_密码输入框可见成功，共等待0:00:00.044003
2020-02-03 12:48:56,500 - [basepage.py-->line:69] - INFO:查找登录页面_密码输入框可见
2020-02-03 12:48:56,719 - [basepage.py-->line:117] - INFO:登录页面_密码输入框输入内容成功
2020-02-03 12:48:56,720 - [basepage.py-->line:50] - INFO:等待登录页面_登录按钮可见
2020-02-03 12:48:56,766 - [basepage.py-->line:60] - INFO:等待登录页面_登录按钮可见成功，共等待0:00:00.046003
2020-02-03 12:48:56,766 - [basepage.py-->line:69] - INFO:查找登录页面_登录按钮可见
2020-02-03 12:48:56,785 - [basepage.py-->line:90] - INFO:点击登录页面_登录按钮元素
2020-02-03 12:48:56,954 - [basepage.py-->line:50] - INFO:等待登录页面_账号错误提示语可见
2020-02-03 12:48:57,029 - [basepage.py-->line:60] - INFO:等待登录页面_账号错误提示语可见成功，共等待0:00:00.074004
2020-02-03 12:48:57,029 - [basepage.py-->line:69] - INFO:查找登录页面_账号错误提示语可见
2020-02-03 12:48:57,053 - [basepage.py-->line:130] - INFO:获取登录页面_账号错误提示语文本内容
2020-02-03 12:48:57,087 - [basepage.py-->line:138] - INFO:登录页面_账号错误提示语获取文本成功
2020-02-03 12:48:57,088 - [test_01_login.py-->line:33] - INFO:手机号为空，密码正确案例通过
2020-02-03 12:49:12,463 - [basepage.py-->line:50] - INFO:等待登录页面_手机号输入框可见
2020-02-03 12:49:12,548 - [basepage.py-->line:60] - INFO:等待登录页面_手机号输入框可见成功，共等待0:00:00.085005
2020-02-03 12:49:12,548 - [basepage.py-->line:69] - INFO:查找登录页面_手机号输入框可见
2020-02-03 12:49:12,795 - [basepage.py-->line:117] - INFO:登录页面_手机号输入框输入内容成功
2020-02-03 12:49:12,795 - [basepage.py-->line:50] - INFO:等待登录页面_密码输入框可见
2020-02-03 12:49:12,886 - [basepage.py-->line:60] - INFO:等待登录页面_密码输入框可见成功，共等待0:00:00.090005
2020-02-03 12:49:12,887 - [basepage.py-->line:69] - INFO:查找登录页面_密码输入框可见
2020-02-03 12:49:13,267 - [basepage.py-->line:117] - INFO:登录页面_密码输入框输入内容成功
2020-02-03 12:49:13,267 - [basepage.py-->line:50] - INFO:等待登录页面_登录按钮可见
2020-02-03 12:49:13,331 - [basepage.py-->line:60] - INFO:等待登录页面_登录按钮可见成功，共等待0:00:00.063003
2020-02-03 12:49:13,332 - [basepage.py-->line:69] - INFO:查找登录页面_登录按钮可见
2020-02-03 12:49:13,351 - [basepage.py-->line:90] - INFO:点击登录页面_登录按钮元素
2020-02-03 12:49:13,629 - [basepage.py-->line:69] - INFO:查找清空手机号可见
2020-02-03 12:49:13,761 - [basepage.py-->line:69] - INFO:查找清空密码可见
2020-02-03 12:49:13,861 - [basepage.py-->line:50] - INFO:等待登录页面_手机号输入框可见
2020-02-03 12:49:13,903 - [basepage.py-->line:60] - INFO:等待登录页面_手机号输入框可见成功，共等待0:00:00.042002
2020-02-03 12:49:13,903 - [basepage.py-->line:69] - INFO:查找登录页面_手机号输入框可见
2020-02-03 12:49:14,115 - [basepage.py-->line:117] - INFO:登录页面_手机号输入框输入内容成功
2020-02-03 12:49:14,116 - [basepage.py-->line:50] - INFO:等待登录页面_密码输入框可见
2020-02-03 12:49:14,185 - [basepage.py-->line:60] - INFO:等待登录页面_密码输入框可见成功，共等待0:00:00.069004
2020-02-03 12:49:14,186 - [basepage.py-->line:69] - INFO:查找登录页面_密码输入框可见
2020-02-03 12:49:14,313 - [basepage.py-->line:117] - INFO:登录页面_密码输入框输入内容成功
2020-02-03 12:49:14,313 - [basepage.py-->line:50] - INFO:等待登录页面_登录按钮可见
2020-02-03 12:49:14,372 - [basepage.py-->line:60] - INFO:等待登录页面_登录按钮可见成功，共等待0:00:00.058003
2020-02-03 12:49:14,373 - [basepage.py-->line:69] - INFO:查找登录页面_登录按钮可见
2020-02-03 12:49:14,409 - [basepage.py-->line:90] - INFO:点击登录页面_登录按钮元素
2020-02-03 12:49:14,598 - [basepage.py-->line:50] - INFO:等待登录页面_账号错误提示语可见
2020-02-03 12:49:14,689 - [basepage.py-->line:60] - INFO:等待登录页面_账号错误提示语可见成功，共等待0:00:00.090005
2020-02-03 12:49:14,689 - [basepage.py-->line:69] - INFO:查找登录页面_账号错误提示语可见
2020-02-03 12:49:14,717 - [basepage.py-->line:130] - INFO:获取登录页面_账号错误提示语文本内容
2020-02-03 12:49:14,772 - [basepage.py-->line:138] - INFO:登录页面_账号错误提示语获取文本成功
2020-02-03 12:49:14,773 - [test_01_login.py-->line:41] - INFO:手机号正确，密码为空案例通过
2020-02-03 12:49:34,978 - [basepage.py-->line:50] - INFO:等待登录页面_手机号输入框可见
2020-02-03 12:49:35,059 - [basepage.py-->line:60] - INFO:等待登录页面_手机号输入框可见成功，共等待0:00:00.080004
2020-02-03 12:49:35,059 - [basepage.py-->line:69] - INFO:查找登录页面_手机号输入框可见
2020-02-03 12:49:35,290 - [basepage.py-->line:117] - INFO:登录页面_手机号输入框输入内容成功
2020-02-03 12:49:35,290 - [basepage.py-->line:50] - INFO:等待登录页面_密码输入框可见
2020-02-03 12:49:35,358 - [basepage.py-->line:60] - INFO:等待登录页面_密码输入框可见成功，共等待0:00:00.068004
2020-02-03 12:49:35,359 - [basepage.py-->line:69] - INFO:查找登录页面_密码输入框可见
2020-02-03 12:49:35,647 - [basepage.py-->line:117] - INFO:登录页面_密码输入框输入内容成功
2020-02-03 12:49:35,647 - [basepage.py-->line:50] - INFO:等待登录页面_登录按钮可见
2020-02-03 12:49:35,712 - [basepage.py-->line:60] - INFO:等待登录页面_登录按钮可见成功，共等待0:00:00.064004
2020-02-03 12:49:35,713 - [basepage.py-->line:69] - INFO:查找登录页面_登录按钮可见
2020-02-03 12:49:35,734 - [basepage.py-->line:90] - INFO:点击登录页面_登录按钮元素
2020-02-03 12:49:43,062 - [basepage.py-->line:50] - INFO:等待登录成功后_弹窗关闭按钮可见
2020-02-03 12:49:43,159 - [basepage.py-->line:60] - INFO:等待登录成功后_弹窗关闭按钮可见成功，共等待0:00:00.097006
2020-02-03 12:49:43,160 - [basepage.py-->line:69] - INFO:查找登录成功后_弹窗关闭按钮可见
2020-02-03 12:49:43,186 - [basepage.py-->line:90] - INFO:点击登录成功后_弹窗关闭按钮元素
2020-02-03 12:49:43,494 - [basepage.py-->line:50] - INFO:等待加课页_加课按钮可见
2020-02-03 12:49:43,615 - [basepage.py-->line:60] - INFO:等待加课页_加课按钮可见成功，共等待0:00:00.119007
2020-02-03 12:49:43,616 - [basepage.py-->line:69] - INFO:查找加课页_加课按钮可见
2020-02-03 12:49:43,646 - [basepage.py-->line:90] - INFO:点击加课页_加课按钮元素
2020-02-03 12:49:44,406 - [basepage.py-->line:50] - INFO:等待加课弹窗_输入加课码可见
2020-02-03 12:49:44,489 - [basepage.py-->line:60] - INFO:等待加课弹窗_输入加课码可见成功，共等待0:00:00.083005
2020-02-03 12:49:44,490 - [basepage.py-->line:69] - INFO:查找加课弹窗_输入加课码可见
2020-02-03 12:49:44,665 - [basepage.py-->line:117] - INFO:加课弹窗_输入加课码输入内容成功
2020-02-03 12:49:44,666 - [basepage.py-->line:50] - INFO:等待加课弹窗_确定按钮可见
2020-02-03 12:49:44,737 - [basepage.py-->line:60] - INFO:等待加课弹窗_确定按钮可见成功，共等待0:00:00.071004
2020-02-03 12:49:44,738 - [basepage.py-->line:69] - INFO:查找加课弹窗_确定按钮可见
2020-02-03 12:49:44,759 - [basepage.py-->line:90] - INFO:点击加课弹窗_确定按钮元素
2020-02-03 12:49:45,040 - [basepage.py-->line:50] - INFO:等待加课成功/失败_提示语可见
2020-02-03 12:49:45,647 - [basepage.py-->line:60] - INFO:等待加课成功/失败_提示语可见成功，共等待0:00:00.606035
2020-02-03 12:49:45,647 - [basepage.py-->line:69] - INFO:查找加课成功/失败_提示语可见
2020-02-03 12:49:45,684 - [basepage.py-->line:130] - INFO:获取加课成功/失败_提示语文本内容
2020-02-03 12:49:45,730 - [basepage.py-->line:138] - INFO:加课成功/失败_提示语获取文本成功
2020-02-03 12:49:58,343 - [basepage.py-->line:50] - INFO:等待登录页面_手机号输入框可见
2020-02-03 12:49:58,425 - [basepage.py-->line:60] - INFO:等待登录页面_手机号输入框可见成功，共等待0:00:00.081005
2020-02-03 12:49:58,426 - [basepage.py-->line:69] - INFO:查找登录页面_手机号输入框可见
2020-02-03 12:49:58,655 - [basepage.py-->line:117] - INFO:登录页面_手机号输入框输入内容成功
2020-02-03 12:49:58,655 - [basepage.py-->line:50] - INFO:等待登录页面_密码输入框可见
2020-02-03 12:49:58,722 - [basepage.py-->line:60] - INFO:等待登录页面_密码输入框可见成功，共等待0:00:00.066004
2020-02-03 12:49:58,723 - [basepage.py-->line:69] - INFO:查找登录页面_密码输入框可见
2020-02-03 12:49:59,076 - [basepage.py-->line:117] - INFO:登录页面_密码输入框输入内容成功
2020-02-03 12:49:59,076 - [basepage.py-->line:50] - INFO:等待登录页面_登录按钮可见
2020-02-03 12:49:59,139 - [basepage.py-->line:60] - INFO:等待登录页面_登录按钮可见成功，共等待0:00:00.063004
2020-02-03 12:49:59,140 - [basepage.py-->line:69] - INFO:查找登录页面_登录按钮可见
2020-02-03 12:49:59,157 - [basepage.py-->line:90] - INFO:点击登录页面_登录按钮元素
2020-02-03 12:50:01,568 - [basepage.py-->line:50] - INFO:等待登录成功后_弹窗关闭按钮可见
2020-02-03 12:50:01,686 - [basepage.py-->line:60] - INFO:等待登录成功后_弹窗关闭按钮可见成功，共等待0:00:00.117006
2020-02-03 12:50:01,687 - [basepage.py-->line:69] - INFO:查找登录成功后_弹窗关闭按钮可见
2020-02-03 12:50:01,714 - [basepage.py-->line:90] - INFO:点击登录成功后_弹窗关闭按钮元素
2020-02-03 12:50:02,096 - [basepage.py-->line:50] - INFO:等待加课页_加课按钮可见
2020-02-03 12:50:02,231 - [basepage.py-->line:60] - INFO:等待加课页_加课按钮可见成功，共等待0:00:00.134007
2020-02-03 12:50:02,232 - [basepage.py-->line:69] - INFO:查找加课页_加课按钮可见
2020-02-03 12:50:02,286 - [basepage.py-->line:90] - INFO:点击加课页_加课按钮元素
2020-02-03 12:50:02,826 - [basepage.py-->line:50] - INFO:等待加课弹窗_输入加课码可见
2020-02-03 12:50:02,909 - [basepage.py-->line:60] - INFO:等待加课弹窗_输入加课码可见成功，共等待0:00:00.083005
2020-02-03 12:50:02,910 - [basepage.py-->line:69] - INFO:查找加课弹窗_输入加课码可见
2020-02-03 12:50:02,996 - [basepage.py-->line:117] - INFO:加课弹窗_输入加课码输入内容成功
2020-02-03 12:50:02,996 - [basepage.py-->line:50] - INFO:等待加课弹窗_确定按钮可见
2020-02-03 12:50:03,054 - [basepage.py-->line:60] - INFO:等待加课弹窗_确定按钮可见成功，共等待0:00:00.057003
2020-02-03 12:50:03,054 - [basepage.py-->line:69] - INFO:查找加课弹窗_确定按钮可见
2020-02-03 12:50:03,073 - [basepage.py-->line:90] - INFO:点击加课弹窗_确定按钮元素
2020-02-03 12:50:03,291 - [basepage.py-->line:50] - INFO:等待加课成功/失败_提示语可见
2020-02-03 12:50:03,356 - [basepage.py-->line:60] - INFO:等待加课成功/失败_提示语可见成功，共等待0:00:00.065004
2020-02-03 12:50:03,357 - [basepage.py-->line:69] - INFO:查找加课成功/失败_提示语可见
2020-02-03 12:50:03,378 - [basepage.py-->line:130] - INFO:获取加课成功/失败_提示语文本内容
2020-02-03 12:50:03,426 - [basepage.py-->line:138] - INFO:加课成功/失败_提示语获取文本成功
2020-02-03 12:50:18,739 - [basepage.py-->line:50] - INFO:等待登录页面_手机号输入框可见
2020-02-03 12:50:18,828 - [basepage.py-->line:60] - INFO:等待登录页面_手机号输入框可见成功，共等待0:00:00.089005
2020-02-03 12:50:18,828 - [basepage.py-->line:69] - INFO:查找登录页面_手机号输入框可见
2020-02-03 12:50:19,142 - [basepage.py-->line:117] - INFO:登录页面_手机号输入框输入内容成功
2020-02-03 12:50:19,142 - [basepage.py-->line:50] - INFO:等待登录页面_密码输入框可见
2020-02-03 12:50:19,221 - [basepage.py-->line:60] - INFO:等待登录页面_密码输入框可见成功，共等待0:00:00.079004
2020-02-03 12:50:19,222 - [basepage.py-->line:69] - INFO:查找登录页面_密码输入框可见
2020-02-03 12:50:19,575 - [basepage.py-->line:117] - INFO:登录页面_密码输入框输入内容成功
2020-02-03 12:50:19,576 - [basepage.py-->line:50] - INFO:等待登录页面_登录按钮可见
2020-02-03 12:50:19,644 - [basepage.py-->line:60] - INFO:等待登录页面_登录按钮可见成功，共等待0:00:00.068004
2020-02-03 12:50:19,645 - [basepage.py-->line:69] - INFO:查找登录页面_登录按钮可见
2020-02-03 12:50:19,668 - [basepage.py-->line:90] - INFO:点击登录页面_登录按钮元素
2020-02-03 12:50:23,909 - [basepage.py-->line:50] - INFO:等待登录成功后_弹窗关闭按钮可见
2020-02-03 12:50:24,012 - [basepage.py-->line:60] - INFO:等待登录成功后_弹窗关闭按钮可见成功，共等待0:00:00.102006
2020-02-03 12:50:24,013 - [basepage.py-->line:69] - INFO:查找登录成功后_弹窗关闭按钮可见
2020-02-03 12:50:24,030 - [basepage.py-->line:90] - INFO:点击登录成功后_弹窗关闭按钮元素
2020-02-03 12:50:24,293 - [basepage.py-->line:50] - INFO:等待加课页_加课按钮可见
2020-02-03 12:50:24,378 - [basepage.py-->line:60] - INFO:等待加课页_加课按钮可见成功，共等待0:00:00.084005
2020-02-03 12:50:24,378 - [basepage.py-->line:69] - INFO:查找加课页_加课按钮可见
2020-02-03 12:50:24,402 - [basepage.py-->line:90] - INFO:点击加课页_加课按钮元素
2020-02-03 12:50:24,738 - [basepage.py-->line:50] - INFO:等待加课弹窗_输入加课码可见
2020-02-03 12:50:24,825 - [basepage.py-->line:60] - INFO:等待加课弹窗_输入加课码可见成功，共等待0:00:00.086005
2020-02-03 12:50:24,825 - [basepage.py-->line:69] - INFO:查找加课弹窗_输入加课码可见
2020-02-03 12:50:25,081 - [basepage.py-->line:117] - INFO:加课弹窗_输入加课码输入内容成功
2020-02-03 12:50:25,082 - [basepage.py-->line:50] - INFO:等待加课弹窗_确定按钮可见
2020-02-03 12:50:25,153 - [basepage.py-->line:60] - INFO:等待加课弹窗_确定按钮可见成功，共等待0:00:00.071004
2020-02-03 12:50:25,153 - [basepage.py-->line:69] - INFO:查找加课弹窗_确定按钮可见
2020-02-03 12:50:25,174 - [basepage.py-->line:90] - INFO:点击加课弹窗_确定按钮元素
2020-02-03 12:50:25,382 - [basepage.py-->line:50] - INFO:等待加课成功/失败_提示语可见
2020-02-03 12:50:25,962 - [basepage.py-->line:60] - INFO:等待加课成功/失败_提示语可见成功，共等待0:00:00.580033
2020-02-03 12:50:25,962 - [basepage.py-->line:69] - INFO:查找加课成功/失败_提示语可见
2020-02-03 12:50:25,997 - [basepage.py-->line:130] - INFO:获取加课成功/失败_提示语文本内容
2020-02-03 12:50:26,029 - [basepage.py-->line:138] - INFO:加课成功/失败_提示语获取文本成功
2020-02-03 12:50:39,343 - [basepage.py-->line:50] - INFO:等待登录页面_手机号输入框可见
2020-02-03 12:50:39,429 - [basepage.py-->line:60] - INFO:等待登录页面_手机号输入框可见成功，共等待0:00:00.085005
2020-02-03 12:50:39,430 - [basepage.py-->line:69] - INFO:查找登录页面_手机号输入框可见
2020-02-03 12:50:39,651 - [basepage.py-->line:117] - INFO:登录页面_手机号输入框输入内容成功
2020-02-03 12:50:39,652 - [basepage.py-->line:50] - INFO:等待登录页面_密码输入框可见
2020-02-03 12:50:39,759 - [basepage.py-->line:60] - INFO:等待登录页面_密码输入框可见成功，共等待0:00:00.107006
2020-02-03 12:50:39,759 - [basepage.py-->line:69] - INFO:查找登录页面_密码输入框可见
2020-02-03 12:50:40,011 - [basepage.py-->line:117] - INFO:登录页面_密码输入框输入内容成功
2020-02-03 12:50:40,011 - [basepage.py-->line:50] - INFO:等待登录页面_登录按钮可见
2020-02-03 12:50:40,068 - [basepage.py-->line:60] - INFO:等待登录页面_登录按钮可见成功，共等待0:00:00.056004
2020-02-03 12:50:40,069 - [basepage.py-->line:69] - INFO:查找登录页面_登录按钮可见
2020-02-03 12:50:40,089 - [basepage.py-->line:90] - INFO:点击登录页面_登录按钮元素
2020-02-03 12:50:44,025 - [basepage.py-->line:50] - INFO:等待登录成功后_弹窗关闭按钮可见
2020-02-03 12:50:44,079 - [basepage.py-->line:60] - INFO:等待登录成功后_弹窗关闭按钮可见成功，共等待0:00:00.054003
2020-02-03 12:50:44,079 - [basepage.py-->line:69] - INFO:查找登录成功后_弹窗关闭按钮可见
2020-02-03 12:50:44,094 - [basepage.py-->line:90] - INFO:点击登录成功后_弹窗关闭按钮元素
2020-02-03 12:50:44,287 - [basepage.py-->line:50] - INFO:等待加课页_加课按钮可见
2020-02-03 12:50:44,352 - [basepage.py-->line:60] - INFO:等待加课页_加课按钮可见成功，共等待0:00:00.064004
2020-02-03 12:50:44,352 - [basepage.py-->line:69] - INFO:查找加课页_加课按钮可见
2020-02-03 12:50:44,367 - [basepage.py-->line:90] - INFO:点击加课页_加课按钮元素
2020-02-03 12:50:44,606 - [basepage.py-->line:50] - INFO:等待加课弹窗_输入加课码可见
2020-02-03 12:50:44,660 - [basepage.py-->line:60] - INFO:等待加课弹窗_输入加课码可见成功，共等待0:00:00.053003
2020-02-03 12:50:44,660 - [basepage.py-->line:69] - INFO:查找加课弹窗_输入加课码可见
2020-02-03 12:50:45,069 - [basepage.py-->line:117] - INFO:加课弹窗_输入加课码输入内容成功
2020-02-03 12:50:45,069 - [basepage.py-->line:50] - INFO:等待加课弹窗_确定按钮可见
2020-02-03 12:50:45,186 - [basepage.py-->line:60] - INFO:等待加课弹窗_确定按钮可见成功，共等待0:00:00.116006
2020-02-03 12:50:45,187 - [basepage.py-->line:69] - INFO:查找加课弹窗_确定按钮可见
2020-02-03 12:50:45,217 - [basepage.py-->line:90] - INFO:点击加课弹窗_确定按钮元素
2020-02-03 12:50:45,626 - [basepage.py-->line:50] - INFO:等待加课成功/失败_提示语可见
2020-02-03 12:50:46,326 - [basepage.py-->line:60] - INFO:等待加课成功/失败_提示语可见成功，共等待0:00:00.699039
2020-02-03 12:50:46,327 - [basepage.py-->line:69] - INFO:查找加课成功/失败_提示语可见
2020-02-03 12:50:46,353 - [basepage.py-->line:130] - INFO:获取加课成功/失败_提示语文本内容
2020-02-03 12:50:46,407 - [basepage.py-->line:138] - INFO:加课成功/失败_提示语获取文本成功
2020-02-03 12:51:03,493 - [basepage.py-->line:50] - INFO:等待登录页面_手机号输入框可见
2020-02-03 12:51:03,583 - [basepage.py-->line:60] - INFO:等待登录页面_手机号输入框可见成功，共等待0:00:00.089006
2020-02-03 12:51:03,584 - [basepage.py-->line:69] - INFO:查找登录页面_手机号输入框可见
2020-02-03 12:51:03,957 - [basepage.py-->line:117] - INFO:登录页面_手机号输入框输入内容成功
2020-02-03 12:51:03,958 - [basepage.py-->line:50] - INFO:等待登录页面_密码输入框可见
2020-02-03 12:51:04,057 - [basepage.py-->line:60] - INFO:等待登录页面_密码输入框可见成功，共等待0:00:00.099006
2020-02-03 12:51:04,058 - [basepage.py-->line:69] - INFO:查找登录页面_密码输入框可见
2020-02-03 12:51:04,381 - [basepage.py-->line:117] - INFO:登录页面_密码输入框输入内容成功
2020-02-03 12:51:04,382 - [basepage.py-->line:50] - INFO:等待登录页面_登录按钮可见
2020-02-03 12:51:04,481 - [basepage.py-->line:60] - INFO:等待登录页面_登录按钮可见成功，共等待0:00:00.098006
2020-02-03 12:51:04,482 - [basepage.py-->line:69] - INFO:查找登录页面_登录按钮可见
2020-02-03 12:51:04,511 - [basepage.py-->line:90] - INFO:点击登录页面_登录按钮元素
2020-02-03 12:51:07,211 - [basepage.py-->line:50] - INFO:等待登录成功后_弹窗关闭按钮可见
2020-02-03 12:51:07,291 - [basepage.py-->line:60] - INFO:等待登录成功后_弹窗关闭按钮可见成功，共等待0:00:00.080005
2020-02-03 12:51:07,292 - [basepage.py-->line:69] - INFO:查找登录成功后_弹窗关闭按钮可见
2020-02-03 12:51:07,318 - [basepage.py-->line:90] - INFO:点击登录成功后_弹窗关闭按钮元素
2020-02-03 12:51:07,614 - [basepage.py-->line:50] - INFO:等待加课页面_更多按钮可见
2020-02-03 12:51:07,704 - [basepage.py-->line:60] - INFO:等待加课页面_更多按钮可见成功，共等待0:00:00.089005
2020-02-03 12:51:07,704 - [basepage.py-->line:69] - INFO:查找加课页面_更多按钮可见
2020-02-03 12:51:07,737 - [basepage.py-->line:90] - INFO:点击加课页面_更多按钮元素
2020-02-03 12:51:08,435 - [basepage.py-->line:50] - INFO:等待加课页面_退课按钮可见
2020-02-03 12:51:08,520 - [basepage.py-->line:60] - INFO:等待加课页面_退课按钮可见成功，共等待0:00:00.085005
2020-02-03 12:51:08,521 - [basepage.py-->line:69] - INFO:查找加课页面_退课按钮可见
2020-02-03 12:51:08,544 - [basepage.py-->line:90] - INFO:点击加课页面_退课按钮元素
2020-02-03 12:51:08,925 - [basepage.py-->line:50] - INFO:等待退课弹窗_密码输入框可见
2020-02-03 12:51:09,000 - [basepage.py-->line:60] - INFO:等待退课弹窗_密码输入框可见成功，共等待0:00:00.074004
2020-02-03 12:51:09,000 - [basepage.py-->line:69] - INFO:查找退课弹窗_密码输入框可见
2020-02-03 12:51:09,134 - [basepage.py-->line:117] - INFO:退课弹窗_密码输入框输入内容成功
2020-02-03 12:51:09,135 - [basepage.py-->line:50] - INFO:等待退课弹窗_确定按钮可见
2020-02-03 12:51:09,218 - [basepage.py-->line:60] - INFO:等待退课弹窗_确定按钮可见成功，共等待0:00:00.083005
2020-02-03 12:51:09,219 - [basepage.py-->line:69] - INFO:查找退课弹窗_确定按钮可见
2020-02-03 12:51:09,247 - [basepage.py-->line:90] - INFO:点击退课弹窗_确定按钮元素
2020-02-03 12:51:09,682 - [basepage.py-->line:50] - INFO:等待加课成功/失败_提示语可见
2020-02-03 12:51:09,783 - [basepage.py-->line:60] - INFO:等待加课成功/失败_提示语可见成功，共等待0:00:00.100006
2020-02-03 12:51:09,784 - [basepage.py-->line:69] - INFO:查找加课成功/失败_提示语可见
2020-02-03 12:51:09,811 - [basepage.py-->line:130] - INFO:获取加课成功/失败_提示语文本内容
2020-02-03 12:51:09,893 - [basepage.py-->line:138] - INFO:加课成功/失败_提示语获取文本成功
2020-02-03 12:51:22,223 - [basepage.py-->line:50] - INFO:等待登录页面_手机号输入框可见
2020-02-03 12:51:22,297 - [basepage.py-->line:60] - INFO:等待登录页面_手机号输入框可见成功，共等待0:00:00.074004
2020-02-03 12:51:22,298 - [basepage.py-->line:69] - INFO:查找登录页面_手机号输入框可见
2020-02-03 12:51:22,533 - [basepage.py-->line:117] - INFO:登录页面_手机号输入框输入内容成功
2020-02-03 12:51:22,534 - [basepage.py-->line:50] - INFO:等待登录页面_密码输入框可见
2020-02-03 12:51:22,610 - [basepage.py-->line:60] - INFO:等待登录页面_密码输入框可见成功，共等待0:00:00.076005
2020-02-03 12:51:22,611 - [basepage.py-->line:69] - INFO:查找登录页面_密码输入框可见
2020-02-03 12:51:22,903 - [basepage.py-->line:117] - INFO:登录页面_密码输入框输入内容成功
2020-02-03 12:51:22,904 - [basepage.py-->line:50] - INFO:等待登录页面_登录按钮可见
2020-02-03 12:51:22,994 - [basepage.py-->line:60] - INFO:等待登录页面_登录按钮可见成功，共等待0:00:00.089005
2020-02-03 12:51:22,994 - [basepage.py-->line:69] - INFO:查找登录页面_登录按钮可见
2020-02-03 12:51:23,015 - [basepage.py-->line:90] - INFO:点击登录页面_登录按钮元素
2020-02-03 12:51:25,054 - [basepage.py-->line:50] - INFO:等待登录成功后_弹窗关闭按钮可见
2020-02-03 12:51:25,180 - [basepage.py-->line:60] - INFO:等待登录成功后_弹窗关闭按钮可见成功，共等待0:00:00.126007
2020-02-03 12:51:25,180 - [basepage.py-->line:69] - INFO:查找登录成功后_弹窗关闭按钮可见
2020-02-03 12:51:25,197 - [basepage.py-->line:90] - INFO:点击登录成功后_弹窗关闭按钮元素
2020-02-03 12:51:25,409 - [basepage.py-->line:50] - INFO:等待加课页面_更多按钮可见
2020-02-03 12:51:25,476 - [basepage.py-->line:60] - INFO:等待加课页面_更多按钮可见成功，共等待0:00:00.066004
2020-02-03 12:51:25,476 - [basepage.py-->line:69] - INFO:查找加课页面_更多按钮可见
2020-02-03 12:51:25,494 - [basepage.py-->line:90] - INFO:点击加课页面_更多按钮元素
2020-02-03 12:51:26,180 - [basepage.py-->line:50] - INFO:等待加课页面_退课按钮可见
2020-02-03 12:51:26,274 - [basepage.py-->line:60] - INFO:等待加课页面_退课按钮可见成功，共等待0:00:00.093005
2020-02-03 12:51:26,275 - [basepage.py-->line:69] - INFO:查找加课页面_退课按钮可见
2020-02-03 12:51:26,305 - [basepage.py-->line:90] - INFO:点击加课页面_退课按钮元素
2020-02-03 12:51:26,743 - [basepage.py-->line:50] - INFO:等待退课弹窗_密码输入框可见
2020-02-03 12:51:26,836 - [basepage.py-->line:60] - INFO:等待退课弹窗_密码输入框可见成功，共等待0:00:00.093005
2020-02-03 12:51:26,837 - [basepage.py-->line:69] - INFO:查找退课弹窗_密码输入框可见
2020-02-03 12:51:27,053 - [basepage.py-->line:117] - INFO:退课弹窗_密码输入框输入内容成功
2020-02-03 12:51:27,054 - [basepage.py-->line:50] - INFO:等待退课弹窗_确定按钮可见
2020-02-03 12:51:27,124 - [basepage.py-->line:60] - INFO:等待退课弹窗_确定按钮可见成功，共等待0:00:00.070004
2020-02-03 12:51:27,125 - [basepage.py-->line:69] - INFO:查找退课弹窗_确定按钮可见
2020-02-03 12:51:27,148 - [basepage.py-->line:90] - INFO:点击退课弹窗_确定按钮元素
2020-02-03 12:51:27,603 - [basepage.py-->line:50] - INFO:等待加课成功/失败_提示语可见
2020-02-03 12:51:27,676 - [basepage.py-->line:60] - INFO:等待加课成功/失败_提示语可见成功，共等待0:00:00.073005
2020-02-03 12:51:27,677 - [basepage.py-->line:69] - INFO:查找加课成功/失败_提示语可见
2020-02-03 12:51:27,702 - [basepage.py-->line:130] - INFO:获取加课成功/失败_提示语文本内容
2020-02-03 12:51:27,744 - [basepage.py-->line:138] - INFO:加课成功/失败_提示语获取文本成功
2020-02-03 12:51:41,514 - [basepage.py-->line:50] - INFO:等待登录页面_手机号输入框可见
2020-02-03 12:51:41,624 - [basepage.py-->line:60] - INFO:等待登录页面_手机号输入框可见成功，共等待0:00:00.109006
2020-02-03 12:51:41,624 - [basepage.py-->line:69] - INFO:查找登录页面_手机号输入框可见
2020-02-03 12:51:41,989 - [basepage.py-->line:117] - INFO:登录页面_手机号输入框输入内容成功
2020-02-03 12:51:41,990 - [basepage.py-->line:50] - INFO:等待登录页面_密码输入框可见
2020-02-03 12:51:42,105 - [basepage.py-->line:60] - INFO:等待登录页面_密码输入框可见成功，共等待0:00:00.114007
2020-02-03 12:51:42,106 - [basepage.py-->line:69] - INFO:查找登录页面_密码输入框可见
2020-02-03 12:51:42,518 - [basepage.py-->line:117] - INFO:登录页面_密码输入框输入内容成功
2020-02-03 12:51:42,518 - [basepage.py-->line:50] - INFO:等待登录页面_登录按钮可见
2020-02-03 12:51:42,612 - [basepage.py-->line:60] - INFO:等待登录页面_登录按钮可见成功，共等待0:00:00.093005
2020-02-03 12:51:42,612 - [basepage.py-->line:69] - INFO:查找登录页面_登录按钮可见
2020-02-03 12:51:42,635 - [basepage.py-->line:90] - INFO:点击登录页面_登录按钮元素
2020-02-03 12:51:46,610 - [basepage.py-->line:50] - INFO:等待登录成功后_弹窗关闭按钮可见
2020-02-03 12:51:46,692 - [basepage.py-->line:60] - INFO:等待登录成功后_弹窗关闭按钮可见成功，共等待0:00:00.082004
2020-02-03 12:51:46,692 - [basepage.py-->line:69] - INFO:查找登录成功后_弹窗关闭按钮可见
2020-02-03 12:51:46,715 - [basepage.py-->line:90] - INFO:点击登录成功后_弹窗关闭按钮元素
2020-02-03 12:51:47,007 - [basepage.py-->line:50] - INFO:等待加课页_加课按钮可见
2020-02-03 12:51:47,123 - [basepage.py-->line:60] - INFO:等待加课页_加课按钮可见成功，共等待0:00:00.116007
2020-02-03 12:51:47,124 - [basepage.py-->line:69] - INFO:查找加课页_加课按钮可见
2020-02-03 12:51:47,148 - [basepage.py-->line:90] - INFO:点击加课页_加课按钮元素
2020-02-03 12:51:47,760 - [basepage.py-->line:50] - INFO:等待加课弹窗_输入加课码可见
2020-02-03 12:51:47,817 - [basepage.py-->line:60] - INFO:等待加课弹窗_输入加课码可见成功，共等待0:00:00.056004
2020-02-03 12:51:47,817 - [basepage.py-->line:69] - INFO:查找加课弹窗_输入加课码可见
2020-02-03 12:51:47,920 - [basepage.py-->line:117] - INFO:加课弹窗_输入加课码输入内容成功
2020-02-03 12:51:47,921 - [basepage.py-->line:50] - INFO:等待加课弹窗_确定按钮可见
2020-02-03 12:51:47,962 - [basepage.py-->line:60] - INFO:等待加课弹窗_确定按钮可见成功，共等待0:00:00.041003
2020-02-03 12:51:47,963 - [basepage.py-->line:69] - INFO:查找加课弹窗_确定按钮可见
2020-02-03 12:51:47,978 - [basepage.py-->line:90] - INFO:点击加课弹窗_确定按钮元素
2020-02-03 12:51:48,123 - [basepage.py-->line:50] - INFO:等待加课页面_课程标题可见
2020-02-03 12:51:48,759 - [basepage.py-->line:60] - INFO:等待加课页面_课程标题可见成功，共等待0:00:00.635036
2020-02-03 12:51:48,759 - [basepage.py-->line:69] - INFO:查找加课页面_课程标题可见
2020-02-03 12:51:48,786 - [basepage.py-->line:90] - INFO:点击加课页面_课程标题元素
2020-02-03 12:51:49,181 - [basepage.py-->line:50] - INFO:等待课程页面_作业按钮可见
2020-02-03 12:51:55,110 - [basepage.py-->line:60] - INFO:等待课程页面_作业按钮可见成功，共等待0:00:05.928339
2020-02-03 12:51:55,110 - [basepage.py-->line:69] - INFO:查找课程页面_作业按钮可见
2020-02-03 12:51:55,398 - [basepage.py-->line:90] - INFO:点击课程页面_作业按钮元素
2020-02-03 12:51:59,422 - [basepage.py-->line:50] - INFO:等待课程作业页面_已提交按钮可见
2020-02-03 12:51:59,495 - [basepage.py-->line:60] - INFO:等待课程作业页面_已提交按钮可见成功，共等待0:00:00.072005
2020-02-03 12:51:59,496 - [basepage.py-->line:69] - INFO:查找课程作业页面_已提交按钮可见
2020-02-03 12:51:59,520 - [basepage.py-->line:90] - INFO:点击课程作业页面_已提交按钮元素
2020-02-03 12:52:00,809 - [basepage.py-->line:50] - INFO:等待上传作业前_更新提交按钮可见
2020-02-03 12:52:01,500 - [basepage.py-->line:60] - INFO:等待上传作业前_更新提交按钮可见成功，共等待0:00:00.691039
2020-02-03 12:52:01,501 - [basepage.py-->line:69] - INFO:查找上传作业前_更新提交按钮可见
2020-02-03 12:52:01,532 - [basepage.py-->line:90] - INFO:点击上传作业前_更新提交按钮元素
2020-02-03 12:52:01,876 - [basepage.py-->line:50] - INFO:等待更新提交确定弹窗_确定按钮可见
2020-02-03 12:52:01,967 - [basepage.py-->line:60] - INFO:等待更新提交确定弹窗_确定按钮可见成功，共等待0:00:00.090005
2020-02-03 12:52:01,968 - [basepage.py-->line:69] - INFO:查找更新提交确定弹窗_确定按钮可见
2020-02-03 12:52:01,992 - [basepage.py-->line:90] - INFO:点击更新提交确定弹窗_确定按钮元素
2020-02-03 12:52:04,329 - [basepage.py-->line:50] - INFO:等待上传页面_点击添加文件按钮可见
2020-02-03 12:52:04,398 - [basepage.py-->line:60] - INFO:等待上传页面_点击添加文件按钮可见成功，共等待0:00:00.068004
2020-02-03 12:52:04,398 - [basepage.py-->line:69] - INFO:查找上传页面_点击添加文件按钮可见
2020-02-03 12:52:04,420 - [basepage.py-->line:90] - INFO:点击上传页面_点击添加文件按钮元素
2020-02-03 12:52:06,875 - [basepage.py-->line:218] - INFO:开始上传文件
2020-02-03 12:52:07,622 - [basepage.py-->line:225] - INFO:上传文件成功
2020-02-03 12:52:10,623 - [basepage.py-->line:50] - INFO:等待上传作业后_更新提交按钮可见
2020-02-03 12:52:10,690 - [basepage.py-->line:60] - INFO:等待上传作业后_更新提交按钮可见成功，共等待0:00:00.067004
2020-02-03 12:52:10,690 - [basepage.py-->line:69] - INFO:查找上传作业后_更新提交按钮可见
2020-02-03 12:52:10,712 - [basepage.py-->line:90] - INFO:点击上传作业后_更新提交按钮元素
2020-02-03 12:52:11,093 - [basepage.py-->line:50] - INFO:等待更新成功_知道了按钮可见
2020-02-03 12:52:11,695 - [basepage.py-->line:60] - INFO:等待更新成功_知道了按钮可见成功，共等待0:00:00.602034
2020-02-03 12:52:11,695 - [basepage.py-->line:69] - INFO:查找更新成功_知道了按钮可见
2020-02-03 12:52:11,719 - [basepage.py-->line:90] - INFO:点击更新成功_知道了按钮元素
2020-02-03 12:52:14,021 - [basepage.py-->line:50] - INFO:等待上传文件名称可见
2020-02-03 12:52:14,093 - [basepage.py-->line:60] - INFO:等待上传文件名称可见成功，共等待0:00:00.072004
2020-02-03 12:52:14,093 - [basepage.py-->line:69] - INFO:查找上传文件名称可见
2020-02-03 12:52:14,115 - [basepage.py-->line:130] - INFO:获取上传文件名称文本内容
2020-02-03 12:52:14,159 - [basepage.py-->line:138] - INFO:上传文件名称获取文本成功
2020-02-03 12:52:14,161 - [basepage.py-->line:50] - INFO:等待上传页面_返回按钮可见
2020-02-03 12:52:14,229 - [basepage.py-->line:60] - INFO:等待上传页面_返回按钮可见成功，共等待0:00:00.067004
2020-02-03 12:52:14,230 - [basepage.py-->line:69] - INFO:查找上传页面_返回按钮可见
2020-02-03 12:52:14,254 - [basepage.py-->line:90] - INFO:点击上传页面_返回按钮元素
2020-02-03 12:52:17,383 - [basepage.py-->line:50] - INFO:等待课程页面_课程按钮可见
2020-02-03 12:52:17,471 - [basepage.py-->line:60] - INFO:等待课程页面_课程按钮可见成功，共等待0:00:00.087005
2020-02-03 12:52:17,471 - [basepage.py-->line:69] - INFO:查找课程页面_课程按钮可见
2020-02-03 12:52:17,501 - [basepage.py-->line:90] - INFO:点击课程页面_课程按钮元素
2020-02-03 12:52:21,960 - [basepage.py-->line:50] - INFO:等待加课页面_更多按钮可见
2020-02-03 12:52:22,036 - [basepage.py-->line:60] - INFO:等待加课页面_更多按钮可见成功，共等待0:00:00.076005
2020-02-03 12:52:22,036 - [basepage.py-->line:69] - INFO:查找加课页面_更多按钮可见
2020-02-03 12:52:22,065 - [basepage.py-->line:90] - INFO:点击加课页面_更多按钮元素
2020-02-03 12:52:22,399 - [basepage.py-->line:50] - INFO:等待加课页面_退课按钮可见
2020-02-03 12:52:22,473 - [basepage.py-->line:60] - INFO:等待加课页面_退课按钮可见成功，共等待0:00:00.073004
2020-02-03 12:52:22,473 - [basepage.py-->line:69] - INFO:查找加课页面_退课按钮可见
2020-02-03 12:52:22,494 - [basepage.py-->line:90] - INFO:点击加课页面_退课按钮元素
2020-02-03 12:52:22,768 - [basepage.py-->line:50] - INFO:等待退课弹窗_密码输入框可见
2020-02-03 12:52:22,836 - [basepage.py-->line:60] - INFO:等待退课弹窗_密码输入框可见成功，共等待0:00:00.068004
2020-02-03 12:52:22,837 - [basepage.py-->line:69] - INFO:查找退课弹窗_密码输入框可见
2020-02-03 12:52:23,038 - [basepage.py-->line:117] - INFO:退课弹窗_密码输入框输入内容成功
2020-02-03 12:52:23,038 - [basepage.py-->line:50] - INFO:等待退课弹窗_确定按钮可见
2020-02-03 12:52:23,112 - [basepage.py-->line:60] - INFO:等待退课弹窗_确定按钮可见成功，共等待0:00:00.074004
2020-02-03 12:52:23,113 - [basepage.py-->line:69] - INFO:查找退课弹窗_确定按钮可见
2020-02-03 12:52:23,136 - [basepage.py-->line:90] - INFO:点击退课弹窗_确定按钮元素
2020-02-03 12:52:38,572 - [basepage.py-->line:50] - INFO:等待登录页面_手机号输入框可见
2020-02-03 12:52:38,722 - [basepage.py-->line:60] - INFO:等待登录页面_手机号输入框可见成功，共等待0:00:00.150008
2020-02-03 12:52:38,723 - [basepage.py-->line:69] - INFO:查找登录页面_手机号输入框可见
2020-02-03 12:52:39,025 - [basepage.py-->line:117] - INFO:登录页面_手机号输入框输入内容成功
2020-02-03 12:52:39,026 - [basepage.py-->line:50] - INFO:等待登录页面_密码输入框可见
2020-02-03 12:52:39,126 - [basepage.py-->line:60] - INFO:等待登录页面_密码输入框可见成功，共等待0:00:00.100005
2020-02-03 12:52:39,126 - [basepage.py-->line:69] - INFO:查找登录页面_密码输入框可见
2020-02-03 12:52:39,470 - [basepage.py-->line:117] - INFO:登录页面_密码输入框输入内容成功
2020-02-03 12:52:39,471 - [basepage.py-->line:50] - INFO:等待登录页面_登录按钮可见
2020-02-03 12:52:39,540 - [basepage.py-->line:60] - INFO:等待登录页面_登录按钮可见成功，共等待0:00:00.069004
2020-02-03 12:52:39,540 - [basepage.py-->line:69] - INFO:查找登录页面_登录按钮可见
2020-02-03 12:52:39,571 - [basepage.py-->line:90] - INFO:点击登录页面_登录按钮元素
2020-02-03 12:52:41,484 - [basepage.py-->line:50] - INFO:等待登录成功后_弹窗关闭按钮可见
2020-02-03 12:52:41,548 - [basepage.py-->line:60] - INFO:等待登录成功后_弹窗关闭按钮可见成功，共等待0:00:00.063004
2020-02-03 12:52:41,548 - [basepage.py-->line:69] - INFO:查找登录成功后_弹窗关闭按钮可见
2020-02-03 12:52:41,560 - [basepage.py-->line:90] - INFO:点击登录成功后_弹窗关闭按钮元素
2020-02-03 12:52:41,807 - [basepage.py-->line:50] - INFO:等待加课页_加课按钮可见
2020-02-03 12:52:41,891 - [basepage.py-->line:60] - INFO:等待加课页_加课按钮可见成功，共等待0:00:00.082004
2020-02-03 12:52:41,892 - [basepage.py-->line:69] - INFO:查找加课页_加课按钮可见
2020-02-03 12:52:41,931 - [basepage.py-->line:90] - INFO:点击加课页_加课按钮元素
2020-02-03 12:52:42,515 - [basepage.py-->line:50] - INFO:等待加课弹窗_输入加课码可见
2020-02-03 12:52:42,573 - [basepage.py-->line:60] - INFO:等待加课弹窗_输入加课码可见成功，共等待0:00:00.058003
2020-02-03 12:52:42,574 - [basepage.py-->line:69] - INFO:查找加课弹窗_输入加课码可见
2020-02-03 12:52:42,692 - [basepage.py-->line:117] - INFO:加课弹窗_输入加课码输入内容成功
2020-02-03 12:52:42,692 - [basepage.py-->line:50] - INFO:等待加课弹窗_确定按钮可见
2020-02-03 12:52:42,736 - [basepage.py-->line:60] - INFO:等待加课弹窗_确定按钮可见成功，共等待0:00:00.044003
2020-02-03 12:52:42,736 - [basepage.py-->line:69] - INFO:查找加课弹窗_确定按钮可见
2020-02-03 12:52:42,747 - [basepage.py-->line:90] - INFO:点击加课弹窗_确定按钮元素
2020-02-03 12:52:42,887 - [basepage.py-->line:50] - INFO:等待加课页面_课程标题可见
2020-02-03 12:52:43,486 - [basepage.py-->line:60] - INFO:等待加课页面_课程标题可见成功，共等待0:00:00.598035
2020-02-03 12:52:43,487 - [basepage.py-->line:69] - INFO:查找加课页面_课程标题可见
2020-02-03 12:52:43,510 - [basepage.py-->line:90] - INFO:点击加课页面_课程标题元素
2020-02-03 12:52:43,954 - [basepage.py-->line:50] - INFO:等待课程页面_作业按钮可见
2020-02-03 12:52:46,618 - [basepage.py-->line:60] - INFO:等待课程页面_作业按钮可见成功，共等待0:00:02.663153
2020-02-03 12:52:46,619 - [basepage.py-->line:69] - INFO:查找课程页面_作业按钮可见
2020-02-03 12:52:46,654 - [basepage.py-->line:90] - INFO:点击课程页面_作业按钮元素
2020-02-03 12:52:49,936 - [basepage.py-->line:50] - INFO:等待课程作业页面_已提交按钮可见
2020-02-03 12:52:50,017 - [basepage.py-->line:60] - INFO:等待课程作业页面_已提交按钮可见成功，共等待0:00:00.080004
2020-02-03 12:52:50,018 - [basepage.py-->line:69] - INFO:查找课程作业页面_已提交按钮可见
2020-02-03 12:52:50,046 - [basepage.py-->line:90] - INFO:点击课程作业页面_已提交按钮元素
2020-02-03 12:52:51,003 - [basepage.py-->line:50] - INFO:等待上传作业前_更新提交按钮可见
2020-02-03 12:52:51,646 - [basepage.py-->line:60] - INFO:等待上传作业前_更新提交按钮可见成功，共等待0:00:00.643036
2020-02-03 12:52:51,647 - [basepage.py-->line:69] - INFO:查找上传作业前_更新提交按钮可见
2020-02-03 12:52:51,670 - [basepage.py-->line:90] - INFO:点击上传作业前_更新提交按钮元素
2020-02-03 12:52:52,039 - [basepage.py-->line:50] - INFO:等待更新提交确定弹窗_确定按钮可见
2020-02-03 12:52:52,130 - [basepage.py-->line:60] - INFO:等待更新提交确定弹窗_确定按钮可见成功，共等待0:00:00.089005
2020-02-03 12:52:52,130 - [basepage.py-->line:69] - INFO:查找更新提交确定弹窗_确定按钮可见
2020-02-03 12:52:52,154 - [basepage.py-->line:90] - INFO:点击更新提交确定弹窗_确定按钮元素
2020-02-03 12:52:52,467 - [basepage.py-->line:50] - INFO:等待上传作业页面_点击留言输入框可见
2020-02-03 12:52:52,564 - [basepage.py-->line:60] - INFO:等待上传作业页面_点击留言输入框可见成功，共等待0:00:00.096006
2020-02-03 12:52:52,565 - [basepage.py-->line:69] - INFO:查找上传作业页面_点击留言输入框可见
2020-02-03 12:52:52,587 - [basepage.py-->line:90] - INFO:点击上传作业页面_点击留言输入框元素
2020-02-03 12:52:53,141 - [basepage.py-->line:69] - INFO:查找留言页面_清空输入框可见
2020-02-03 12:52:53,306 - [basepage.py-->line:236] - INFO:清空成功
2020-02-03 12:52:53,307 - [basepage.py-->line:50] - INFO:等待留言_输入框可见
2020-02-03 12:52:53,373 - [basepage.py-->line:60] - INFO:等待留言_输入框可见成功，共等待0:00:00.066004
2020-02-03 12:52:53,374 - [basepage.py-->line:69] - INFO:查找留言_输入框可见
2020-02-03 12:52:53,594 - [basepage.py-->line:117] - INFO:留言_输入框输入内容成功
2020-02-03 12:52:53,594 - [basepage.py-->line:50] - INFO:等待留言_保存按钮可见
2020-02-03 12:52:53,665 - [basepage.py-->line:60] - INFO:等待留言_保存按钮可见成功，共等待0:00:00.070004
2020-02-03 12:52:53,665 - [basepage.py-->line:69] - INFO:查找留言_保存按钮可见
2020-02-03 12:52:53,688 - [basepage.py-->line:90] - INFO:点击留言_保存按钮元素
2020-02-03 12:52:54,003 - [basepage.py-->line:50] - INFO:等待上传作业后_更新提交按钮可见
2020-02-03 12:52:54,087 - [basepage.py-->line:60] - INFO:等待上传作业后_更新提交按钮可见成功，共等待0:00:00.083005
2020-02-03 12:52:54,088 - [basepage.py-->line:69] - INFO:查找上传作业后_更新提交按钮可见
2020-02-03 12:52:54,110 - [basepage.py-->line:90] - INFO:点击上传作业后_更新提交按钮元素
2020-02-03 12:52:54,397 - [basepage.py-->line:50] - INFO:等待更新成功_知道了按钮可见
2020-02-03 12:52:55,169 - [basepage.py-->line:60] - INFO:等待更新成功_知道了按钮可见成功，共等待0:00:00.771044
2020-02-03 12:52:55,169 - [basepage.py-->line:69] - INFO:查找更新成功_知道了按钮可见
2020-02-03 12:52:55,191 - [basepage.py-->line:90] - INFO:点击更新成功_知道了按钮元素
2020-02-03 12:52:57,410 - [basepage.py-->line:50] - INFO:等待上传作业留言页面_留言输入框可见
2020-02-03 12:52:57,481 - [basepage.py-->line:60] - INFO:等待上传作业留言页面_留言输入框可见成功，共等待0:00:00.071004
2020-02-03 12:52:57,481 - [basepage.py-->line:69] - INFO:查找上传作业留言页面_留言输入框可见
2020-02-03 12:52:57,502 - [basepage.py-->line:130] - INFO:获取上传作业留言页面_留言输入框文本内容
2020-02-03 12:52:57,546 - [basepage.py-->line:138] - INFO:上传作业留言页面_留言输入框获取文本成功
2020-02-03 12:52:57,548 - [basepage.py-->line:50] - INFO:等待上传页面_返回按钮可见
2020-02-03 12:52:57,614 - [basepage.py-->line:60] - INFO:等待上传页面_返回按钮可见成功，共等待0:00:00.065004
2020-02-03 12:52:57,615 - [basepage.py-->line:69] - INFO:查找上传页面_返回按钮可见
2020-02-03 12:52:57,646 - [basepage.py-->line:90] - INFO:点击上传页面_返回按钮元素
2020-02-03 12:53:00,936 - [basepage.py-->line:50] - INFO:等待课程页面_课程按钮可见
2020-02-03 12:53:01,009 - [basepage.py-->line:60] - INFO:等待课程页面_课程按钮可见成功，共等待0:00:00.072004
2020-02-03 12:53:01,009 - [basepage.py-->line:69] - INFO:查找课程页面_课程按钮可见
2020-02-03 12:53:01,036 - [basepage.py-->line:90] - INFO:点击课程页面_课程按钮元素
2020-02-03 12:53:05,411 - [basepage.py-->line:50] - INFO:等待加课页面_更多按钮可见
2020-02-03 12:53:05,489 - [basepage.py-->line:60] - INFO:等待加课页面_更多按钮可见成功，共等待0:00:00.078004
2020-02-03 12:53:05,490 - [basepage.py-->line:69] - INFO:查找加课页面_更多按钮可见
2020-02-03 12:53:05,511 - [basepage.py-->line:90] - INFO:点击加课页面_更多按钮元素
2020-02-03 12:53:05,806 - [basepage.py-->line:50] - INFO:等待加课页面_退课按钮可见
2020-02-03 12:53:05,879 - [basepage.py-->line:60] - INFO:等待加课页面_退课按钮可见成功，共等待0:00:00.073004
2020-02-03 12:53:05,880 - [basepage.py-->line:69] - INFO:查找加课页面_退课按钮可见
2020-02-03 12:53:05,903 - [basepage.py-->line:90] - INFO:点击加课页面_退课按钮元素
2020-02-03 12:53:06,242 - [basepage.py-->line:50] - INFO:等待退课弹窗_密码输入框可见
2020-02-03 12:53:06,316 - [basepage.py-->line:60] - INFO:等待退课弹窗_密码输入框可见成功，共等待0:00:00.073004
2020-02-03 12:53:06,317 - [basepage.py-->line:69] - INFO:查找退课弹窗_密码输入框可见
2020-02-03 12:53:06,571 - [basepage.py-->line:117] - INFO:退课弹窗_密码输入框输入内容成功
2020-02-03 12:53:06,571 - [basepage.py-->line:50] - INFO:等待退课弹窗_确定按钮可见
2020-02-03 12:53:06,636 - [basepage.py-->line:60] - INFO:等待退课弹窗_确定按钮可见成功，共等待0:00:00.064004
2020-02-03 12:53:06,636 - [basepage.py-->line:69] - INFO:查找退课弹窗_确定按钮可见
2020-02-03 12:53:06,660 - [basepage.py-->line:90] - INFO:点击退课弹窗_确定按钮元素
2020-02-03 12:53:19,935 - [basepage.py-->line:50] - INFO:等待登录页面_手机号输入框可见
2020-02-03 12:53:20,062 - [basepage.py-->line:60] - INFO:等待登录页面_手机号输入框可见成功，共等待0:00:00.126008
2020-02-03 12:53:20,063 - [basepage.py-->line:69] - INFO:查找登录页面_手机号输入框可见
2020-02-03 12:53:20,407 - [basepage.py-->line:117] - INFO:登录页面_手机号输入框输入内容成功
2020-02-03 12:53:20,408 - [basepage.py-->line:50] - INFO:等待登录页面_密码输入框可见
2020-02-03 12:53:20,476 - [basepage.py-->line:60] - INFO:等待登录页面_密码输入框可见成功，共等待0:00:00.068004
2020-02-03 12:53:20,476 - [basepage.py-->line:69] - INFO:查找登录页面_密码输入框可见
2020-02-03 12:53:20,717 - [basepage.py-->line:117] - INFO:登录页面_密码输入框输入内容成功
2020-02-03 12:53:20,718 - [basepage.py-->line:50] - INFO:等待登录页面_登录按钮可见
2020-02-03 12:53:20,769 - [basepage.py-->line:60] - INFO:等待登录页面_登录按钮可见成功，共等待0:00:00.051003
2020-02-03 12:53:20,770 - [basepage.py-->line:69] - INFO:查找登录页面_登录按钮可见
2020-02-03 12:53:20,789 - [basepage.py-->line:90] - INFO:点击登录页面_登录按钮元素
2020-02-03 12:53:20,991 - [basepage.py-->line:50] - INFO:等待登录成功后_弹窗关闭按钮可见
2020-02-03 12:53:22,935 - [basepage.py-->line:60] - INFO:等待登录成功后_弹窗关闭按钮可见成功，共等待0:00:01.943111
2020-02-03 12:53:22,935 - [basepage.py-->line:69] - INFO:查找登录成功后_弹窗关闭按钮可见
2020-02-03 12:53:22,957 - [basepage.py-->line:90] - INFO:点击登录成功后_弹窗关闭按钮元素
2020-02-03 12:53:23,214 - [basepage.py-->line:50] - INFO:等待课程页面_私信按钮可见
2020-02-03 12:53:23,324 - [basepage.py-->line:60] - INFO:等待课程页面_私信按钮可见成功，共等待0:00:00.110006
2020-02-03 12:53:23,324 - [basepage.py-->line:69] - INFO:查找课程页面_私信按钮可见
2020-02-03 12:53:23,369 - [basepage.py-->line:90] - INFO:点击课程页面_私信按钮元素
2020-02-03 12:53:23,750 - [basepage.py-->line:196] - INFO:切换课程页面_切换私信窗口窗口成功
2020-02-03 12:53:23,753 - [basepage.py-->line:50] - INFO:等待私信页面_输入信息可见
2020-02-03 12:53:25,045 - [basepage.py-->line:60] - INFO:等待私信页面_输入信息可见成功，共等待0:00:01.292074
2020-02-03 12:53:25,045 - [basepage.py-->line:69] - INFO:查找私信页面_输入信息可见
2020-02-03 12:53:25,775 - [basepage.py-->line:117] - INFO:私信页面_输入信息输入内容成功
2020-02-03 12:53:25,776 - [basepage.py-->line:50] - INFO:等待私信页面_发送按钮可见
2020-02-03 12:53:25,934 - [basepage.py-->line:60] - INFO:等待私信页面_发送按钮可见成功，共等待0:00:00.158009
2020-02-03 12:53:25,935 - [basepage.py-->line:69] - INFO:查找私信页面_发送按钮可见
2020-02-03 12:53:25,957 - [basepage.py-->line:90] - INFO:点击私信页面_发送按钮元素
2020-02-03 12:53:26,266 - [basepage.py-->line:50] - INFO:等待文本元素可见
2020-02-03 12:53:27,172 - [basepage.py-->line:60] - INFO:等待文本元素可见成功，共等待0:00:00.904051
2020-02-03 12:53:27,172 - [basepage.py-->line:50] - INFO:等待私信页面_第一条私信可见
2020-02-03 12:53:27,244 - [basepage.py-->line:60] - INFO:等待私信页面_第一条私信可见成功，共等待0:00:00.072004
2020-02-03 12:53:27,245 - [basepage.py-->line:69] - INFO:查找私信页面_第一条私信可见
2020-02-03 12:53:27,280 - [basepage.py-->line:130] - INFO:获取私信页面_第一条私信文本内容
2020-02-03 12:53:27,339 - [basepage.py-->line:138] - INFO:私信页面_第一条私信获取文本成功
2020-02-03 12:53:39,834 - [basepage.py-->line:50] - INFO:等待登录页面_手机号输入框可见
2020-02-03 12:53:39,955 - [basepage.py-->line:60] - INFO:等待登录页面_手机号输入框可见成功，共等待0:00:00.120006
2020-02-03 12:53:39,956 - [basepage.py-->line:69] - INFO:查找登录页面_手机号输入框可见
2020-02-03 12:53:40,206 - [basepage.py-->line:117] - INFO:登录页面_手机号输入框输入内容成功
2020-02-03 12:53:40,207 - [basepage.py-->line:50] - INFO:等待登录页面_密码输入框可见
2020-02-03 12:53:40,300 - [basepage.py-->line:60] - INFO:等待登录页面_密码输入框可见成功，共等待0:00:00.093005
2020-02-03 12:53:40,301 - [basepage.py-->line:69] - INFO:查找登录页面_密码输入框可见
2020-02-03 12:53:40,632 - [basepage.py-->line:117] - INFO:登录页面_密码输入框输入内容成功
2020-02-03 12:53:40,634 - [basepage.py-->line:50] - INFO:等待登录页面_登录按钮可见
2020-02-03 12:53:40,698 - [basepage.py-->line:60] - INFO:等待登录页面_登录按钮可见成功，共等待0:00:00.064004
2020-02-03 12:53:40,699 - [basepage.py-->line:69] - INFO:查找登录页面_登录按钮可见
2020-02-03 12:53:40,721 - [basepage.py-->line:90] - INFO:点击登录页面_登录按钮元素
2020-02-03 12:53:42,942 - [basepage.py-->line:50] - INFO:等待登录成功后_弹窗关闭按钮可见
2020-02-03 12:53:43,021 - [basepage.py-->line:60] - INFO:等待登录成功后_弹窗关闭按钮可见成功，共等待0:00:00.079005
2020-02-03 12:53:43,021 - [basepage.py-->line:69] - INFO:查找登录成功后_弹窗关闭按钮可见
2020-02-03 12:53:43,041 - [basepage.py-->line:90] - INFO:点击登录成功后_弹窗关闭按钮元素
2020-02-03 12:53:43,292 - [basepage.py-->line:50] - INFO:等待课程页面_私信按钮可见
2020-02-03 12:53:43,365 - [basepage.py-->line:60] - INFO:等待课程页面_私信按钮可见成功，共等待0:00:00.072005
2020-02-03 12:53:43,365 - [basepage.py-->line:69] - INFO:查找课程页面_私信按钮可见
2020-02-03 12:53:43,390 - [basepage.py-->line:90] - INFO:点击课程页面_私信按钮元素
2020-02-03 12:53:43,796 - [basepage.py-->line:196] - INFO:切换课程页面_切换私信窗口窗口成功
2020-02-03 12:53:43,800 - [basepage.py-->line:50] - INFO:等待私信页面_输入信息可见
2020-02-03 12:53:45,473 - [basepage.py-->line:60] - INFO:等待私信页面_输入信息可见成功，共等待0:00:01.672096
2020-02-03 12:53:45,473 - [basepage.py-->line:69] - INFO:查找私信页面_输入信息可见
2020-02-03 12:53:45,610 - [basepage.py-->line:117] - INFO:私信页面_输入信息输入内容成功
2020-02-03 12:53:45,611 - [basepage.py-->line:50] - INFO:等待私信页面_发送按钮可见
2020-02-03 12:53:45,700 - [basepage.py-->line:60] - INFO:等待私信页面_发送按钮可见成功，共等待0:00:00.089005
2020-02-03 12:53:45,701 - [basepage.py-->line:69] - INFO:查找私信页面_发送按钮可见
2020-02-03 12:53:45,724 - [basepage.py-->line:90] - INFO:点击私信页面_发送按钮元素
2020-02-03 12:53:46,035 - [basepage.py-->line:50] - INFO:等待私信页面_发空消息可见
2020-02-03 12:53:46,152 - [basepage.py-->line:60] - INFO:等待私信页面_发空消息可见成功，共等待0:00:00.116007
2020-02-03 12:53:46,152 - [basepage.py-->line:69] - INFO:查找私信页面_发空消息可见
2020-02-03 12:53:46,178 - [basepage.py-->line:130] - INFO:获取私信页面_发空消息文本内容
2020-02-03 12:53:46,406 - [basepage.py-->line:138] - INFO:私信页面_发空消息获取文本成功
2020-02-03 12:53:58,824 - [basepage.py-->line:50] - INFO:等待登录页面_手机号输入框可见
2020-02-03 12:53:58,926 - [basepage.py-->line:60] - INFO:等待登录页面_手机号输入框可见成功，共等待0:00:00.102006
2020-02-03 12:53:58,927 - [basepage.py-->line:69] - INFO:查找登录页面_手机号输入框可见
2020-02-03 12:53:59,388 - [basepage.py-->line:117] - INFO:登录页面_手机号输入框输入内容成功
2020-02-03 12:53:59,389 - [basepage.py-->line:50] - INFO:等待登录页面_密码输入框可见
2020-02-03 12:53:59,460 - [basepage.py-->line:60] - INFO:等待登录页面_密码输入框可见成功，共等待0:00:00.071004
2020-02-03 12:53:59,460 - [basepage.py-->line:69] - INFO:查找登录页面_密码输入框可见
2020-02-03 12:53:59,808 - [basepage.py-->line:117] - INFO:登录页面_密码输入框输入内容成功
2020-02-03 12:53:59,808 - [basepage.py-->line:50] - INFO:等待登录页面_登录按钮可见
2020-02-03 12:53:59,891 - [basepage.py-->line:60] - INFO:等待登录页面_登录按钮可见成功，共等待0:00:00.082005
2020-02-03 12:53:59,892 - [basepage.py-->line:69] - INFO:查找登录页面_登录按钮可见
2020-02-03 12:53:59,911 - [basepage.py-->line:90] - INFO:点击登录页面_登录按钮元素
2020-02-03 12:54:00,114 - [basepage.py-->line:50] - INFO:等待登录成功后_弹窗关闭按钮可见
2020-02-03 12:54:01,803 - [basepage.py-->line:60] - INFO:等待登录成功后_弹窗关闭按钮可见成功，共等待0:00:01.688096
2020-02-03 12:54:01,804 - [basepage.py-->line:69] - INFO:查找登录成功后_弹窗关闭按钮可见
2020-02-03 12:54:01,818 - [basepage.py-->line:90] - INFO:点击登录成功后_弹窗关闭按钮元素
2020-02-03 12:54:02,040 - [basepage.py-->line:50] - INFO:等待课程页面_私信按钮可见
2020-02-03 12:54:02,121 - [basepage.py-->line:60] - INFO:等待课程页面_私信按钮可见成功，共等待0:00:00.080004
2020-02-03 12:54:02,122 - [basepage.py-->line:69] - INFO:查找课程页面_私信按钮可见
2020-02-03 12:54:02,137 - [basepage.py-->line:90] - INFO:点击课程页面_私信按钮元素
2020-02-03 12:54:02,440 - [basepage.py-->line:196] - INFO:切换课程页面_切换私信窗口窗口成功
2020-02-03 12:54:02,443 - [basepage.py-->line:50] - INFO:等待私信页面_附件按钮可见
2020-02-03 12:54:03,531 - [basepage.py-->line:60] - INFO:等待私信页面_附件按钮可见成功，共等待0:00:01.087062
2020-02-03 12:54:03,531 - [basepage.py-->line:69] - INFO:查找私信页面_附件按钮可见
2020-02-03 12:54:03,543 - [basepage.py-->line:90] - INFO:点击私信页面_附件按钮元素
2020-02-03 12:54:07,262 - [basepage.py-->line:218] - INFO:开始上传文件
2020-02-03 12:54:07,506 - [basepage.py-->line:225] - INFO:上传文件成功
2020-02-03 12:54:10,506 - [basepage.py-->line:50] - INFO:等待文本元素可见
2020-02-03 12:54:10,579 - [basepage.py-->line:60] - INFO:等待文本元素可见成功，共等待0:00:00.073004
2020-02-03 12:54:10,579 - [basepage.py-->line:50] - INFO:等待私信页面_第一条私信可见
2020-02-03 12:54:10,639 - [basepage.py-->line:60] - INFO:等待私信页面_第一条私信可见成功，共等待0:00:00.060004
2020-02-03 12:54:10,639 - [basepage.py-->line:69] - INFO:查找私信页面_第一条私信可见
2020-02-03 12:54:10,664 - [basepage.py-->line:130] - INFO:获取私信页面_第一条私信文本内容
2020-02-03 12:54:10,733 - [basepage.py-->line:138] - INFO:私信页面_第一条私信获取文本成功
