2020-02-03 13:10:51,200 - [basepage.py-->line:50] - INFO:等待登录页面_手机号输入框可见
2020-02-03 13:10:51,268 - [basepage.py-->line:60] - INFO:等待登录页面_手机号输入框可见成功，共等待0:00:00.067004
2020-02-03 13:10:51,269 - [basepage.py-->line:69] - INFO:查找登录页面_手机号输入框可见
2020-02-03 13:10:51,578 - [basepage.py-->line:117] - INFO:登录页面_手机号输入框输入内容成功
2020-02-03 13:10:51,579 - [basepage.py-->line:50] - INFO:等待登录页面_密码输入框可见
2020-02-03 13:10:51,640 - [basepage.py-->line:60] - INFO:等待登录页面_密码输入框可见成功，共等待0:00:00.061004
2020-02-03 13:10:51,641 - [basepage.py-->line:69] - INFO:查找登录页面_密码输入框可见
2020-02-03 13:10:51,935 - [basepage.py-->line:117] - INFO:登录页面_密码输入框输入内容成功
2020-02-03 13:10:51,936 - [basepage.py-->line:50] - INFO:等待登录页面_登录按钮可见
2020-02-03 13:10:52,000 - [basepage.py-->line:60] - INFO:等待登录页面_登录按钮可见成功，共等待0:00:00.064004
2020-02-03 13:10:52,001 - [basepage.py-->line:69] - INFO:查找登录页面_登录按钮可见
2020-02-03 13:10:52,020 - [basepage.py-->line:90] - INFO:点击登录页面_登录按钮元素
2020-02-03 13:10:57,262 - [test_01_login.py-->line:20] - INFO:正常登陆案例通过
2020-02-03 13:11:08,767 - [basepage.py-->line:50] - INFO:等待登录页面_手机号输入框可见
2020-02-03 13:11:08,811 - [basepage.py-->line:60] - INFO:等待登录页面_手机号输入框可见成功，共等待0:00:00.042003
2020-02-03 13:11:08,811 - [basepage.py-->line:69] - INFO:查找登录页面_手机号输入框可见
2020-02-03 13:11:08,891 - [basepage.py-->line:117] - INFO:登录页面_手机号输入框输入内容成功
2020-02-03 13:11:08,892 - [basepage.py-->line:50] - INFO:等待登录页面_密码输入框可见
2020-02-03 13:11:08,929 - [basepage.py-->line:60] - INFO:等待登录页面_密码输入框可见成功，共等待0:00:00.037002
2020-02-03 13:11:08,930 - [basepage.py-->line:69] - INFO:查找登录页面_密码输入框可见
2020-02-03 13:11:09,022 - [basepage.py-->line:117] - INFO:登录页面_密码输入框输入内容成功
2020-02-03 13:11:09,022 - [basepage.py-->line:50] - INFO:等待登录页面_登录按钮可见
2020-02-03 13:11:09,073 - [basepage.py-->line:60] - INFO:等待登录页面_登录按钮可见成功，共等待0:00:00.050003
2020-02-03 13:11:09,073 - [basepage.py-->line:69] - INFO:查找登录页面_登录按钮可见
2020-02-03 13:11:09,103 - [basepage.py-->line:90] - INFO:点击登录页面_登录按钮元素
2020-02-03 13:11:09,272 - [basepage.py-->line:50] - INFO:等待登录页面_账号错误提示语可见
2020-02-03 13:11:30,904 - [basepage.py-->line:39] - INFO:保存截图成功
2020-02-03 13:11:30,905 - [basepage.py-->line:56] - ERROR:等待登录页面_账号错误提示语失败，保存截图
2020-02-03 13:11:50,180 - [basepage.py-->line:50] - INFO:等待登录页面_手机号输入框可见
2020-02-03 13:11:50,251 - [basepage.py-->line:60] - INFO:等待登录页面_手机号输入框可见成功，共等待0:00:00.070004
2020-02-03 13:11:50,252 - [basepage.py-->line:69] - INFO:查找登录页面_手机号输入框可见
2020-02-03 13:11:50,463 - [basepage.py-->line:117] - INFO:登录页面_手机号输入框输入内容成功
2020-02-03 13:11:50,464 - [basepage.py-->line:50] - INFO:等待登录页面_密码输入框可见
2020-02-03 13:11:50,550 - [basepage.py-->line:60] - INFO:等待登录页面_密码输入框可见成功，共等待0:00:00.086005
2020-02-03 13:11:50,551 - [basepage.py-->line:69] - INFO:查找登录页面_密码输入框可见
2020-02-03 13:11:50,898 - [basepage.py-->line:117] - INFO:登录页面_密码输入框输入内容成功
2020-02-03 13:11:50,899 - [basepage.py-->line:50] - INFO:等待登录页面_登录按钮可见
2020-02-03 13:11:50,976 - [basepage.py-->line:60] - INFO:等待登录页面_登录按钮可见成功，共等待0:00:00.077004
2020-02-03 13:11:50,976 - [basepage.py-->line:69] - INFO:查找登录页面_登录按钮可见
2020-02-03 13:11:50,996 - [basepage.py-->line:90] - INFO:点击登录页面_登录按钮元素
2020-02-03 13:11:51,216 - [basepage.py-->line:50] - INFO:等待登录页面_账号错误提示语可见
2020-02-03 13:11:51,284 - [basepage.py-->line:60] - INFO:等待登录页面_账号错误提示语可见成功，共等待0:00:00.067004
2020-02-03 13:11:51,285 - [basepage.py-->line:69] - INFO:查找登录页面_账号错误提示语可见
2020-02-03 13:11:51,309 - [basepage.py-->line:130] - INFO:获取登录页面_账号错误提示语文本内容
2020-02-03 13:11:51,374 - [basepage.py-->line:138] - INFO:登录页面_账号错误提示语获取文本成功
2020-02-03 13:11:51,374 - [test_01_login.py-->line:25] - INFO:手机号不正确，密码正确案例通过
2020-02-03 13:12:07,466 - [basepage.py-->line:50] - INFO:等待登录页面_手机号输入框可见
2020-02-03 13:12:07,553 - [basepage.py-->line:60] - INFO:等待登录页面_手机号输入框可见成功，共等待0:00:00.087005
2020-02-03 13:12:07,553 - [basepage.py-->line:69] - INFO:查找登录页面_手机号输入框可见
2020-02-03 13:12:07,961 - [basepage.py-->line:117] - INFO:登录页面_手机号输入框输入内容成功
2020-02-03 13:12:07,962 - [basepage.py-->line:50] - INFO:等待登录页面_密码输入框可见
2020-02-03 13:12:08,021 - [basepage.py-->line:60] - INFO:等待登录页面_密码输入框可见成功，共等待0:00:00.059003
2020-02-03 13:12:08,022 - [basepage.py-->line:69] - INFO:查找登录页面_密码输入框可见
2020-02-03 13:12:08,226 - [basepage.py-->line:117] - INFO:登录页面_密码输入框输入内容成功
2020-02-03 13:12:08,227 - [basepage.py-->line:50] - INFO:等待登录页面_登录按钮可见
2020-02-03 13:12:08,284 - [basepage.py-->line:60] - INFO:等待登录页面_登录按钮可见成功，共等待0:00:00.056003
2020-02-03 13:12:08,284 - [basepage.py-->line:69] - INFO:查找登录页面_登录按钮可见
2020-02-03 13:12:08,301 - [basepage.py-->line:90] - INFO:点击登录页面_登录按钮元素
2020-02-03 13:12:08,511 - [basepage.py-->line:69] - INFO:查找清空手机号可见
2020-02-03 13:12:08,903 - [basepage.py-->line:69] - INFO:查找清空密码可见
2020-02-03 13:12:08,988 - [basepage.py-->line:50] - INFO:等待登录页面_手机号输入框可见
2020-02-03 13:12:09,029 - [basepage.py-->line:60] - INFO:等待登录页面_手机号输入框可见成功，共等待0:00:00.041002
2020-02-03 13:12:09,029 - [basepage.py-->line:69] - INFO:查找登录页面_手机号输入框可见
2020-02-03 13:12:09,101 - [basepage.py-->line:117] - INFO:登录页面_手机号输入框输入内容成功
2020-02-03 13:12:09,101 - [basepage.py-->line:50] - INFO:等待登录页面_密码输入框可见
2020-02-03 13:12:09,146 - [basepage.py-->line:60] - INFO:等待登录页面_密码输入框可见成功，共等待0:00:00.045003
2020-02-03 13:12:09,147 - [basepage.py-->line:69] - INFO:查找登录页面_密码输入框可见
2020-02-03 13:12:09,325 - [basepage.py-->line:117] - INFO:登录页面_密码输入框输入内容成功
2020-02-03 13:12:09,326 - [basepage.py-->line:50] - INFO:等待登录页面_登录按钮可见
2020-02-03 13:12:09,361 - [basepage.py-->line:60] - INFO:等待登录页面_登录按钮可见成功，共等待0:00:00.035002
2020-02-03 13:12:09,362 - [basepage.py-->line:69] - INFO:查找登录页面_登录按钮可见
2020-02-03 13:12:09,379 - [basepage.py-->line:90] - INFO:点击登录页面_登录按钮元素
2020-02-03 13:12:09,532 - [basepage.py-->line:50] - INFO:等待登录页面_账号错误提示语可见
2020-02-03 13:12:09,581 - [basepage.py-->line:60] - INFO:等待登录页面_账号错误提示语可见成功，共等待0:00:00.048002
2020-02-03 13:12:09,582 - [basepage.py-->line:69] - INFO:查找登录页面_账号错误提示语可见
2020-02-03 13:12:09,597 - [basepage.py-->line:130] - INFO:获取登录页面_账号错误提示语文本内容
2020-02-03 13:12:09,627 - [basepage.py-->line:138] - INFO:登录页面_账号错误提示语获取文本成功
2020-02-03 13:12:09,628 - [test_01_login.py-->line:33] - INFO:手机号为空，密码正确案例通过
2020-02-03 13:12:22,636 - [basepage.py-->line:50] - INFO:等待登录页面_手机号输入框可见
2020-02-03 13:12:22,712 - [basepage.py-->line:60] - INFO:等待登录页面_手机号输入框可见成功，共等待0:00:00.076005
2020-02-03 13:12:22,713 - [basepage.py-->line:69] - INFO:查找登录页面_手机号输入框可见
2020-02-03 13:12:23,002 - [basepage.py-->line:117] - INFO:登录页面_手机号输入框输入内容成功
2020-02-03 13:12:23,003 - [basepage.py-->line:50] - INFO:等待登录页面_密码输入框可见
2020-02-03 13:12:23,085 - [basepage.py-->line:60] - INFO:等待登录页面_密码输入框可见成功，共等待0:00:00.081005
2020-02-03 13:12:23,086 - [basepage.py-->line:69] - INFO:查找登录页面_密码输入框可见
2020-02-03 13:12:23,396 - [basepage.py-->line:117] - INFO:登录页面_密码输入框输入内容成功
2020-02-03 13:12:23,397 - [basepage.py-->line:50] - INFO:等待登录页面_登录按钮可见
2020-02-03 13:12:23,470 - [basepage.py-->line:60] - INFO:等待登录页面_登录按钮可见成功，共等待0:00:00.072004
2020-02-03 13:12:23,470 - [basepage.py-->line:69] - INFO:查找登录页面_登录按钮可见
2020-02-03 13:12:23,495 - [basepage.py-->line:90] - INFO:点击登录页面_登录按钮元素
2020-02-03 13:12:23,733 - [basepage.py-->line:69] - INFO:查找清空手机号可见
2020-02-03 13:12:23,881 - [basepage.py-->line:69] - INFO:查找清空密码可见
2020-02-03 13:12:24,005 - [basepage.py-->line:50] - INFO:等待登录页面_手机号输入框可见
2020-02-03 13:12:24,053 - [basepage.py-->line:60] - INFO:等待登录页面_手机号输入框可见成功，共等待0:00:00.048003
2020-02-03 13:12:24,053 - [basepage.py-->line:69] - INFO:查找登录页面_手机号输入框可见
2020-02-03 13:12:24,252 - [basepage.py-->line:117] - INFO:登录页面_手机号输入框输入内容成功
2020-02-03 13:12:24,253 - [basepage.py-->line:50] - INFO:等待登录页面_密码输入框可见
2020-02-03 13:12:24,310 - [basepage.py-->line:60] - INFO:等待登录页面_密码输入框可见成功，共等待0:00:00.057003
2020-02-03 13:12:24,310 - [basepage.py-->line:69] - INFO:查找登录页面_密码输入框可见
2020-02-03 13:12:24,424 - [basepage.py-->line:117] - INFO:登录页面_密码输入框输入内容成功
2020-02-03 13:12:24,425 - [basepage.py-->line:50] - INFO:等待登录页面_登录按钮可见
2020-02-03 13:12:24,486 - [basepage.py-->line:60] - INFO:等待登录页面_登录按钮可见成功，共等待0:00:00.060003
2020-02-03 13:12:24,487 - [basepage.py-->line:69] - INFO:查找登录页面_登录按钮可见
2020-02-03 13:12:24,510 - [basepage.py-->line:90] - INFO:点击登录页面_登录按钮元素
2020-02-03 13:12:24,689 - [basepage.py-->line:50] - INFO:等待登录页面_账号错误提示语可见
2020-02-03 13:12:24,773 - [basepage.py-->line:60] - INFO:等待登录页面_账号错误提示语可见成功，共等待0:00:00.083004
2020-02-03 13:12:24,773 - [basepage.py-->line:69] - INFO:查找登录页面_账号错误提示语可见
2020-02-03 13:12:24,797 - [basepage.py-->line:130] - INFO:获取登录页面_账号错误提示语文本内容
2020-02-03 13:12:24,845 - [basepage.py-->line:138] - INFO:登录页面_账号错误提示语获取文本成功
2020-02-03 13:12:24,846 - [test_01_login.py-->line:41] - INFO:手机号正确，密码为空案例通过
2020-02-03 13:12:37,788 - [basepage.py-->line:50] - INFO:等待登录页面_手机号输入框可见
2020-02-03 13:12:37,868 - [basepage.py-->line:60] - INFO:等待登录页面_手机号输入框可见成功，共等待0:00:00.079004
2020-02-03 13:12:37,868 - [basepage.py-->line:69] - INFO:查找登录页面_手机号输入框可见
2020-02-03 13:12:38,163 - [basepage.py-->line:117] - INFO:登录页面_手机号输入框输入内容成功
2020-02-03 13:12:38,164 - [basepage.py-->line:50] - INFO:等待登录页面_密码输入框可见
2020-02-03 13:12:38,242 - [basepage.py-->line:60] - INFO:等待登录页面_密码输入框可见成功，共等待0:00:00.078005
2020-02-03 13:12:38,243 - [basepage.py-->line:69] - INFO:查找登录页面_密码输入框可见
2020-02-03 13:12:38,606 - [basepage.py-->line:117] - INFO:登录页面_密码输入框输入内容成功
2020-02-03 13:12:38,607 - [basepage.py-->line:50] - INFO:等待登录页面_登录按钮可见
2020-02-03 13:12:38,681 - [basepage.py-->line:60] - INFO:等待登录页面_登录按钮可见成功，共等待0:00:00.073004
2020-02-03 13:12:38,681 - [basepage.py-->line:69] - INFO:查找登录页面_登录按钮可见
2020-02-03 13:12:38,701 - [basepage.py-->line:90] - INFO:点击登录页面_登录按钮元素
2020-02-03 13:12:42,209 - [basepage.py-->line:50] - INFO:等待登录成功后_弹窗关闭按钮可见
2020-02-03 13:12:42,293 - [basepage.py-->line:60] - INFO:等待登录成功后_弹窗关闭按钮可见成功，共等待0:00:00.084004
2020-02-03 13:12:42,293 - [basepage.py-->line:69] - INFO:查找登录成功后_弹窗关闭按钮可见
2020-02-03 13:12:42,320 - [basepage.py-->line:90] - INFO:点击登录成功后_弹窗关闭按钮元素
2020-02-03 13:12:42,702 - [basepage.py-->line:50] - INFO:等待加课页_加课按钮可见
2020-02-03 13:12:42,816 - [basepage.py-->line:60] - INFO:等待加课页_加课按钮可见成功，共等待0:00:00.114006
2020-02-03 13:12:42,817 - [basepage.py-->line:69] - INFO:查找加课页_加课按钮可见
2020-02-03 13:12:42,846 - [basepage.py-->line:90] - INFO:点击加课页_加课按钮元素
2020-02-03 13:12:43,667 - [basepage.py-->line:50] - INFO:等待加课弹窗_输入加课码可见
2020-02-03 13:12:43,724 - [basepage.py-->line:60] - INFO:等待加课弹窗_输入加课码可见成功，共等待0:00:00.057003
2020-02-03 13:12:43,725 - [basepage.py-->line:69] - INFO:查找加课弹窗_输入加课码可见
2020-02-03 13:12:43,894 - [basepage.py-->line:117] - INFO:加课弹窗_输入加课码输入内容成功
2020-02-03 13:12:43,895 - [basepage.py-->line:50] - INFO:等待加课弹窗_确定按钮可见
2020-02-03 13:12:43,957 - [basepage.py-->line:60] - INFO:等待加课弹窗_确定按钮可见成功，共等待0:00:00.062004
2020-02-03 13:12:43,958 - [basepage.py-->line:69] - INFO:查找加课弹窗_确定按钮可见
2020-02-03 13:12:43,978 - [basepage.py-->line:90] - INFO:点击加课弹窗_确定按钮元素
2020-02-03 13:12:44,198 - [basepage.py-->line:50] - INFO:等待加课成功/失败_提示语可见
2020-02-03 13:12:44,794 - [basepage.py-->line:60] - INFO:等待加课成功/失败_提示语可见成功，共等待0:00:00.596035
2020-02-03 13:12:44,795 - [basepage.py-->line:69] - INFO:查找加课成功/失败_提示语可见
2020-02-03 13:12:44,816 - [basepage.py-->line:130] - INFO:获取加课成功/失败_提示语文本内容
2020-02-03 13:12:44,857 - [basepage.py-->line:138] - INFO:加课成功/失败_提示语获取文本成功
2020-02-03 13:12:57,110 - [basepage.py-->line:50] - INFO:等待登录页面_手机号输入框可见
2020-02-03 13:12:57,189 - [basepage.py-->line:60] - INFO:等待登录页面_手机号输入框可见成功，共等待0:00:00.078005
2020-02-03 13:12:57,190 - [basepage.py-->line:69] - INFO:查找登录页面_手机号输入框可见
2020-02-03 13:12:57,487 - [basepage.py-->line:117] - INFO:登录页面_手机号输入框输入内容成功
2020-02-03 13:12:57,487 - [basepage.py-->line:50] - INFO:等待登录页面_密码输入框可见
2020-02-03 13:12:57,554 - [basepage.py-->line:60] - INFO:等待登录页面_密码输入框可见成功，共等待0:00:00.065003
2020-02-03 13:12:57,554 - [basepage.py-->line:69] - INFO:查找登录页面_密码输入框可见
2020-02-03 13:12:57,808 - [basepage.py-->line:117] - INFO:登录页面_密码输入框输入内容成功
2020-02-03 13:12:57,809 - [basepage.py-->line:50] - INFO:等待登录页面_登录按钮可见
2020-02-03 13:12:57,895 - [basepage.py-->line:60] - INFO:等待登录页面_登录按钮可见成功，共等待0:00:00.086005
2020-02-03 13:12:57,896 - [basepage.py-->line:69] - INFO:查找登录页面_登录按钮可见
2020-02-03 13:12:57,914 - [basepage.py-->line:90] - INFO:点击登录页面_登录按钮元素
2020-02-03 13:12:58,083 - [basepage.py-->line:50] - INFO:等待登录成功后_弹窗关闭按钮可见
2020-02-03 13:12:59,996 - [basepage.py-->line:60] - INFO:等待登录成功后_弹窗关闭按钮可见成功，共等待0:00:01.911109
2020-02-03 13:12:59,996 - [basepage.py-->line:69] - INFO:查找登录成功后_弹窗关闭按钮可见
2020-02-03 13:13:00,015 - [basepage.py-->line:90] - INFO:点击登录成功后_弹窗关闭按钮元素
2020-02-03 13:13:00,256 - [basepage.py-->line:50] - INFO:等待加课页_加课按钮可见
2020-02-03 13:13:00,361 - [basepage.py-->line:60] - INFO:等待加课页_加课按钮可见成功，共等待0:00:00.104006
2020-02-03 13:13:00,362 - [basepage.py-->line:69] - INFO:查找加课页_加课按钮可见
2020-02-03 13:13:00,384 - [basepage.py-->line:90] - INFO:点击加课页_加课按钮元素
2020-02-03 13:13:00,734 - [basepage.py-->line:50] - INFO:等待加课弹窗_输入加课码可见
2020-02-03 13:13:00,816 - [basepage.py-->line:60] - INFO:等待加课弹窗_输入加课码可见成功，共等待0:00:00.081005
2020-02-03 13:13:00,817 - [basepage.py-->line:69] - INFO:查找加课弹窗_输入加课码可见
2020-02-03 13:13:01,009 - [basepage.py-->line:117] - INFO:加课弹窗_输入加课码输入内容成功
2020-02-03 13:13:01,010 - [basepage.py-->line:50] - INFO:等待加课弹窗_确定按钮可见
2020-02-03 13:13:01,094 - [basepage.py-->line:60] - INFO:等待加课弹窗_确定按钮可见成功，共等待0:00:00.084005
2020-02-03 13:13:01,094 - [basepage.py-->line:69] - INFO:查找加课弹窗_确定按钮可见
2020-02-03 13:13:01,117 - [basepage.py-->line:90] - INFO:点击加课弹窗_确定按钮元素
2020-02-03 13:13:01,391 - [basepage.py-->line:50] - INFO:等待加课成功/失败_提示语可见
2020-02-03 13:13:01,552 - [basepage.py-->line:60] - INFO:等待加课成功/失败_提示语可见成功，共等待0:00:00.161009
2020-02-03 13:13:01,552 - [basepage.py-->line:69] - INFO:查找加课成功/失败_提示语可见
2020-02-03 13:13:01,611 - [basepage.py-->line:130] - INFO:获取加课成功/失败_提示语文本内容
2020-02-03 13:13:01,666 - [basepage.py-->line:138] - INFO:加课成功/失败_提示语获取文本成功
2020-02-03 13:13:17,229 - [basepage.py-->line:50] - INFO:等待登录页面_手机号输入框可见
2020-02-03 13:13:17,329 - [basepage.py-->line:60] - INFO:等待登录页面_手机号输入框可见成功，共等待0:00:00.098005
2020-02-03 13:13:17,329 - [basepage.py-->line:69] - INFO:查找登录页面_手机号输入框可见
2020-02-03 13:13:17,676 - [basepage.py-->line:117] - INFO:登录页面_手机号输入框输入内容成功
2020-02-03 13:13:17,677 - [basepage.py-->line:50] - INFO:等待登录页面_密码输入框可见
2020-02-03 13:13:17,776 - [basepage.py-->line:60] - INFO:等待登录页面_密码输入框可见成功，共等待0:00:00.099006
2020-02-03 13:13:17,777 - [basepage.py-->line:69] - INFO:查找登录页面_密码输入框可见
2020-02-03 13:13:18,228 - [basepage.py-->line:117] - INFO:登录页面_密码输入框输入内容成功
2020-02-03 13:13:18,229 - [basepage.py-->line:50] - INFO:等待登录页面_登录按钮可见
2020-02-03 13:13:18,311 - [basepage.py-->line:60] - INFO:等待登录页面_登录按钮可见成功，共等待0:00:00.081005
2020-02-03 13:13:18,311 - [basepage.py-->line:69] - INFO:查找登录页面_登录按钮可见
2020-02-03 13:13:18,328 - [basepage.py-->line:90] - INFO:点击登录页面_登录按钮元素
2020-02-03 13:13:20,253 - [basepage.py-->line:50] - INFO:等待登录成功后_弹窗关闭按钮可见
2020-02-03 13:13:20,307 - [basepage.py-->line:60] - INFO:等待登录成功后_弹窗关闭按钮可见成功，共等待0:00:00.054003
2020-02-03 13:13:20,308 - [basepage.py-->line:69] - INFO:查找登录成功后_弹窗关闭按钮可见
2020-02-03 13:13:20,322 - [basepage.py-->line:90] - INFO:点击登录成功后_弹窗关闭按钮元素
2020-02-03 13:13:20,514 - [basepage.py-->line:50] - INFO:等待加课页_加课按钮可见
2020-02-03 13:13:20,571 - [basepage.py-->line:60] - INFO:等待加课页_加课按钮可见成功，共等待0:00:00.056003
2020-02-03 13:13:20,572 - [basepage.py-->line:69] - INFO:查找加课页_加课按钮可见
2020-02-03 13:13:20,588 - [basepage.py-->line:90] - INFO:点击加课页_加课按钮元素
2020-02-03 13:13:20,799 - [basepage.py-->line:50] - INFO:等待加课弹窗_输入加课码可见
2020-02-03 13:13:20,846 - [basepage.py-->line:60] - INFO:等待加课弹窗_输入加课码可见成功，共等待0:00:00.046003
2020-02-03 13:13:20,847 - [basepage.py-->line:69] - INFO:查找加课弹窗_输入加课码可见
2020-02-03 13:13:20,956 - [basepage.py-->line:117] - INFO:加课弹窗_输入加课码输入内容成功
2020-02-03 13:13:20,956 - [basepage.py-->line:50] - INFO:等待加课弹窗_确定按钮可见
2020-02-03 13:13:21,056 - [basepage.py-->line:60] - INFO:等待加课弹窗_确定按钮可见成功，共等待0:00:00.099006
2020-02-03 13:13:21,056 - [basepage.py-->line:69] - INFO:查找加课弹窗_确定按钮可见
2020-02-03 13:13:21,106 - [basepage.py-->line:90] - INFO:点击加课弹窗_确定按钮元素
2020-02-03 13:13:21,308 - [basepage.py-->line:50] - INFO:等待加课成功/失败_提示语可见
2020-02-03 13:13:21,897 - [basepage.py-->line:60] - INFO:等待加课成功/失败_提示语可见成功，共等待0:00:00.589034
2020-02-03 13:13:21,897 - [basepage.py-->line:69] - INFO:查找加课成功/失败_提示语可见
2020-02-03 13:13:21,933 - [basepage.py-->line:130] - INFO:获取加课成功/失败_提示语文本内容
2020-02-03 13:13:21,987 - [basepage.py-->line:138] - INFO:加课成功/失败_提示语获取文本成功
2020-02-03 13:13:33,931 - [basepage.py-->line:50] - INFO:等待登录页面_手机号输入框可见
2020-02-03 13:13:34,006 - [basepage.py-->line:60] - INFO:等待登录页面_手机号输入框可见成功，共等待0:00:00.074004
2020-02-03 13:13:34,006 - [basepage.py-->line:69] - INFO:查找登录页面_手机号输入框可见
2020-02-03 13:13:34,223 - [basepage.py-->line:117] - INFO:登录页面_手机号输入框输入内容成功
2020-02-03 13:13:34,224 - [basepage.py-->line:50] - INFO:等待登录页面_密码输入框可见
2020-02-03 13:13:34,291 - [basepage.py-->line:60] - INFO:等待登录页面_密码输入框可见成功，共等待0:00:00.067004
2020-02-03 13:13:34,292 - [basepage.py-->line:69] - INFO:查找登录页面_密码输入框可见
2020-02-03 13:13:34,541 - [basepage.py-->line:117] - INFO:登录页面_密码输入框输入内容成功
2020-02-03 13:13:34,541 - [basepage.py-->line:50] - INFO:等待登录页面_登录按钮可见
2020-02-03 13:13:34,629 - [basepage.py-->line:60] - INFO:等待登录页面_登录按钮可见成功，共等待0:00:00.086005
2020-02-03 13:13:34,629 - [basepage.py-->line:69] - INFO:查找登录页面_登录按钮可见
2020-02-03 13:13:34,649 - [basepage.py-->line:90] - INFO:点击登录页面_登录按钮元素
2020-02-03 13:13:34,864 - [basepage.py-->line:50] - INFO:等待登录成功后_弹窗关闭按钮可见
2020-02-03 13:13:39,072 - [basepage.py-->line:60] - INFO:等待登录成功后_弹窗关闭按钮可见成功，共等待0:00:04.207241
2020-02-03 13:13:39,073 - [basepage.py-->line:69] - INFO:查找登录成功后_弹窗关闭按钮可见
2020-02-03 13:13:39,092 - [basepage.py-->line:90] - INFO:点击登录成功后_弹窗关闭按钮元素
2020-02-03 13:13:39,353 - [basepage.py-->line:50] - INFO:等待加课页_加课按钮可见
2020-02-03 13:13:39,444 - [basepage.py-->line:60] - INFO:等待加课页_加课按钮可见成功，共等待0:00:00.091005
2020-02-03 13:13:39,445 - [basepage.py-->line:69] - INFO:查找加课页_加课按钮可见
2020-02-03 13:13:39,465 - [basepage.py-->line:90] - INFO:点击加课页_加课按钮元素
2020-02-03 13:13:39,807 - [basepage.py-->line:50] - INFO:等待加课弹窗_输入加课码可见
2020-02-03 13:13:39,869 - [basepage.py-->line:60] - INFO:等待加课弹窗_输入加课码可见成功，共等待0:00:00.061004
2020-02-03 13:13:39,870 - [basepage.py-->line:69] - INFO:查找加课弹窗_输入加课码可见
2020-02-03 13:13:40,177 - [basepage.py-->line:117] - INFO:加课弹窗_输入加课码输入内容成功
2020-02-03 13:13:40,178 - [basepage.py-->line:50] - INFO:等待加课弹窗_确定按钮可见
2020-02-03 13:13:40,234 - [basepage.py-->line:60] - INFO:等待加课弹窗_确定按钮可见成功，共等待0:00:00.056004
2020-02-03 13:13:40,234 - [basepage.py-->line:69] - INFO:查找加课弹窗_确定按钮可见
2020-02-03 13:13:40,253 - [basepage.py-->line:90] - INFO:点击加课弹窗_确定按钮元素
2020-02-03 13:13:40,432 - [basepage.py-->line:50] - INFO:等待加课成功/失败_提示语可见
2020-02-03 13:13:41,007 - [basepage.py-->line:60] - INFO:等待加课成功/失败_提示语可见成功，共等待0:00:00.575033
2020-02-03 13:13:41,007 - [basepage.py-->line:69] - INFO:查找加课成功/失败_提示语可见
2020-02-03 13:13:41,028 - [basepage.py-->line:130] - INFO:获取加课成功/失败_提示语文本内容
2020-02-03 13:13:41,064 - [basepage.py-->line:138] - INFO:加课成功/失败_提示语获取文本成功
2020-02-03 13:13:54,127 - [basepage.py-->line:50] - INFO:等待登录页面_手机号输入框可见
2020-02-03 13:13:54,208 - [basepage.py-->line:60] - INFO:等待登录页面_手机号输入框可见成功，共等待0:00:00.080005
2020-02-03 13:13:54,208 - [basepage.py-->line:69] - INFO:查找登录页面_手机号输入框可见
2020-02-03 13:13:54,519 - [basepage.py-->line:117] - INFO:登录页面_手机号输入框输入内容成功
2020-02-03 13:13:54,519 - [basepage.py-->line:50] - INFO:等待登录页面_密码输入框可见
2020-02-03 13:13:54,596 - [basepage.py-->line:60] - INFO:等待登录页面_密码输入框可见成功，共等待0:00:00.076004
2020-02-03 13:13:54,597 - [basepage.py-->line:69] - INFO:查找登录页面_密码输入框可见
2020-02-03 13:13:54,908 - [basepage.py-->line:117] - INFO:登录页面_密码输入框输入内容成功
2020-02-03 13:13:54,909 - [basepage.py-->line:50] - INFO:等待登录页面_登录按钮可见
2020-02-03 13:13:54,973 - [basepage.py-->line:60] - INFO:等待登录页面_登录按钮可见成功，共等待0:00:00.064004
2020-02-03 13:13:54,974 - [basepage.py-->line:69] - INFO:查找登录页面_登录按钮可见
2020-02-03 13:13:54,997 - [basepage.py-->line:90] - INFO:点击登录页面_登录按钮元素
2020-02-03 13:13:57,092 - [basepage.py-->line:50] - INFO:等待登录成功后_弹窗关闭按钮可见
2020-02-03 13:13:57,164 - [basepage.py-->line:60] - INFO:等待登录成功后_弹窗关闭按钮可见成功，共等待0:00:00.072004
2020-02-03 13:13:57,165 - [basepage.py-->line:69] - INFO:查找登录成功后_弹窗关闭按钮可见
2020-02-03 13:13:57,185 - [basepage.py-->line:90] - INFO:点击登录成功后_弹窗关闭按钮元素
2020-02-03 13:13:57,446 - [basepage.py-->line:50] - INFO:等待加课页面_更多按钮可见
2020-02-03 13:13:57,541 - [basepage.py-->line:60] - INFO:等待加课页面_更多按钮可见成功，共等待0:00:00.094005
2020-02-03 13:13:57,541 - [basepage.py-->line:69] - INFO:查找加课页面_更多按钮可见
2020-02-03 13:13:57,565 - [basepage.py-->line:90] - INFO:点击加课页面_更多按钮元素
2020-02-03 13:13:58,262 - [basepage.py-->line:50] - INFO:等待加课页面_退课按钮可见
2020-02-03 13:13:58,380 - [basepage.py-->line:60] - INFO:等待加课页面_退课按钮可见成功，共等待0:00:00.117006
2020-02-03 13:13:58,380 - [basepage.py-->line:69] - INFO:查找加课页面_退课按钮可见
2020-02-03 13:13:58,401 - [basepage.py-->line:90] - INFO:点击加课页面_退课按钮元素
2020-02-03 13:13:58,696 - [basepage.py-->line:50] - INFO:等待退课弹窗_密码输入框可见
2020-02-03 13:13:58,752 - [basepage.py-->line:60] - INFO:等待退课弹窗_密码输入框可见成功，共等待0:00:00.055003
2020-02-03 13:13:58,753 - [basepage.py-->line:69] - INFO:查找退课弹窗_密码输入框可见
2020-02-03 13:13:58,822 - [basepage.py-->line:117] - INFO:退课弹窗_密码输入框输入内容成功
2020-02-03 13:13:58,822 - [basepage.py-->line:50] - INFO:等待退课弹窗_确定按钮可见
2020-02-03 13:13:58,875 - [basepage.py-->line:60] - INFO:等待退课弹窗_确定按钮可见成功，共等待0:00:00.053003
2020-02-03 13:13:58,875 - [basepage.py-->line:69] - INFO:查找退课弹窗_确定按钮可见
2020-02-03 13:13:58,893 - [basepage.py-->line:90] - INFO:点击退课弹窗_确定按钮元素
2020-02-03 13:13:59,321 - [basepage.py-->line:50] - INFO:等待加课成功/失败_提示语可见
2020-02-03 13:13:59,383 - [basepage.py-->line:60] - INFO:等待加课成功/失败_提示语可见成功，共等待0:00:00.061004
2020-02-03 13:13:59,383 - [basepage.py-->line:69] - INFO:查找加课成功/失败_提示语可见
2020-02-03 13:13:59,402 - [basepage.py-->line:130] - INFO:获取加课成功/失败_提示语文本内容
2020-02-03 13:13:59,438 - [basepage.py-->line:138] - INFO:加课成功/失败_提示语获取文本成功
2020-02-03 13:14:12,569 - [basepage.py-->line:50] - INFO:等待登录页面_手机号输入框可见
2020-02-03 13:14:12,687 - [basepage.py-->line:60] - INFO:等待登录页面_手机号输入框可见成功，共等待0:00:00.117007
2020-02-03 13:14:12,688 - [basepage.py-->line:69] - INFO:查找登录页面_手机号输入框可见
2020-02-03 13:14:13,000 - [basepage.py-->line:117] - INFO:登录页面_手机号输入框输入内容成功
2020-02-03 13:14:13,000 - [basepage.py-->line:50] - INFO:等待登录页面_密码输入框可见
2020-02-03 13:14:13,113 - [basepage.py-->line:60] - INFO:等待登录页面_密码输入框可见成功，共等待0:00:00.112006
2020-02-03 13:14:13,114 - [basepage.py-->line:69] - INFO:查找登录页面_密码输入框可见
2020-02-03 13:14:13,416 - [basepage.py-->line:117] - INFO:登录页面_密码输入框输入内容成功
2020-02-03 13:14:13,416 - [basepage.py-->line:50] - INFO:等待登录页面_登录按钮可见
2020-02-03 13:14:13,477 - [basepage.py-->line:60] - INFO:等待登录页面_登录按钮可见成功，共等待0:00:00.060004
2020-02-03 13:14:13,478 - [basepage.py-->line:69] - INFO:查找登录页面_登录按钮可见
2020-02-03 13:14:13,497 - [basepage.py-->line:90] - INFO:点击登录页面_登录按钮元素
2020-02-03 13:14:13,702 - [basepage.py-->line:50] - INFO:等待登录成功后_弹窗关闭按钮可见
2020-02-03 13:14:16,194 - [basepage.py-->line:60] - INFO:等待登录成功后_弹窗关闭按钮可见成功，共等待0:00:02.492142
2020-02-03 13:14:16,194 - [basepage.py-->line:69] - INFO:查找登录成功后_弹窗关闭按钮可见
2020-02-03 13:14:16,218 - [basepage.py-->line:90] - INFO:点击登录成功后_弹窗关闭按钮元素
2020-02-03 13:14:16,491 - [basepage.py-->line:50] - INFO:等待加课页面_更多按钮可见
2020-02-03 13:14:16,589 - [basepage.py-->line:60] - INFO:等待加课页面_更多按钮可见成功，共等待0:00:00.097006
2020-02-03 13:14:16,590 - [basepage.py-->line:69] - INFO:查找加课页面_更多按钮可见
2020-02-03 13:14:16,629 - [basepage.py-->line:90] - INFO:点击加课页面_更多按钮元素
2020-02-03 13:14:17,343 - [basepage.py-->line:50] - INFO:等待加课页面_退课按钮可见
2020-02-03 13:14:17,425 - [basepage.py-->line:60] - INFO:等待加课页面_退课按钮可见成功，共等待0:00:00.081005
2020-02-03 13:14:17,426 - [basepage.py-->line:69] - INFO:查找加课页面_退课按钮可见
2020-02-03 13:14:17,452 - [basepage.py-->line:90] - INFO:点击加课页面_退课按钮元素
2020-02-03 13:14:17,813 - [basepage.py-->line:50] - INFO:等待退课弹窗_密码输入框可见
2020-02-03 13:14:17,891 - [basepage.py-->line:60] - INFO:等待退课弹窗_密码输入框可见成功，共等待0:00:00.078004
2020-02-03 13:14:17,892 - [basepage.py-->line:69] - INFO:查找退课弹窗_密码输入框可见
2020-02-03 13:14:18,132 - [basepage.py-->line:117] - INFO:退课弹窗_密码输入框输入内容成功
2020-02-03 13:14:18,133 - [basepage.py-->line:50] - INFO:等待退课弹窗_确定按钮可见
2020-02-03 13:14:18,216 - [basepage.py-->line:60] - INFO:等待退课弹窗_确定按钮可见成功，共等待0:00:00.083005
2020-02-03 13:14:18,216 - [basepage.py-->line:69] - INFO:查找退课弹窗_确定按钮可见
2020-02-03 13:14:18,251 - [basepage.py-->line:90] - INFO:点击退课弹窗_确定按钮元素
2020-02-03 13:14:18,853 - [basepage.py-->line:50] - INFO:等待加课成功/失败_提示语可见
2020-02-03 13:14:18,966 - [basepage.py-->line:60] - INFO:等待加课成功/失败_提示语可见成功，共等待0:00:00.112007
2020-02-03 13:14:18,966 - [basepage.py-->line:69] - INFO:查找加课成功/失败_提示语可见
2020-02-03 13:14:18,997 - [basepage.py-->line:130] - INFO:获取加课成功/失败_提示语文本内容
2020-02-03 13:14:19,063 - [basepage.py-->line:138] - INFO:加课成功/失败_提示语获取文本成功
2020-02-03 13:14:31,769 - [basepage.py-->line:50] - INFO:等待登录页面_手机号输入框可见
2020-02-03 13:14:31,833 - [basepage.py-->line:60] - INFO:等待登录页面_手机号输入框可见成功，共等待0:00:00.064004
2020-02-03 13:14:31,834 - [basepage.py-->line:69] - INFO:查找登录页面_手机号输入框可见
2020-02-03 13:14:32,057 - [basepage.py-->line:117] - INFO:登录页面_手机号输入框输入内容成功
2020-02-03 13:14:32,058 - [basepage.py-->line:50] - INFO:等待登录页面_密码输入框可见
2020-02-03 13:14:32,121 - [basepage.py-->line:60] - INFO:等待登录页面_密码输入框可见成功，共等待0:00:00.063003
2020-02-03 13:14:32,122 - [basepage.py-->line:69] - INFO:查找登录页面_密码输入框可见
2020-02-03 13:14:32,360 - [basepage.py-->line:117] - INFO:登录页面_密码输入框输入内容成功
2020-02-03 13:14:32,360 - [basepage.py-->line:50] - INFO:等待登录页面_登录按钮可见
2020-02-03 13:14:32,453 - [basepage.py-->line:60] - INFO:等待登录页面_登录按钮可见成功，共等待0:00:00.093005
2020-02-03 13:14:32,453 - [basepage.py-->line:69] - INFO:查找登录页面_登录按钮可见
2020-02-03 13:14:32,472 - [basepage.py-->line:90] - INFO:点击登录页面_登录按钮元素
2020-02-03 13:14:32,681 - [basepage.py-->line:50] - INFO:等待登录成功后_弹窗关闭按钮可见
2020-02-03 13:14:35,210 - [basepage.py-->line:60] - INFO:等待登录成功后_弹窗关闭按钮可见成功，共等待0:00:02.528145
2020-02-03 13:14:35,211 - [basepage.py-->line:69] - INFO:查找登录成功后_弹窗关闭按钮可见
2020-02-03 13:14:35,230 - [basepage.py-->line:90] - INFO:点击登录成功后_弹窗关闭按钮元素
2020-02-03 13:14:35,503 - [basepage.py-->line:50] - INFO:等待加课页_加课按钮可见
2020-02-03 13:14:35,595 - [basepage.py-->line:60] - INFO:等待加课页_加课按钮可见成功，共等待0:00:00.092005
2020-02-03 13:14:35,596 - [basepage.py-->line:69] - INFO:查找加课页_加课按钮可见
2020-02-03 13:14:35,617 - [basepage.py-->line:90] - INFO:点击加课页_加课按钮元素
2020-02-03 13:14:36,300 - [basepage.py-->line:50] - INFO:等待加课弹窗_输入加课码可见
2020-02-03 13:14:36,399 - [basepage.py-->line:60] - INFO:等待加课弹窗_输入加课码可见成功，共等待0:00:00.098006
2020-02-03 13:14:36,400 - [basepage.py-->line:69] - INFO:查找加课弹窗_输入加课码可见
2020-02-03 13:14:36,532 - [basepage.py-->line:117] - INFO:加课弹窗_输入加课码输入内容成功
2020-02-03 13:14:36,532 - [basepage.py-->line:50] - INFO:等待加课弹窗_确定按钮可见
2020-02-03 13:14:36,589 - [basepage.py-->line:60] - INFO:等待加课弹窗_确定按钮可见成功，共等待0:00:00.056003
2020-02-03 13:14:36,589 - [basepage.py-->line:69] - INFO:查找加课弹窗_确定按钮可见
2020-02-03 13:14:36,608 - [basepage.py-->line:90] - INFO:点击加课弹窗_确定按钮元素
2020-02-03 13:14:36,843 - [basepage.py-->line:50] - INFO:等待加课页面_课程标题可见
2020-02-03 13:14:37,441 - [basepage.py-->line:60] - INFO:等待加课页面_课程标题可见成功，共等待0:00:00.597035
2020-02-03 13:14:37,442 - [basepage.py-->line:69] - INFO:查找加课页面_课程标题可见
2020-02-03 13:14:37,462 - [basepage.py-->line:90] - INFO:点击加课页面_课程标题元素
2020-02-03 13:14:37,776 - [basepage.py-->line:50] - INFO:等待课程页面_作业按钮可见
2020-02-03 13:14:40,480 - [basepage.py-->line:60] - INFO:等待课程页面_作业按钮可见成功，共等待0:00:02.704154
2020-02-03 13:14:40,480 - [basepage.py-->line:69] - INFO:查找课程页面_作业按钮可见
2020-02-03 13:14:40,542 - [basepage.py-->line:90] - INFO:点击课程页面_作业按钮元素
2020-02-03 13:14:43,905 - [basepage.py-->line:50] - INFO:等待课程作业页面_已提交按钮可见
2020-02-03 13:14:43,979 - [basepage.py-->line:60] - INFO:等待课程作业页面_已提交按钮可见成功，共等待0:00:00.074005
2020-02-03 13:14:43,980 - [basepage.py-->line:69] - INFO:查找课程作业页面_已提交按钮可见
2020-02-03 13:14:44,006 - [basepage.py-->line:90] - INFO:点击课程作业页面_已提交按钮元素
2020-02-03 13:14:45,162 - [basepage.py-->line:50] - INFO:等待上传作业前_更新提交按钮可见
2020-02-03 13:14:45,785 - [basepage.py-->line:60] - INFO:等待上传作业前_更新提交按钮可见成功，共等待0:00:00.622036
2020-02-03 13:14:45,786 - [basepage.py-->line:69] - INFO:查找上传作业前_更新提交按钮可见
2020-02-03 13:14:45,805 - [basepage.py-->line:90] - INFO:点击上传作业前_更新提交按钮元素
2020-02-03 13:14:46,104 - [basepage.py-->line:50] - INFO:等待更新提交确定弹窗_确定按钮可见
2020-02-03 13:14:46,162 - [basepage.py-->line:60] - INFO:等待更新提交确定弹窗_确定按钮可见成功，共等待0:00:00.057003
2020-02-03 13:14:46,163 - [basepage.py-->line:69] - INFO:查找更新提交确定弹窗_确定按钮可见
2020-02-03 13:14:46,182 - [basepage.py-->line:90] - INFO:点击更新提交确定弹窗_确定按钮元素
2020-02-03 13:14:48,435 - [basepage.py-->line:50] - INFO:等待上传页面_点击添加文件按钮可见
2020-02-03 13:14:48,521 - [basepage.py-->line:60] - INFO:等待上传页面_点击添加文件按钮可见成功，共等待0:00:00.085005
2020-02-03 13:14:48,522 - [basepage.py-->line:69] - INFO:查找上传页面_点击添加文件按钮可见
2020-02-03 13:14:48,548 - [basepage.py-->line:90] - INFO:点击上传页面_点击添加文件按钮元素
2020-02-03 13:14:51,057 - [basepage.py-->line:218] - INFO:开始上传文件
2020-02-03 13:14:52,352 - [basepage.py-->line:225] - INFO:上传文件成功
2020-02-03 13:14:55,353 - [basepage.py-->line:50] - INFO:等待上传作业后_更新提交按钮可见
2020-02-03 13:14:55,450 - [basepage.py-->line:60] - INFO:等待上传作业后_更新提交按钮可见成功，共等待0:00:00.097006
2020-02-03 13:14:55,450 - [basepage.py-->line:69] - INFO:查找上传作业后_更新提交按钮可见
2020-02-03 13:14:55,472 - [basepage.py-->line:90] - INFO:点击上传作业后_更新提交按钮元素
2020-02-03 13:14:55,867 - [basepage.py-->line:50] - INFO:等待更新成功_知道了按钮可见
2020-02-03 13:14:56,565 - [basepage.py-->line:60] - INFO:等待更新成功_知道了按钮可见成功，共等待0:00:00.697039
2020-02-03 13:14:56,565 - [basepage.py-->line:69] - INFO:查找更新成功_知道了按钮可见
2020-02-03 13:14:56,618 - [basepage.py-->line:90] - INFO:点击更新成功_知道了按钮元素
2020-02-03 13:14:59,980 - [basepage.py-->line:50] - INFO:等待上传文件名称可见
2020-02-03 13:15:00,052 - [basepage.py-->line:60] - INFO:等待上传文件名称可见成功，共等待0:00:00.072004
2020-02-03 13:15:00,052 - [basepage.py-->line:69] - INFO:查找上传文件名称可见
2020-02-03 13:15:00,079 - [basepage.py-->line:130] - INFO:获取上传文件名称文本内容
2020-02-03 13:15:00,123 - [basepage.py-->line:138] - INFO:上传文件名称获取文本成功
2020-02-03 13:15:00,125 - [basepage.py-->line:50] - INFO:等待上传页面_返回按钮可见
2020-02-03 13:15:00,191 - [basepage.py-->line:60] - INFO:等待上传页面_返回按钮可见成功，共等待0:00:00.065004
2020-02-03 13:15:00,192 - [basepage.py-->line:69] - INFO:查找上传页面_返回按钮可见
2020-02-03 13:15:00,217 - [basepage.py-->line:90] - INFO:点击上传页面_返回按钮元素
2020-02-03 13:15:03,588 - [basepage.py-->line:50] - INFO:等待课程页面_课程按钮可见
2020-02-03 13:15:03,664 - [basepage.py-->line:60] - INFO:等待课程页面_课程按钮可见成功，共等待0:00:00.075004
2020-02-03 13:15:03,665 - [basepage.py-->line:69] - INFO:查找课程页面_课程按钮可见
2020-02-03 13:15:03,688 - [basepage.py-->line:90] - INFO:点击课程页面_课程按钮元素
2020-02-03 13:15:08,017 - [basepage.py-->line:50] - INFO:等待加课页面_更多按钮可见
2020-02-03 13:15:08,089 - [basepage.py-->line:60] - INFO:等待加课页面_更多按钮可见成功，共等待0:00:00.071004
2020-02-03 13:15:08,089 - [basepage.py-->line:69] - INFO:查找加课页面_更多按钮可见
2020-02-03 13:15:08,111 - [basepage.py-->line:90] - INFO:点击加课页面_更多按钮元素
2020-02-03 13:15:08,415 - [basepage.py-->line:50] - INFO:等待加课页面_退课按钮可见
2020-02-03 13:15:08,499 - [basepage.py-->line:60] - INFO:等待加课页面_退课按钮可见成功，共等待0:00:00.084005
2020-02-03 13:15:08,499 - [basepage.py-->line:69] - INFO:查找加课页面_退课按钮可见
2020-02-03 13:15:08,530 - [basepage.py-->line:90] - INFO:点击加课页面_退课按钮元素
2020-02-03 13:15:08,815 - [basepage.py-->line:50] - INFO:等待退课弹窗_密码输入框可见
2020-02-03 13:15:08,895 - [basepage.py-->line:60] - INFO:等待退课弹窗_密码输入框可见成功，共等待0:00:00.079005
2020-02-03 13:15:08,896 - [basepage.py-->line:69] - INFO:查找退课弹窗_密码输入框可见
2020-02-03 13:15:09,118 - [basepage.py-->line:117] - INFO:退课弹窗_密码输入框输入内容成功
2020-02-03 13:15:09,118 - [basepage.py-->line:50] - INFO:等待退课弹窗_确定按钮可见
2020-02-03 13:15:09,198 - [basepage.py-->line:60] - INFO:等待退课弹窗_确定按钮可见成功，共等待0:00:00.079005
2020-02-03 13:15:09,198 - [basepage.py-->line:69] - INFO:查找退课弹窗_确定按钮可见
2020-02-03 13:15:09,218 - [basepage.py-->line:90] - INFO:点击退课弹窗_确定按钮元素
2020-02-03 13:15:25,064 - [basepage.py-->line:50] - INFO:等待登录页面_手机号输入框可见
2020-02-03 13:15:25,261 - [basepage.py-->line:60] - INFO:等待登录页面_手机号输入框可见成功，共等待0:00:00.196011
2020-02-03 13:15:25,262 - [basepage.py-->line:69] - INFO:查找登录页面_手机号输入框可见
2020-02-03 13:15:25,512 - [basepage.py-->line:117] - INFO:登录页面_手机号输入框输入内容成功
2020-02-03 13:15:25,512 - [basepage.py-->line:50] - INFO:等待登录页面_密码输入框可见
2020-02-03 13:15:25,580 - [basepage.py-->line:60] - INFO:等待登录页面_密码输入框可见成功，共等待0:00:00.068004
2020-02-03 13:15:25,581 - [basepage.py-->line:69] - INFO:查找登录页面_密码输入框可见
2020-02-03 13:15:26,037 - [basepage.py-->line:117] - INFO:登录页面_密码输入框输入内容成功
2020-02-03 13:15:26,038 - [basepage.py-->line:50] - INFO:等待登录页面_登录按钮可见
2020-02-03 13:15:26,096 - [basepage.py-->line:60] - INFO:等待登录页面_登录按钮可见成功，共等待0:00:00.058003
2020-02-03 13:15:26,097 - [basepage.py-->line:69] - INFO:查找登录页面_登录按钮可见
2020-02-03 13:15:26,111 - [basepage.py-->line:90] - INFO:点击登录页面_登录按钮元素
2020-02-03 13:15:28,926 - [basepage.py-->line:50] - INFO:等待登录成功后_弹窗关闭按钮可见
2020-02-03 13:15:28,976 - [basepage.py-->line:60] - INFO:等待登录成功后_弹窗关闭按钮可见成功，共等待0:00:00.050003
2020-02-03 13:15:28,976 - [basepage.py-->line:69] - INFO:查找登录成功后_弹窗关闭按钮可见
2020-02-03 13:15:28,990 - [basepage.py-->line:90] - INFO:点击登录成功后_弹窗关闭按钮元素
2020-02-03 13:15:29,164 - [basepage.py-->line:50] - INFO:等待加课页_加课按钮可见
2020-02-03 13:15:29,232 - [basepage.py-->line:60] - INFO:等待加课页_加课按钮可见成功，共等待0:00:00.068004
2020-02-03 13:15:29,233 - [basepage.py-->line:69] - INFO:查找加课页_加课按钮可见
2020-02-03 13:15:29,249 - [basepage.py-->line:90] - INFO:点击加课页_加课按钮元素
2020-02-03 13:15:29,970 - [basepage.py-->line:50] - INFO:等待加课弹窗_输入加课码可见
2020-02-03 13:15:30,049 - [basepage.py-->line:60] - INFO:等待加课弹窗_输入加课码可见成功，共等待0:00:00.077005
2020-02-03 13:15:30,049 - [basepage.py-->line:69] - INFO:查找加课弹窗_输入加课码可见
2020-02-03 13:15:30,286 - [basepage.py-->line:117] - INFO:加课弹窗_输入加课码输入内容成功
2020-02-03 13:15:30,286 - [basepage.py-->line:50] - INFO:等待加课弹窗_确定按钮可见
2020-02-03 13:15:30,364 - [basepage.py-->line:60] - INFO:等待加课弹窗_确定按钮可见成功，共等待0:00:00.077005
2020-02-03 13:15:30,365 - [basepage.py-->line:69] - INFO:查找加课弹窗_确定按钮可见
2020-02-03 13:15:30,389 - [basepage.py-->line:90] - INFO:点击加课弹窗_确定按钮元素
2020-02-03 13:15:30,724 - [basepage.py-->line:50] - INFO:等待加课页面_课程标题可见
2020-02-03 13:15:31,328 - [basepage.py-->line:60] - INFO:等待加课页面_课程标题可见成功，共等待0:00:00.603035
2020-02-03 13:15:31,329 - [basepage.py-->line:69] - INFO:查找加课页面_课程标题可见
2020-02-03 13:15:31,354 - [basepage.py-->line:90] - INFO:点击加课页面_课程标题元素
2020-02-03 13:15:31,692 - [basepage.py-->line:50] - INFO:等待课程页面_作业按钮可见
2020-02-03 13:15:34,280 - [basepage.py-->line:60] - INFO:等待课程页面_作业按钮可见成功，共等待0:00:02.588148
2020-02-03 13:15:34,280 - [basepage.py-->line:69] - INFO:查找课程页面_作业按钮可见
2020-02-03 13:15:34,317 - [basepage.py-->line:90] - INFO:点击课程页面_作业按钮元素
2020-02-03 13:15:37,677 - [basepage.py-->line:50] - INFO:等待课程作业页面_已提交按钮可见
2020-02-03 13:15:37,759 - [basepage.py-->line:60] - INFO:等待课程作业页面_已提交按钮可见成功，共等待0:00:00.081005
2020-02-03 13:15:37,760 - [basepage.py-->line:69] - INFO:查找课程作业页面_已提交按钮可见
2020-02-03 13:15:37,782 - [basepage.py-->line:90] - INFO:点击课程作业页面_已提交按钮元素
2020-02-03 13:15:38,932 - [basepage.py-->line:50] - INFO:等待上传作业前_更新提交按钮可见
2020-02-03 13:15:39,654 - [basepage.py-->line:60] - INFO:等待上传作业前_更新提交按钮可见成功，共等待0:00:00.721041
2020-02-03 13:15:39,654 - [basepage.py-->line:69] - INFO:查找上传作业前_更新提交按钮可见
2020-02-03 13:15:39,675 - [basepage.py-->line:90] - INFO:点击上传作业前_更新提交按钮元素
2020-02-03 13:15:40,002 - [basepage.py-->line:50] - INFO:等待更新提交确定弹窗_确定按钮可见
2020-02-03 13:15:40,091 - [basepage.py-->line:60] - INFO:等待更新提交确定弹窗_确定按钮可见成功，共等待0:00:00.088005
2020-02-03 13:15:40,091 - [basepage.py-->line:69] - INFO:查找更新提交确定弹窗_确定按钮可见
2020-02-03 13:15:40,119 - [basepage.py-->line:90] - INFO:点击更新提交确定弹窗_确定按钮元素
2020-02-03 13:15:40,492 - [basepage.py-->line:50] - INFO:等待上传作业页面_点击留言输入框可见
2020-02-03 13:15:40,631 - [basepage.py-->line:60] - INFO:等待上传作业页面_点击留言输入框可见成功，共等待0:00:00.139008
2020-02-03 13:15:40,632 - [basepage.py-->line:69] - INFO:查找上传作业页面_点击留言输入框可见
2020-02-03 13:15:40,666 - [basepage.py-->line:90] - INFO:点击上传作业页面_点击留言输入框元素
2020-02-03 13:15:41,149 - [basepage.py-->line:69] - INFO:查找留言页面_清空输入框可见
2020-02-03 13:15:41,296 - [basepage.py-->line:236] - INFO:清空成功
2020-02-03 13:15:41,297 - [basepage.py-->line:50] - INFO:等待留言_输入框可见
2020-02-03 13:15:41,457 - [basepage.py-->line:60] - INFO:等待留言_输入框可见成功，共等待0:00:00.159009
2020-02-03 13:15:41,457 - [basepage.py-->line:69] - INFO:查找留言_输入框可见
2020-02-03 13:15:41,647 - [basepage.py-->line:117] - INFO:留言_输入框输入内容成功
2020-02-03 13:15:41,648 - [basepage.py-->line:50] - INFO:等待留言_保存按钮可见
2020-02-03 13:15:41,716 - [basepage.py-->line:60] - INFO:等待留言_保存按钮可见成功，共等待0:00:00.068004
2020-02-03 13:15:41,717 - [basepage.py-->line:69] - INFO:查找留言_保存按钮可见
2020-02-03 13:15:41,738 - [basepage.py-->line:90] - INFO:点击留言_保存按钮元素
2020-02-03 13:15:42,007 - [basepage.py-->line:50] - INFO:等待上传作业后_更新提交按钮可见
2020-02-03 13:15:42,071 - [basepage.py-->line:60] - INFO:等待上传作业后_更新提交按钮可见成功，共等待0:00:00.063003
2020-02-03 13:15:42,072 - [basepage.py-->line:69] - INFO:查找上传作业后_更新提交按钮可见
2020-02-03 13:15:42,101 - [basepage.py-->line:90] - INFO:点击上传作业后_更新提交按钮元素
2020-02-03 13:15:42,349 - [basepage.py-->line:50] - INFO:等待更新成功_知道了按钮可见
2020-02-03 13:15:43,045 - [basepage.py-->line:60] - INFO:等待更新成功_知道了按钮可见成功，共等待0:00:00.695040
2020-02-03 13:15:43,046 - [basepage.py-->line:69] - INFO:查找更新成功_知道了按钮可见
2020-02-03 13:15:43,065 - [basepage.py-->line:90] - INFO:点击更新成功_知道了按钮元素
2020-02-03 13:15:45,292 - [basepage.py-->line:50] - INFO:等待上传作业留言页面_留言输入框可见
2020-02-03 13:15:45,349 - [basepage.py-->line:60] - INFO:等待上传作业留言页面_留言输入框可见成功，共等待0:00:00.057004
2020-02-03 13:15:45,349 - [basepage.py-->line:69] - INFO:查找上传作业留言页面_留言输入框可见
2020-02-03 13:15:45,372 - [basepage.py-->line:130] - INFO:获取上传作业留言页面_留言输入框文本内容
2020-02-03 13:15:45,414 - [basepage.py-->line:138] - INFO:上传作业留言页面_留言输入框获取文本成功
2020-02-03 13:15:45,416 - [basepage.py-->line:50] - INFO:等待上传页面_返回按钮可见
2020-02-03 13:15:45,481 - [basepage.py-->line:60] - INFO:等待上传页面_返回按钮可见成功，共等待0:00:00.064003
2020-02-03 13:15:45,482 - [basepage.py-->line:69] - INFO:查找上传页面_返回按钮可见
2020-02-03 13:15:45,505 - [basepage.py-->line:90] - INFO:点击上传页面_返回按钮元素
2020-02-03 13:15:48,694 - [basepage.py-->line:50] - INFO:等待课程页面_课程按钮可见
2020-02-03 13:15:48,773 - [basepage.py-->line:60] - INFO:等待课程页面_课程按钮可见成功，共等待0:00:00.079005
2020-02-03 13:15:48,774 - [basepage.py-->line:69] - INFO:查找课程页面_课程按钮可见
2020-02-03 13:15:48,796 - [basepage.py-->line:90] - INFO:点击课程页面_课程按钮元素
2020-02-03 13:15:53,096 - [basepage.py-->line:50] - INFO:等待加课页面_更多按钮可见
2020-02-03 13:15:53,168 - [basepage.py-->line:60] - INFO:等待加课页面_更多按钮可见成功，共等待0:00:00.072004
2020-02-03 13:15:53,168 - [basepage.py-->line:69] - INFO:查找加课页面_更多按钮可见
2020-02-03 13:15:53,192 - [basepage.py-->line:90] - INFO:点击加课页面_更多按钮元素
2020-02-03 13:15:53,487 - [basepage.py-->line:50] - INFO:等待加课页面_退课按钮可见
2020-02-03 13:15:53,557 - [basepage.py-->line:60] - INFO:等待加课页面_退课按钮可见成功，共等待0:00:00.069004
2020-02-03 13:15:53,558 - [basepage.py-->line:69] - INFO:查找加课页面_退课按钮可见
2020-02-03 13:15:53,580 - [basepage.py-->line:90] - INFO:点击加课页面_退课按钮元素
2020-02-03 13:15:53,921 - [basepage.py-->line:50] - INFO:等待退课弹窗_密码输入框可见
2020-02-03 13:15:53,993 - [basepage.py-->line:60] - INFO:等待退课弹窗_密码输入框可见成功，共等待0:00:00.070004
2020-02-03 13:15:53,993 - [basepage.py-->line:69] - INFO:查找退课弹窗_密码输入框可见
2020-02-03 13:15:54,265 - [basepage.py-->line:117] - INFO:退课弹窗_密码输入框输入内容成功
2020-02-03 13:15:54,265 - [basepage.py-->line:50] - INFO:等待退课弹窗_确定按钮可见
2020-02-03 13:15:54,354 - [basepage.py-->line:60] - INFO:等待退课弹窗_确定按钮可见成功，共等待0:00:00.087005
2020-02-03 13:15:54,355 - [basepage.py-->line:69] - INFO:查找退课弹窗_确定按钮可见
2020-02-03 13:15:54,377 - [basepage.py-->line:90] - INFO:点击退课弹窗_确定按钮元素
2020-02-03 13:16:07,511 - [basepage.py-->line:50] - INFO:等待登录页面_手机号输入框可见
2020-02-03 13:16:07,602 - [basepage.py-->line:60] - INFO:等待登录页面_手机号输入框可见成功，共等待0:00:00.090006
2020-02-03 13:16:07,603 - [basepage.py-->line:69] - INFO:查找登录页面_手机号输入框可见
2020-02-03 13:16:07,921 - [basepage.py-->line:117] - INFO:登录页面_手机号输入框输入内容成功
2020-02-03 13:16:07,921 - [basepage.py-->line:50] - INFO:等待登录页面_密码输入框可见
2020-02-03 13:16:07,999 - [basepage.py-->line:60] - INFO:等待登录页面_密码输入框可见成功，共等待0:00:00.077004
2020-02-03 13:16:08,000 - [basepage.py-->line:69] - INFO:查找登录页面_密码输入框可见
2020-02-03 13:16:08,323 - [basepage.py-->line:117] - INFO:登录页面_密码输入框输入内容成功
2020-02-03 13:16:08,323 - [basepage.py-->line:50] - INFO:等待登录页面_登录按钮可见
2020-02-03 13:16:08,391 - [basepage.py-->line:60] - INFO:等待登录页面_登录按钮可见成功，共等待0:00:00.067004
2020-02-03 13:16:08,391 - [basepage.py-->line:69] - INFO:查找登录页面_登录按钮可见
2020-02-03 13:16:08,411 - [basepage.py-->line:90] - INFO:点击登录页面_登录按钮元素
2020-02-03 13:16:10,855 - [basepage.py-->line:50] - INFO:等待登录成功后_弹窗关闭按钮可见
2020-02-03 13:16:10,937 - [basepage.py-->line:60] - INFO:等待登录成功后_弹窗关闭按钮可见成功，共等待0:00:00.081004
2020-02-03 13:16:10,938 - [basepage.py-->line:69] - INFO:查找登录成功后_弹窗关闭按钮可见
2020-02-03 13:16:10,959 - [basepage.py-->line:90] - INFO:点击登录成功后_弹窗关闭按钮元素
2020-02-03 13:16:11,315 - [basepage.py-->line:50] - INFO:等待课程页面_私信按钮可见
2020-02-03 13:16:11,481 - [basepage.py-->line:60] - INFO:等待课程页面_私信按钮可见成功，共等待0:00:00.164009
2020-02-03 13:16:11,481 - [basepage.py-->line:69] - INFO:查找课程页面_私信按钮可见
2020-02-03 13:16:11,529 - [basepage.py-->line:90] - INFO:点击课程页面_私信按钮元素
2020-02-03 13:16:12,330 - [basepage.py-->line:196] - INFO:切换课程页面_切换私信窗口窗口成功
2020-02-03 13:16:12,333 - [basepage.py-->line:50] - INFO:等待私信页面_输入信息可见
2020-02-03 13:16:13,891 - [basepage.py-->line:60] - INFO:等待私信页面_输入信息可见成功，共等待0:00:01.557089
2020-02-03 13:16:13,891 - [basepage.py-->line:69] - INFO:查找私信页面_输入信息可见
2020-02-03 13:16:14,090 - [basepage.py-->line:117] - INFO:私信页面_输入信息输入内容成功
2020-02-03 13:16:14,090 - [basepage.py-->line:50] - INFO:等待私信页面_发送按钮可见
2020-02-03 13:16:14,144 - [basepage.py-->line:60] - INFO:等待私信页面_发送按钮可见成功，共等待0:00:00.053003
2020-02-03 13:16:14,145 - [basepage.py-->line:69] - INFO:查找私信页面_发送按钮可见
2020-02-03 13:16:14,162 - [basepage.py-->line:90] - INFO:点击私信页面_发送按钮元素
2020-02-03 13:16:14,393 - [basepage.py-->line:50] - INFO:等待文本元素可见
2020-02-03 13:16:14,456 - [basepage.py-->line:60] - INFO:等待文本元素可见成功，共等待0:00:00.062003
2020-02-03 13:16:14,457 - [basepage.py-->line:50] - INFO:等待私信页面_第一条私信可见
2020-02-03 13:16:14,514 - [basepage.py-->line:60] - INFO:等待私信页面_第一条私信可见成功，共等待0:00:00.057003
2020-02-03 13:16:14,514 - [basepage.py-->line:69] - INFO:查找私信页面_第一条私信可见
2020-02-03 13:16:14,532 - [basepage.py-->line:130] - INFO:获取私信页面_第一条私信文本内容
2020-02-03 13:16:14,564 - [basepage.py-->line:138] - INFO:私信页面_第一条私信获取文本成功
2020-02-03 13:16:27,365 - [basepage.py-->line:50] - INFO:等待登录页面_手机号输入框可见
2020-02-03 13:16:27,432 - [basepage.py-->line:60] - INFO:等待登录页面_手机号输入框可见成功，共等待0:00:00.066004
2020-02-03 13:16:27,433 - [basepage.py-->line:69] - INFO:查找登录页面_手机号输入框可见
2020-02-03 13:16:27,690 - [basepage.py-->line:117] - INFO:登录页面_手机号输入框输入内容成功
2020-02-03 13:16:27,691 - [basepage.py-->line:50] - INFO:等待登录页面_密码输入框可见
2020-02-03 13:16:27,790 - [basepage.py-->line:60] - INFO:等待登录页面_密码输入框可见成功，共等待0:00:00.098005
2020-02-03 13:16:27,791 - [basepage.py-->line:69] - INFO:查找登录页面_密码输入框可见
2020-02-03 13:16:28,263 - [basepage.py-->line:117] - INFO:登录页面_密码输入框输入内容成功
2020-02-03 13:16:28,264 - [basepage.py-->line:50] - INFO:等待登录页面_登录按钮可见
2020-02-03 13:16:28,373 - [basepage.py-->line:60] - INFO:等待登录页面_登录按钮可见成功，共等待0:00:00.109007
2020-02-03 13:16:28,374 - [basepage.py-->line:69] - INFO:查找登录页面_登录按钮可见
2020-02-03 13:16:28,395 - [basepage.py-->line:90] - INFO:点击登录页面_登录按钮元素
2020-02-03 13:16:30,193 - [basepage.py-->line:50] - INFO:等待登录成功后_弹窗关闭按钮可见
2020-02-03 13:16:30,287 - [basepage.py-->line:60] - INFO:等待登录成功后_弹窗关闭按钮可见成功，共等待0:00:00.094005
2020-02-03 13:16:30,287 - [basepage.py-->line:69] - INFO:查找登录成功后_弹窗关闭按钮可见
2020-02-03 13:16:30,304 - [basepage.py-->line:90] - INFO:点击登录成功后_弹窗关闭按钮元素
2020-02-03 13:16:30,510 - [basepage.py-->line:50] - INFO:等待课程页面_私信按钮可见
2020-02-03 13:16:30,577 - [basepage.py-->line:60] - INFO:等待课程页面_私信按钮可见成功，共等待0:00:00.066004
2020-02-03 13:16:30,577 - [basepage.py-->line:69] - INFO:查找课程页面_私信按钮可见
2020-02-03 13:16:30,602 - [basepage.py-->line:90] - INFO:点击课程页面_私信按钮元素
2020-02-03 13:16:30,876 - [basepage.py-->line:196] - INFO:切换课程页面_切换私信窗口窗口成功
2020-02-03 13:16:30,878 - [basepage.py-->line:50] - INFO:等待私信页面_输入信息可见
2020-02-03 13:16:31,949 - [basepage.py-->line:60] - INFO:等待私信页面_输入信息可见成功，共等待0:00:01.071061
2020-02-03 13:16:31,949 - [basepage.py-->line:69] - INFO:查找私信页面_输入信息可见
2020-02-03 13:16:32,062 - [basepage.py-->line:117] - INFO:私信页面_输入信息输入内容成功
2020-02-03 13:16:32,063 - [basepage.py-->line:50] - INFO:等待私信页面_发送按钮可见
2020-02-03 13:16:32,125 - [basepage.py-->line:60] - INFO:等待私信页面_发送按钮可见成功，共等待0:00:00.061003
2020-02-03 13:16:32,125 - [basepage.py-->line:69] - INFO:查找私信页面_发送按钮可见
2020-02-03 13:16:32,149 - [basepage.py-->line:90] - INFO:点击私信页面_发送按钮元素
2020-02-03 13:16:32,562 - [basepage.py-->line:50] - INFO:等待私信页面_发空消息可见
2020-02-03 13:16:32,661 - [basepage.py-->line:60] - INFO:等待私信页面_发空消息可见成功，共等待0:00:00.098006
2020-02-03 13:16:32,661 - [basepage.py-->line:69] - INFO:查找私信页面_发空消息可见
2020-02-03 13:16:32,677 - [basepage.py-->line:130] - INFO:获取私信页面_发空消息文本内容
2020-02-03 13:16:32,703 - [basepage.py-->line:138] - INFO:私信页面_发空消息获取文本成功
2020-02-03 13:16:45,125 - [basepage.py-->line:50] - INFO:等待登录页面_手机号输入框可见
2020-02-03 13:16:45,200 - [basepage.py-->line:60] - INFO:等待登录页面_手机号输入框可见成功，共等待0:00:00.075004
2020-02-03 13:16:45,201 - [basepage.py-->line:69] - INFO:查找登录页面_手机号输入框可见
2020-02-03 13:16:45,456 - [basepage.py-->line:117] - INFO:登录页面_手机号输入框输入内容成功
2020-02-03 13:16:45,456 - [basepage.py-->line:50] - INFO:等待登录页面_密码输入框可见
2020-02-03 13:16:45,536 - [basepage.py-->line:60] - INFO:等待登录页面_密码输入框可见成功，共等待0:00:00.079004
2020-02-03 13:16:45,537 - [basepage.py-->line:69] - INFO:查找登录页面_密码输入框可见
2020-02-03 13:16:45,916 - [basepage.py-->line:117] - INFO:登录页面_密码输入框输入内容成功
2020-02-03 13:16:45,917 - [basepage.py-->line:50] - INFO:等待登录页面_登录按钮可见
2020-02-03 13:16:45,990 - [basepage.py-->line:60] - INFO:等待登录页面_登录按钮可见成功，共等待0:00:00.073004
2020-02-03 13:16:45,991 - [basepage.py-->line:69] - INFO:查找登录页面_登录按钮可见
2020-02-03 13:16:46,009 - [basepage.py-->line:90] - INFO:点击登录页面_登录按钮元素
2020-02-03 13:16:49,397 - [basepage.py-->line:50] - INFO:等待登录成功后_弹窗关闭按钮可见
2020-02-03 13:16:49,494 - [basepage.py-->line:60] - INFO:等待登录成功后_弹窗关闭按钮可见成功，共等待0:00:00.097006
2020-02-03 13:16:49,495 - [basepage.py-->line:69] - INFO:查找登录成功后_弹窗关闭按钮可见
2020-02-03 13:16:49,512 - [basepage.py-->line:90] - INFO:点击登录成功后_弹窗关闭按钮元素
2020-02-03 13:16:49,764 - [basepage.py-->line:50] - INFO:等待课程页面_私信按钮可见
2020-02-03 13:16:49,852 - [basepage.py-->line:60] - INFO:等待课程页面_私信按钮可见成功，共等待0:00:00.088005
2020-02-03 13:16:49,852 - [basepage.py-->line:69] - INFO:查找课程页面_私信按钮可见
2020-02-03 13:16:49,894 - [basepage.py-->line:90] - INFO:点击课程页面_私信按钮元素
2020-02-03 13:16:50,246 - [basepage.py-->line:196] - INFO:切换课程页面_切换私信窗口窗口成功
2020-02-03 13:16:50,248 - [basepage.py-->line:50] - INFO:等待私信页面_附件按钮可见
2020-02-03 13:16:51,520 - [basepage.py-->line:60] - INFO:等待私信页面_附件按钮可见成功，共等待0:00:01.271072
2020-02-03 13:16:51,521 - [basepage.py-->line:69] - INFO:查找私信页面_附件按钮可见
2020-02-03 13:16:51,635 - [basepage.py-->line:90] - INFO:点击私信页面_附件按钮元素
2020-02-03 13:16:54,182 - [basepage.py-->line:218] - INFO:开始上传文件
2020-02-03 13:16:54,233 - [basepage.py-->line:225] - INFO:上传文件成功
2020-02-03 13:16:57,234 - [basepage.py-->line:50] - INFO:等待文本元素可见
2020-02-03 13:16:57,308 - [basepage.py-->line:60] - INFO:等待文本元素可见成功，共等待0:00:00.073005
2020-02-03 13:16:57,309 - [basepage.py-->line:50] - INFO:等待私信页面_第一条私信可见
2020-02-03 13:16:57,365 - [basepage.py-->line:60] - INFO:等待私信页面_第一条私信可见成功，共等待0:00:00.056003
2020-02-03 13:16:57,366 - [basepage.py-->line:69] - INFO:查找私信页面_第一条私信可见
2020-02-03 13:16:57,391 - [basepage.py-->line:130] - INFO:获取私信页面_第一条私信文本内容
2020-02-03 13:16:57,461 - [basepage.py-->line:138] - INFO:私信页面_第一条私信获取文本成功
